** Alert 1701629233.87509: - windows,windows_security,authentication_success,gdpr_IV_32.2,gpg13_7.1,gpg13_7.2,hipaa_164.312.b,nist_800_53_AC.7,nist_800_53_AU.14,pci_dss_10.2.5,tsc_CC6.8,tsc_CC7.2,tsc_CC7.3,
2023 Dec 03 20:47:13 (DESKTOP-KHSEO47) any->EventChannel
Rule: 60106 (level 3) -> 'Windows logon success.'
{"win":{"system":{"providerName":"Microsoft-Windows-Security-Auditing","providerGuid":"{54849625-5478-4994-a5ba-3e3b0328c30d}","eventID":"4624","version":"3","level":"0","task":"12544","opcode":"0","keywords":"0x8020000000000000","systemTime":"2023-12-03T15:35:15.6579795Z","eventRecordID":"1040882","processID":"1528","threadID":"14076","channel":"Security","computer":"DESKTOP-KHSEO47","severityValue":"AUDIT_SUCCESS","message":"\"An account was successfully logged on.\r\n\r\nSubject:\r\n\tSecurity ID:\t\tS-1-5-18\r\n\tAccount Name:\t\tDESKTOP-KHSEO47$\r\n\tAccount Domain:\t\tWORKGROUP\r\n\tLogon ID:\t\t0x3E7\r\n\r\nLogon Information:\r\n\tLogon Type:\t\t5\r\n\tRestricted Admin Mode:\t-\r\n\tRemote Credential Guard:\t-\r\n\tVirtual Account:\t\tNo\r\n\tElevated Token:\t\tYes\r\n\r\nImpersonation Level:\t\tImpersonation\r\n\r\nNew Logon:\r\n\tSecurity ID:\t\tS-1-5-18\r\n\tAccount Name:\t\tSYSTEM\r\n\tAccount Domain:\t\tNT AUTHORITY\r\n\tLogon ID:\t\t0x3E7\r\n\tLinked Logon ID:\t\t0x0\r\n\tNetwork Account Name:\t-\r\n\tNetwork Account Domain:\t-\r\n\tLogon GUID:\t\t{00000000-0000-0000-0000-000000000000}\r\n\r\nProcess Information:\r\n\tProcess ID:\t\t0x5cc\r\n\tProcess Name:\t\tC:\\Windows\\System32\\services.exe\r\n\r\nNetwork Information:\r\n\tWorkstation Name:\t-\r\n\tSource Network Address:\t-\r\n\tSource Port:\t\t-\r\n\r\nDetailed Authentication Information:\r\n\tLogon Process:\t\tAdvapi  \r\n\tAuthentication Package:\tNegotiate\r\n\tTransited Services:\t-\r\n\tPackage Name (NTLM only):\t-\r\n\tKey Length:\t\t0\r\n\r\nThis event is generated when a logon session is created. It is generated on the computer that was accessed.\r\n\r\nThe subject fields indicate the account on the local system which requested the logon. This is most commonly a service such as the Server service, or a local process such as Winlogon.exe or Services.exe.\r\n\r\nThe logon type field indicates the kind of logon that occurred. The most common types are 2 (interactive) and 3 (network).\r\n\r\nThe New Logon fields indicate the account for whom the new logon was created, i.e. the account that was logged on.\r\n\r\nThe network fields indicate where a remote logon request originated. Workstation name is not always available and may be left blank in some cases.\r\n\r\nThe impersonation level field indicates the extent to which a process in the logon session can impersonate.\r\n\r\nThe authentication information fields provide detailed information about this specific logon request.\r\n\t- Logon GUID is a unique identifier that can be used to correlate this event with a KDC event.\r\n\t- Transited services indicate which intermediate services have participated in this logon request.\r\n\t- Package name indicates which sub-protocol was used among the NTLM protocols.\r\n\t- Key length indicates the length of the generated session key. This will be 0 if no session key was requested.\""},"eventdata":{"subjectUserSid":"S-1-5-18","subjectUserName":"DESKTOP-KHSEO47$","subjectDomainName":"WORKGROUP","subjectLogonId":"0x3e7","targetUserSid":"S-1-5-18","targetUserName":"SYSTEM","targetDomainName":"NT AUTHORITY","targetLogonId":"0x3e7","logonType":"5","logonProcessName":"Advapi","authenticationPackageName":"Negotiate","logonGuid":"{00000000-0000-0000-0000-000000000000}","keyLength":"0","processId":"0x5cc","processName":"C:\\\\Windows\\\\System32\\\\services.exe","impersonationLevel":"%%1833","virtualAccount":"%%1843","targetLinkedLogonId":"0x0","elevatedToken":"%%1842"}}}
win.system.providerName: Microsoft-Windows-Security-Auditing
win.system.providerGuid: {54849625-5478-4994-a5ba-3e3b0328c30d}
win.system.eventID: 4624
win.system.version: 3
win.system.level: 0
win.system.task: 12544
win.system.opcode: 0
win.system.keywords: 0x8020000000000000
win.system.systemTime: 2023-12-03T15:35:15.6579795Z
win.system.eventRecordID: 1040882
win.system.processID: 1528
win.system.threadID: 14076
win.system.channel: Security
win.system.computer: DESKTOP-KHSEO47
win.system.severityValue: AUDIT_SUCCESS
win.system.message: "An account was successfully logged on.

Subject:
	Security ID:		S-1-5-18
	Account Name:		DESKTOP-KHSEO47$
	Account Domain:		WORKGROUP
	Logon ID:		0x3E7

Logon Information:
	Logon Type:		5
	Restricted Admin Mode:	-
	Remote Credential Guard:	-
	Virtual Account:		No
	Elevated Token:		Yes

Impersonation Level:		Impersonation

New Logon:
	Security ID:		S-1-5-18
	Account Name:		SYSTEM
	Account Domain:		NT AUTHORITY
	Logon ID:		0x3E7
	Linked Logon ID:		0x0
	Network Account Name:	-
	Network Account Domain:	-
	Logon GUID:		{00000000-0000-0000-0000-000000000000}

Process Information:
	Process ID:		0x5cc
	Process Name:		C:\Windows\System32\services.exe

Network Information:
	Workstation Name:	-
	Source Network Address:	-
	Source Port:		-

Detailed Authentication Information:
	Logon Process:		Advapi  
	Authentication Package:	Negotiate
	Transited Services:	-
	Package Name (NTLM only):	-
	Key Length:		0

This event is generated when a logon session is created. It is generated on the computer that was accessed.

The subject fields indicate the account on the local system which requested the logon. This is most commonly a service such as the Server service, or a local process such as Winlogon.exe or Services.exe.

The logon type field indicates the kind of logon that occurred. The most common types are 2 (interactive) and 3 (network).

The New Logon fields indicate the account for whom the new logon was created, i.e. the account that was logged on.

The network fields indicate where a remote logon request originated. Workstation name is not always available and may be left blank in some cases.

The impersonation level field indicates the extent to which a process in the logon session can impersonate.

The authentication information fields provide detailed information about this specific logon request.
	- Logon GUID is a unique identifier that can be used to correlate this event with a KDC event.
	- Transited services indicate which intermediate services have participated in this logon request.
	- Package name indicates which sub-protocol was used among the NTLM protocols.
	- Key length indicates the length of the generated session key. This will be 0 if no session key was requested."
win.eventdata.subjectUserSid: S-1-5-18
win.eventdata.subjectUserName: DESKTOP-KHSEO47$
win.eventdata.subjectDomainName: WORKGROUP
win.eventdata.subjectLogonId: 0x3e7
win.eventdata.targetUserSid: S-1-5-18
win.eventdata.targetUserName: SYSTEM
win.eventdata.targetDomainName: NT AUTHORITY
win.eventdata.targetLogonId: 0x3e7
win.eventdata.logonType: 5
win.eventdata.logonProcessName: Advapi
win.eventdata.authenticationPackageName: Negotiate
win.eventdata.logonGuid: {00000000-0000-0000-0000-000000000000}
win.eventdata.keyLength: 0
win.eventdata.processId: 0x5cc
win.eventdata.processName: C:\\Windows\\System32\\services.exe
win.eventdata.impersonationLevel: %%1833
win.eventdata.virtualAccount: %%1843
win.eventdata.targetLinkedLogonId: 0x0
win.eventdata.elevatedToken: %%1842

** Alert 1701629233.94901: - windows,windows_security,account_changed,gdpr_IV_32.2,gdpr_IV_35.7.d,gpg13_7.10,hipaa_164.312.a.2.I,hipaa_164.312.a.2.II,hipaa_164.312.b,nist_800_53_AC.2,nist_800_53_AC.7,nist_800_53_AU.14,nist_800_53_IA.4,pci_dss_10.2.5,pci_dss_8.1.2,tsc_CC6.8,tsc_CC7.2,tsc_CC7.3,
2023 Dec 03 20:47:13 (DESKTOP-KHSEO47) any->EventChannel
Rule: 60110 (level 8) -> 'User account changed.'
{"win":{"system":{"providerName":"Microsoft-Windows-Security-Auditing","providerGuid":"{54849625-5478-4994-a5ba-3e3b0328c30d}","eventID":"4738","version":"0","level":"0","task":"13824","opcode":"0","keywords":"0x8020000000000000","systemTime":"2023-12-03T15:35:21.4562811Z","eventRecordID":"1040897","processID":"1528","threadID":"18804","channel":"Security","computer":"DESKTOP-KHSEO47","severityValue":"AUDIT_SUCCESS","message":"\"A user account was changed.\r\n\r\nSubject:\r\n\tSecurity ID:\t\tS-1-5-18\r\n\tAccount Name:\t\tDESKTOP-KHSEO47$\r\n\tAccount Domain:\t\tWORKGROUP\r\n\tLogon ID:\t\t0x3E7\r\n\r\nTarget Account:\r\n\tSecurity ID:\t\tS-1-5-21-2287882887-1249231905-139361478-1001\r\n\tAccount Name:\t\tevgen\r\n\tAccount Domain:\t\tDESKTOP-KHSEO47\r\n\r\nChanged Attributes:\r\n\tSAM Account Name:\t-\r\n\tDisplay Name:\t\tEvgenia Grigorova\r\n\tUser Principal Name:\t-\r\n\tHome Directory:\t\t-\r\n\tHome Drive:\t\t-\r\n\tScript Path:\t\t-\r\n\tProfile Path:\t\t-\r\n\tUser Workstations:\t-\r\n\tPassword Last Set:\t-\r\n\tAccount Expires:\t\t-\r\n\tPrimary Group ID:\t-\r\n\tAllowedToDelegateTo:\t-\r\n\tOld UAC Value:\t\t-\r\n\tNew UAC Value:\t\t-\r\n\tUser Account Control:\t-\r\n\tUser Parameters:\t-\r\n\tSID History:\t\t-\r\n\tLogon Hours:\t\t-\r\n\r\nAdditional Information:\r\n\tPrivileges:\t\t-\""},"eventdata":{"targetUserName":"evgen","targetDomainName":"DESKTOP-KHSEO47","targetSid":"S-1-5-21-2287882887-1249231905-139361478-1001","subjectUserSid":"S-1-5-18","subjectUserName":"DESKTOP-KHSEO47$","subjectDomainName":"WORKGROUP","subjectLogonId":"0x3e7","displayName":"Evgenia Grigorova"}}}
win.system.providerName: Microsoft-Windows-Security-Auditing
win.system.providerGuid: {54849625-5478-4994-a5ba-3e3b0328c30d}
win.system.eventID: 4738
win.system.version: 0
win.system.level: 0
win.system.task: 13824
win.system.opcode: 0
win.system.keywords: 0x8020000000000000
win.system.systemTime: 2023-12-03T15:35:21.4562811Z
win.system.eventRecordID: 1040897
win.system.processID: 1528
win.system.threadID: 18804
win.system.channel: Security
win.system.computer: DESKTOP-KHSEO47
win.system.severityValue: AUDIT_SUCCESS
win.system.message: "A user account was changed.

Subject:
	Security ID:		S-1-5-18
	Account Name:		DESKTOP-KHSEO47$
	Account Domain:		WORKGROUP
	Logon ID:		0x3E7

Target Account:
	Security ID:		S-1-5-21-2287882887-1249231905-139361478-1001
	Account Name:		evgen
	Account Domain:		DESKTOP-KHSEO47

Changed Attributes:
	SAM Account Name:	-
	Display Name:		Evgenia Grigorova
	User Principal Name:	-
	Home Directory:		-
	Home Drive:		-
	Script Path:		-
	Profile Path:		-
	User Workstations:	-
	Password Last Set:	-
	Account Expires:		-
	Primary Group ID:	-
	AllowedToDelegateTo:	-
	Old UAC Value:		-
	New UAC Value:		-
	User Account Control:	-
	User Parameters:	-
	SID History:		-
	Logon Hours:		-

Additional Information:
	Privileges:		-"
win.eventdata.targetUserName: evgen
win.eventdata.targetDomainName: DESKTOP-KHSEO47
win.eventdata.targetSid: S-1-5-21-2287882887-1249231905-139361478-1001
win.eventdata.subjectUserSid: S-1-5-18
win.eventdata.subjectUserName: DESKTOP-KHSEO47$
win.eventdata.subjectDomainName: WORKGROUP
win.eventdata.subjectLogonId: 0x3e7
win.eventdata.displayName: Evgenia Grigorova

** Alert 1701629233.98578: - windows,windows_security,authentication_success,gdpr_IV_32.2,gpg13_7.1,gpg13_7.2,hipaa_164.312.b,nist_800_53_AC.7,nist_800_53_AU.14,pci_dss_10.2.5,tsc_CC6.8,tsc_CC7.2,tsc_CC7.3,
2023 Dec 03 20:47:13 (DESKTOP-KHSEO47) any->EventChannel
Rule: 60106 (level 3) -> 'Windows logon success.'
{"win":{"system":{"providerName":"Microsoft-Windows-Security-Auditing","providerGuid":"{54849625-5478-4994-a5ba-3e3b0328c30d}","eventID":"4624","version":"3","level":"0","task":"12544","opcode":"0","keywords":"0x8020000000000000","systemTime":"2023-12-03T15:35:21.4633416Z","eventRecordID":"1040899","processID":"1528","threadID":"18804","channel":"Security","computer":"DESKTOP-KHSEO47","severityValue":"AUDIT_SUCCESS","message":"\"An account was successfully logged on.\r\n\r\nSubject:\r\n\tSecurity ID:\t\tS-1-5-18\r\n\tAccount Name:\t\tDESKTOP-KHSEO47$\r\n\tAccount Domain:\t\tWORKGROUP\r\n\tLogon ID:\t\t0x3E7\r\n\r\nLogon Information:\r\n\tLogon Type:\t\t11\r\n\tRestricted Admin Mode:\t-\r\n\tRemote Credential Guard:\t-\r\n\tVirtual Account:\t\tNo\r\n\tElevated Token:\t\tYes\r\n\r\nImpersonation Level:\t\tImpersonation\r\n\r\nNew Logon:\r\n\tSecurity ID:\t\tS-1-5-21-2287882887-1249231905-139361478-1001\r\n\tAccount Name:\t\tevgeniq.grigorova99@gmail.com\r\n\tAccount Domain:\t\tMicrosoftAccount\r\n\tLogon ID:\t\t0xF690B65\r\n\tLinked Logon ID:\t\t0xF690BC5\r\n\tNetwork Account Name:\t-\r\n\tNetwork Account Domain:\t-\r\n\tLogon GUID:\t\t{00000000-0000-0000-0000-000000000000}\r\n\r\nProcess Information:\r\n\tProcess ID:\t\t0xa84\r\n\tProcess Name:\t\tC:\\Windows\\System32\\svchost.exe\r\n\r\nNetwork Information:\r\n\tWorkstation Name:\tDESKTOP-KHSEO47\r\n\tSource Network Address:\t127.0.0.1\r\n\tSource Port:\t\t0\r\n\r\nDetailed Authentication Information:\r\n\tLogon Process:\t\tUser32 \r\n\tAuthentication Package:\tNegotiate\r\n\tTransited Services:\t-\r\n\tPackage Name (NTLM only):\t-\r\n\tKey Length:\t\t0\r\n\r\nThis event is generated when a logon session is created. It is generated on the computer that was accessed.\r\n\r\nThe subject fields indicate the account on the local system which requested the logon. This is most commonly a service such as the Server service, or a local process such as Winlogon.exe or Services.exe.\r\n\r\nThe logon type field indicates the kind of logon that occurred. The most common types are 2 (interactive) and 3 (network).\r\n\r\nThe New Logon fields indicate the account for whom the new logon was created, i.e. the account that was logged on.\r\n\r\nThe network fields indicate where a remote logon request originated. Workstation name is not always available and may be left blank in some cases.\r\n\r\nThe impersonation level field indicates the extent to which a process in the logon session can impersonate.\r\n\r\nThe authentication information fields provide detailed information about this specific logon request.\r\n\t- Logon GUID is a unique identifier that can be used to correlate this event with a KDC event.\r\n\t- Transited services indicate which intermediate services have participated in this logon request.\r\n\t- Package name indicates which sub-protocol was used among the NTLM protocols.\r\n\t- Key length indicates the length of the generated session key. This will be 0 if no session key was requested.\""},"eventdata":{"subjectUserSid":"S-1-5-18","subjectUserName":"DESKTOP-KHSEO47$","subjectDomainName":"WORKGROUP","subjectLogonId":"0x3e7","targetUserSid":"S-1-5-21-2287882887-1249231905-139361478-1001","targetUserName":"evgeniq.grigorova99@gmail.com","targetDomainName":"MicrosoftAccount","targetLogonId":"0xf690b65","logonType":"11","logonProcessName":"User32","authenticationPackageName":"Negotiate","workstationName":"DESKTOP-KHSEO47","logonGuid":"{00000000-0000-0000-0000-000000000000}","keyLength":"0","processId":"0xa84","processName":"C:\\\\Windows\\\\System32\\\\svchost.exe","ipAddress":"127.0.0.1","ipPort":"0","impersonationLevel":"%%1833","virtualAccount":"%%1843","targetLinkedLogonId":"0xf690bc5","elevatedToken":"%%1842"}}}
win.system.providerName: Microsoft-Windows-Security-Auditing
win.system.providerGuid: {54849625-5478-4994-a5ba-3e3b0328c30d}
win.system.eventID: 4624
win.system.version: 3
win.system.level: 0
win.system.task: 12544
win.system.opcode: 0
win.system.keywords: 0x8020000000000000
win.system.systemTime: 2023-12-03T15:35:21.4633416Z
win.system.eventRecordID: 1040899
win.system.processID: 1528
win.system.threadID: 18804
win.system.channel: Security
win.system.computer: DESKTOP-KHSEO47
win.system.severityValue: AUDIT_SUCCESS
win.system.message: "An account was successfully logged on.

Subject:
	Security ID:		S-1-5-18
	Account Name:		DESKTOP-KHSEO47$
	Account Domain:		WORKGROUP
	Logon ID:		0x3E7

Logon Information:
	Logon Type:		11
	Restricted Admin Mode:	-
	Remote Credential Guard:	-
	Virtual Account:		No
	Elevated Token:		Yes

Impersonation Level:		Impersonation

New Logon:
	Security ID:		S-1-5-21-2287882887-1249231905-139361478-1001
	Account Name:		evgeniq.grigorova99@gmail.com
	Account Domain:		MicrosoftAccount
	Logon ID:		0xF690B65
	Linked Logon ID:		0xF690BC5
	Network Account Name:	-
	Network Account Domain:	-
	Logon GUID:		{00000000-0000-0000-0000-000000000000}

Process Information:
	Process ID:		0xa84
	Process Name:		C:\Windows\System32\svchost.exe

Network Information:
	Workstation Name:	DESKTOP-KHSEO47
	Source Network Address:	127.0.0.1
	Source Port:		0

Detailed Authentication Information:
	Logon Process:		User32 
	Authentication Package:	Negotiate
	Transited Services:	-
	Package Name (NTLM only):	-
	Key Length:		0

This event is generated when a logon session is created. It is generated on the computer that was accessed.

The subject fields indicate the account on the local system which requested the logon. This is most commonly a service such as the Server service, or a local process such as Winlogon.exe or Services.exe.

The logon type field indicates the kind of logon that occurred. The most common types are 2 (interactive) and 3 (network).

The New Logon fields indicate the account for whom the new logon was created, i.e. the account that was logged on.

The network fields indicate where a remote logon request originated. Workstation name is not always available and may be left blank in some cases.

The impersonation level field indicates the extent to which a process in the logon session can impersonate.

The authentication information fields provide detailed information about this specific logon request.
	- Logon GUID is a unique identifier that can be used to correlate this event with a KDC event.
	- Transited services indicate which intermediate services have participated in this logon request.
	- Package name indicates which sub-protocol was used among the NTLM protocols.
	- Key length indicates the length of the generated session key. This will be 0 if no session key was requested."
win.eventdata.subjectUserSid: S-1-5-18
win.eventdata.subjectUserName: DESKTOP-KHSEO47$
win.eventdata.subjectDomainName: WORKGROUP
win.eventdata.subjectLogonId: 0x3e7
win.eventdata.targetUserSid: S-1-5-21-2287882887-1249231905-139361478-1001
win.eventdata.targetUserName: evgeniq.grigorova99@gmail.com
win.eventdata.targetDomainName: MicrosoftAccount
win.eventdata.targetLogonId: 0xf690b65
win.eventdata.logonType: 11
win.eventdata.logonProcessName: User32
win.eventdata.authenticationPackageName: Negotiate
win.eventdata.workstationName: DESKTOP-KHSEO47
win.eventdata.logonGuid: {00000000-0000-0000-0000-000000000000}
win.eventdata.keyLength: 0
win.eventdata.processId: 0xa84
win.eventdata.processName: C:\\Windows\\System32\\svchost.exe
win.eventdata.ipAddress: 127.0.0.1
win.eventdata.ipPort: 0
win.eventdata.impersonationLevel: %%1833
win.eventdata.virtualAccount: %%1843
win.eventdata.targetLinkedLogonId: 0xf690bc5
win.eventdata.elevatedToken: %%1842

** Alert 1701629233.106487: - windows,windows_security,authentication_success,gdpr_IV_32.2,gpg13_7.1,gpg13_7.2,hipaa_164.312.b,nist_800_53_AC.7,nist_800_53_AU.14,pci_dss_10.2.5,tsc_CC6.8,tsc_CC7.2,tsc_CC7.3,
2023 Dec 03 20:47:13 (DESKTOP-KHSEO47) any->EventChannel
Rule: 60106 (level 3) -> 'Windows logon success.'
{"win":{"system":{"providerName":"Microsoft-Windows-Security-Auditing","providerGuid":"{54849625-5478-4994-a5ba-3e3b0328c30d}","eventID":"4624","version":"3","level":"0","task":"12544","opcode":"0","keywords":"0x8020000000000000","systemTime":"2023-12-03T15:35:21.4633744Z","eventRecordID":"1040900","processID":"1528","threadID":"18804","channel":"Security","computer":"DESKTOP-KHSEO47","severityValue":"AUDIT_SUCCESS","message":"\"An account was successfully logged on.\r\n\r\nSubject:\r\n\tSecurity ID:\t\tS-1-5-18\r\n\tAccount Name:\t\tDESKTOP-KHSEO47$\r\n\tAccount Domain:\t\tWORKGROUP\r\n\tLogon ID:\t\t0x3E7\r\n\r\nLogon Information:\r\n\tLogon Type:\t\t11\r\n\tRestricted Admin Mode:\t-\r\n\tRemote Credential Guard:\t-\r\n\tVirtual Account:\t\tNo\r\n\tElevated Token:\t\tNo\r\n\r\nImpersonation Level:\t\tImpersonation\r\n\r\nNew Logon:\r\n\tSecurity ID:\t\tS-1-5-21-2287882887-1249231905-139361478-1001\r\n\tAccount Name:\t\tevgeniq.grigorova99@gmail.com\r\n\tAccount Domain:\t\tMicrosoftAccount\r\n\tLogon ID:\t\t0xF690BC5\r\n\tLinked Logon ID:\t\t0xF690B65\r\n\tNetwork Account Name:\t-\r\n\tNetwork Account Domain:\t-\r\n\tLogon GUID:\t\t{00000000-0000-0000-0000-000000000000}\r\n\r\nProcess Information:\r\n\tProcess ID:\t\t0xa84\r\n\tProcess Name:\t\tC:\\Windows\\System32\\svchost.exe\r\n\r\nNetwork Information:\r\n\tWorkstation Name:\tDESKTOP-KHSEO47\r\n\tSource Network Address:\t127.0.0.1\r\n\tSource Port:\t\t0\r\n\r\nDetailed Authentication Information:\r\n\tLogon Process:\t\tUser32 \r\n\tAuthentication Package:\tNegotiate\r\n\tTransited Services:\t-\r\n\tPackage Name (NTLM only):\t-\r\n\tKey Length:\t\t0\r\n\r\nThis event is generated when a logon session is created. It is generated on the computer that was accessed.\r\n\r\nThe subject fields indicate the account on the local system which requested the logon. This is most commonly a service such as the Server service, or a local process such as Winlogon.exe or Services.exe.\r\n\r\nThe logon type field indicates the kind of logon that occurred. The most common types are 2 (interactive) and 3 (network).\r\n\r\nThe New Logon fields indicate the account for whom the new logon was created, i.e. the account that was logged on.\r\n\r\nThe network fields indicate where a remote logon request originated. Workstation name is not always available and may be left blank in some cases.\r\n\r\nThe impersonation level field indicates the extent to which a process in the logon session can impersonate.\r\n\r\nThe authentication information fields provide detailed information about this specific logon request.\r\n\t- Logon GUID is a unique identifier that can be used to correlate this event with a KDC event.\r\n\t- Transited services indicate which intermediate services have participated in this logon request.\r\n\t- Package name indicates which sub-protocol was used among the NTLM protocols.\r\n\t- Key length indicates the length of the generated session key. This will be 0 if no session key was requested.\""},"eventdata":{"subjectUserSid":"S-1-5-18","subjectUserName":"DESKTOP-KHSEO47$","subjectDomainName":"WORKGROUP","subjectLogonId":"0x3e7","targetUserSid":"S-1-5-21-2287882887-1249231905-139361478-1001","targetUserName":"evgeniq.grigorova99@gmail.com","targetDomainName":"MicrosoftAccount","targetLogonId":"0xf690bc5","logonType":"11","logonProcessName":"User32","authenticationPackageName":"Negotiate","workstationName":"DESKTOP-KHSEO47","logonGuid":"{00000000-0000-0000-0000-000000000000}","keyLength":"0","processId":"0xa84","processName":"C:\\\\Windows\\\\System32\\\\svchost.exe","ipAddress":"127.0.0.1","ipPort":"0","impersonationLevel":"%%1833","virtualAccount":"%%1843","targetLinkedLogonId":"0xf690b65","elevatedToken":"%%1843"}}}
win.system.providerName: Microsoft-Windows-Security-Auditing
win.system.providerGuid: {54849625-5478-4994-a5ba-3e3b0328c30d}
win.system.eventID: 4624
win.system.version: 3
win.system.level: 0
win.system.task: 12544
win.system.opcode: 0
win.system.keywords: 0x8020000000000000
win.system.systemTime: 2023-12-03T15:35:21.4633744Z
win.system.eventRecordID: 1040900
win.system.processID: 1528
win.system.threadID: 18804
win.system.channel: Security
win.system.computer: DESKTOP-KHSEO47
win.system.severityValue: AUDIT_SUCCESS
win.system.message: "An account was successfully logged on.

Subject:
	Security ID:		S-1-5-18
	Account Name:		DESKTOP-KHSEO47$
	Account Domain:		WORKGROUP
	Logon ID:		0x3E7

Logon Information:
	Logon Type:		11
	Restricted Admin Mode:	-
	Remote Credential Guard:	-
	Virtual Account:		No
	Elevated Token:		No

Impersonation Level:		Impersonation

New Logon:
	Security ID:		S-1-5-21-2287882887-1249231905-139361478-1001
	Account Name:		evgeniq.grigorova99@gmail.com
	Account Domain:		MicrosoftAccount
	Logon ID:		0xF690BC5
	Linked Logon ID:		0xF690B65
	Network Account Name:	-
	Network Account Domain:	-
	Logon GUID:		{00000000-0000-0000-0000-000000000000}

Process Information:
	Process ID:		0xa84
	Process Name:		C:\Windows\System32\svchost.exe

Network Information:
	Workstation Name:	DESKTOP-KHSEO47
	Source Network Address:	127.0.0.1
	Source Port:		0

Detailed Authentication Information:
	Logon Process:		User32 
	Authentication Package:	Negotiate
	Transited Services:	-
	Package Name (NTLM only):	-
	Key Length:		0

This event is generated when a logon session is created. It is generated on the computer that was accessed.

The subject fields indicate the account on the local system which requested the logon. This is most commonly a service such as the Server service, or a local process such as Winlogon.exe or Services.exe.

The logon type field indicates the kind of logon that occurred. The most common types are 2 (interactive) and 3 (network).

The New Logon fields indicate the account for whom the new logon was created, i.e. the account that was logged on.

The network fields indicate where a remote logon request originated. Workstation name is not always available and may be left blank in some cases.

The impersonation level field indicates the extent to which a process in the logon session can impersonate.

The authentication information fields provide detailed information about this specific logon request.
	- Logon GUID is a unique identifier that can be used to correlate this event with a KDC event.
	- Transited services indicate which intermediate services have participated in this logon request.
	- Package name indicates which sub-protocol was used among the NTLM protocols.
	- Key length indicates the length of the generated session key. This will be 0 if no session key was requested."
win.eventdata.subjectUserSid: S-1-5-18
win.eventdata.subjectUserName: DESKTOP-KHSEO47$
win.eventdata.subjectDomainName: WORKGROUP
win.eventdata.subjectLogonId: 0x3e7
win.eventdata.targetUserSid: S-1-5-21-2287882887-1249231905-139361478-1001
win.eventdata.targetUserName: evgeniq.grigorova99@gmail.com
win.eventdata.targetDomainName: MicrosoftAccount
win.eventdata.targetLogonId: 0xf690bc5
win.eventdata.logonType: 11
win.eventdata.logonProcessName: User32
win.eventdata.authenticationPackageName: Negotiate
win.eventdata.workstationName: DESKTOP-KHSEO47
win.eventdata.logonGuid: {00000000-0000-0000-0000-000000000000}
win.eventdata.keyLength: 0
win.eventdata.processId: 0xa84
win.eventdata.processName: C:\\Windows\\System32\\svchost.exe
win.eventdata.ipAddress: 127.0.0.1
win.eventdata.ipPort: 0
win.eventdata.impersonationLevel: %%1833
win.eventdata.virtualAccount: %%1843
win.eventdata.targetLinkedLogonId: 0xf690b65
win.eventdata.elevatedToken: %%1843

** Alert 1701629233.114395: - windows,windows_security,account_changed,gdpr_IV_32.2,gdpr_IV_35.7.d,gpg13_7.10,hipaa_164.312.a.2.I,hipaa_164.312.a.2.II,hipaa_164.312.b,nist_800_53_AC.2,nist_800_53_AC.7,nist_800_53_AU.14,nist_800_53_IA.4,pci_dss_10.2.5,pci_dss_8.1.2,tsc_CC6.8,tsc_CC7.2,tsc_CC7.3,
2023 Dec 03 20:47:13 (DESKTOP-KHSEO47) any->EventChannel
Rule: 60110 (level 8) -> 'User account changed.'
{"win":{"system":{"providerName":"Microsoft-Windows-Security-Auditing","providerGuid":"{54849625-5478-4994-a5ba-3e3b0328c30d}","eventID":"4738","version":"0","level":"0","task":"13824","opcode":"0","keywords":"0x8020000000000000","systemTime":"2023-12-03T15:35:21.5021608Z","eventRecordID":"1040905","processID":"1528","threadID":"29516","channel":"Security","computer":"DESKTOP-KHSEO47","severityValue":"AUDIT_SUCCESS","message":"\"A user account was changed.\r\n\r\nSubject:\r\n\tSecurity ID:\t\tS-1-5-18\r\n\tAccount Name:\t\tDESKTOP-KHSEO47$\r\n\tAccount Domain:\t\tWORKGROUP\r\n\tLogon ID:\t\t0x3E7\r\n\r\nTarget Account:\r\n\tSecurity ID:\t\tS-1-5-21-2287882887-1249231905-139361478-1001\r\n\tAccount Name:\t\tevgen\r\n\tAccount Domain:\t\tDESKTOP-KHSEO47\r\n\r\nChanged Attributes:\r\n\tSAM Account Name:\t-\r\n\tDisplay Name:\t\tEvgenia Grigorova\r\n\tUser Principal Name:\t-\r\n\tHome Directory:\t\t-\r\n\tHome Drive:\t\t-\r\n\tScript Path:\t\t-\r\n\tProfile Path:\t\t-\r\n\tUser Workstations:\t-\r\n\tPassword Last Set:\t-\r\n\tAccount Expires:\t\t-\r\n\tPrimary Group ID:\t-\r\n\tAllowedToDelegateTo:\t-\r\n\tOld UAC Value:\t\t-\r\n\tNew UAC Value:\t\t-\r\n\tUser Account Control:\t-\r\n\tUser Parameters:\t-\r\n\tSID History:\t\t-\r\n\tLogon Hours:\t\t-\r\n\r\nAdditional Information:\r\n\tPrivileges:\t\t-\""},"eventdata":{"targetUserName":"evgen","targetDomainName":"DESKTOP-KHSEO47","targetSid":"S-1-5-21-2287882887-1249231905-139361478-1001","subjectUserSid":"S-1-5-18","subjectUserName":"DESKTOP-KHSEO47$","subjectDomainName":"WORKGROUP","subjectLogonId":"0x3e7","displayName":"Evgenia Grigorova"}}}
win.system.providerName: Microsoft-Windows-Security-Auditing
win.system.providerGuid: {54849625-5478-4994-a5ba-3e3b0328c30d}
win.system.eventID: 4738
win.system.version: 0
win.system.level: 0
win.system.task: 13824
win.system.opcode: 0
win.system.keywords: 0x8020000000000000
win.system.systemTime: 2023-12-03T15:35:21.5021608Z
win.system.eventRecordID: 1040905
win.system.processID: 1528
win.system.threadID: 29516
win.system.channel: Security
win.system.computer: DESKTOP-KHSEO47
win.system.severityValue: AUDIT_SUCCESS
win.system.message: "A user account was changed.

Subject:
	Security ID:		S-1-5-18
	Account Name:		DESKTOP-KHSEO47$
	Account Domain:		WORKGROUP
	Logon ID:		0x3E7

Target Account:
	Security ID:		S-1-5-21-2287882887-1249231905-139361478-1001
	Account Name:		evgen
	Account Domain:		DESKTOP-KHSEO47

Changed Attributes:
	SAM Account Name:	-
	Display Name:		Evgenia Grigorova
	User Principal Name:	-
	Home Directory:		-
	Home Drive:		-
	Script Path:		-
	Profile Path:		-
	User Workstations:	-
	Password Last Set:	-
	Account Expires:		-
	Primary Group ID:	-
	AllowedToDelegateTo:	-
	Old UAC Value:		-
	New UAC Value:		-
	User Account Control:	-
	User Parameters:	-
	SID History:		-
	Logon Hours:		-

Additional Information:
	Privileges:		-"
win.eventdata.targetUserName: evgen
win.eventdata.targetDomainName: DESKTOP-KHSEO47
win.eventdata.targetSid: S-1-5-21-2287882887-1249231905-139361478-1001
win.eventdata.subjectUserSid: S-1-5-18
win.eventdata.subjectUserName: DESKTOP-KHSEO47$
win.eventdata.subjectDomainName: WORKGROUP
win.eventdata.subjectLogonId: 0x3e7
win.eventdata.displayName: Evgenia Grigorova

** Alert 1701629233.118073: - windows,windows_security,authentication_success,gdpr_IV_32.2,gpg13_7.1,gpg13_7.2,hipaa_164.312.b,nist_800_53_AC.7,nist_800_53_AU.14,pci_dss_10.2.5,tsc_CC6.8,tsc_CC7.2,tsc_CC7.3,
2023 Dec 03 20:47:13 (DESKTOP-KHSEO47) any->EventChannel
Rule: 60106 (level 3) -> 'Windows logon success.'
{"win":{"system":{"providerName":"Microsoft-Windows-Security-Auditing","providerGuid":"{54849625-5478-4994-a5ba-3e3b0328c30d}","eventID":"4624","version":"3","level":"0","task":"12544","opcode":"0","keywords":"0x8020000000000000","systemTime":"2023-12-03T15:35:21.5078632Z","eventRecordID":"1040907","processID":"1528","threadID":"29516","channel":"Security","computer":"DESKTOP-KHSEO47","severityValue":"AUDIT_SUCCESS","message":"\"An account was successfully logged on.\r\n\r\nSubject:\r\n\tSecurity ID:\t\tS-1-5-18\r\n\tAccount Name:\t\tDESKTOP-KHSEO47$\r\n\tAccount Domain:\t\tWORKGROUP\r\n\tLogon ID:\t\t0x3E7\r\n\r\nLogon Information:\r\n\tLogon Type:\t\t7\r\n\tRestricted Admin Mode:\t-\r\n\tRemote Credential Guard:\t-\r\n\tVirtual Account:\t\tNo\r\n\tElevated Token:\t\tYes\r\n\r\nImpersonation Level:\t\tImpersonation\r\n\r\nNew Logon:\r\n\tSecurity ID:\t\tS-1-5-21-2287882887-1249231905-139361478-1001\r\n\tAccount Name:\t\tevgeniq.grigorova99@gmail.com\r\n\tAccount Domain:\t\tMicrosoftAccount\r\n\tLogon ID:\t\t0xF69169E\r\n\tLinked Logon ID:\t\t0xF6917A0\r\n\tNetwork Account Name:\t-\r\n\tNetwork Account Domain:\t-\r\n\tLogon GUID:\t\t{00000000-0000-0000-0000-000000000000}\r\n\r\nProcess Information:\r\n\tProcess ID:\t\t0x5f8\r\n\tProcess Name:\t\tC:\\Windows\\System32\\lsass.exe\r\n\r\nNetwork Information:\r\n\tWorkstation Name:\tDESKTOP-KHSEO47\r\n\tSource Network Address:\t-\r\n\tSource Port:\t\t-\r\n\r\nDetailed Authentication Information:\r\n\tLogon Process:\t\tNegotiat\r\n\tAuthentication Package:\tNegotiate\r\n\tTransited Services:\t-\r\n\tPackage Name (NTLM only):\t-\r\n\tKey Length:\t\t0\r\n\r\nThis event is generated when a logon session is created. It is generated on the computer that was accessed.\r\n\r\nThe subject fields indicate the account on the local system which requested the logon. This is most commonly a service such as the Server service, or a local process such as Winlogon.exe or Services.exe.\r\n\r\nThe logon type field indicates the kind of logon that occurred. The most common types are 2 (interactive) and 3 (network).\r\n\r\nThe New Logon fields indicate the account for whom the new logon was created, i.e. the account that was logged on.\r\n\r\nThe network fields indicate where a remote logon request originated. Workstation name is not always available and may be left blank in some cases.\r\n\r\nThe impersonation level field indicates the extent to which a process in the logon session can impersonate.\r\n\r\nThe authentication information fields provide detailed information about this specific logon request.\r\n\t- Logon GUID is a unique identifier that can be used to correlate this event with a KDC event.\r\n\t- Transited services indicate which intermediate services have participated in this logon request.\r\n\t- Package name indicates which sub-protocol was used among the NTLM protocols.\r\n\t- Key length indicates the length of the generated session key. This will be 0 if no session key was requested.\""},"eventdata":{"subjectUserSid":"S-1-5-18","subjectUserName":"DESKTOP-KHSEO47$","subjectDomainName":"WORKGROUP","subjectLogonId":"0x3e7","targetUserSid":"S-1-5-21-2287882887-1249231905-139361478-1001","targetUserName":"evgeniq.grigorova99@gmail.com","targetDomainName":"MicrosoftAccount","targetLogonId":"0xf69169e","logonType":"7","logonProcessName":"Negotiat","authenticationPackageName":"Negotiate","workstationName":"DESKTOP-KHSEO47","logonGuid":"{00000000-0000-0000-0000-000000000000}","keyLength":"0","processId":"0x5f8","processName":"C:\\\\Windows\\\\System32\\\\lsass.exe","impersonationLevel":"%%1833","virtualAccount":"%%1843","targetLinkedLogonId":"0xf6917a0","elevatedToken":"%%1842"}}}
win.system.providerName: Microsoft-Windows-Security-Auditing
win.system.providerGuid: {54849625-5478-4994-a5ba-3e3b0328c30d}
win.system.eventID: 4624
win.system.version: 3
win.system.level: 0
win.system.task: 12544
win.system.opcode: 0
win.system.keywords: 0x8020000000000000
win.system.systemTime: 2023-12-03T15:35:21.5078632Z
win.system.eventRecordID: 1040907
win.system.processID: 1528
win.system.threadID: 29516
win.system.channel: Security
win.system.computer: DESKTOP-KHSEO47
win.system.severityValue: AUDIT_SUCCESS
win.system.message: "An account was successfully logged on.

Subject:
	Security ID:		S-1-5-18
	Account Name:		DESKTOP-KHSEO47$
	Account Domain:		WORKGROUP
	Logon ID:		0x3E7

Logon Information:
	Logon Type:		7
	Restricted Admin Mode:	-
	Remote Credential Guard:	-
	Virtual Account:		No
	Elevated Token:		Yes

Impersonation Level:		Impersonation

New Logon:
	Security ID:		S-1-5-21-2287882887-1249231905-139361478-1001
	Account Name:		evgeniq.grigorova99@gmail.com
	Account Domain:		MicrosoftAccount
	Logon ID:		0xF69169E
	Linked Logon ID:		0xF6917A0
	Network Account Name:	-
	Network Account Domain:	-
	Logon GUID:		{00000000-0000-0000-0000-000000000000}

Process Information:
	Process ID:		0x5f8
	Process Name:		C:\Windows\System32\lsass.exe

Network Information:
	Workstation Name:	DESKTOP-KHSEO47
	Source Network Address:	-
	Source Port:		-

Detailed Authentication Information:
	Logon Process:		Negotiat
	Authentication Package:	Negotiate
	Transited Services:	-
	Package Name (NTLM only):	-
	Key Length:		0

This event is generated when a logon session is created. It is generated on the computer that was accessed.

The subject fields indicate the account on the local system which requested the logon. This is most commonly a service such as the Server service, or a local process such as Winlogon.exe or Services.exe.

The logon type field indicates the kind of logon that occurred. The most common types are 2 (interactive) and 3 (network).

The New Logon fields indicate the account for whom the new logon was created, i.e. the account that was logged on.

The network fields indicate where a remote logon request originated. Workstation name is not always available and may be left blank in some cases.

The impersonation level field indicates the extent to which a process in the logon session can impersonate.

The authentication information fields provide detailed information about this specific logon request.
	- Logon GUID is a unique identifier that can be used to correlate this event with a KDC event.
	- Transited services indicate which intermediate services have participated in this logon request.
	- Package name indicates which sub-protocol was used among the NTLM protocols.
	- Key length indicates the length of the generated session key. This will be 0 if no session key was requested."
win.eventdata.subjectUserSid: S-1-5-18
win.eventdata.subjectUserName: DESKTOP-KHSEO47$
win.eventdata.subjectDomainName: WORKGROUP
win.eventdata.subjectLogonId: 0x3e7
win.eventdata.targetUserSid: S-1-5-21-2287882887-1249231905-139361478-1001
win.eventdata.targetUserName: evgeniq.grigorova99@gmail.com
win.eventdata.targetDomainName: MicrosoftAccount
win.eventdata.targetLogonId: 0xf69169e
win.eventdata.logonType: 7
win.eventdata.logonProcessName: Negotiat
win.eventdata.authenticationPackageName: Negotiate
win.eventdata.workstationName: DESKTOP-KHSEO47
win.eventdata.logonGuid: {00000000-0000-0000-0000-000000000000}
win.eventdata.keyLength: 0
win.eventdata.processId: 0x5f8
win.eventdata.processName: C:\\Windows\\System32\\lsass.exe
win.eventdata.impersonationLevel: %%1833
win.eventdata.virtualAccount: %%1843
win.eventdata.targetLinkedLogonId: 0xf6917a0
win.eventdata.elevatedToken: %%1842

** Alert 1701629233.125865: - windows,windows_security,authentication_success,gdpr_IV_32.2,gpg13_7.1,gpg13_7.2,hipaa_164.312.b,nist_800_53_AC.7,nist_800_53_AU.14,pci_dss_10.2.5,tsc_CC6.8,tsc_CC7.2,tsc_CC7.3,
2023 Dec 03 20:47:13 (DESKTOP-KHSEO47) any->EventChannel
Rule: 60106 (level 3) -> 'Windows logon success.'
{"win":{"system":{"providerName":"Microsoft-Windows-Security-Auditing","providerGuid":"{54849625-5478-4994-a5ba-3e3b0328c30d}","eventID":"4624","version":"3","level":"0","task":"12544","opcode":"0","keywords":"0x8020000000000000","systemTime":"2023-12-03T15:35:21.5078943Z","eventRecordID":"1040908","processID":"1528","threadID":"29516","channel":"Security","computer":"DESKTOP-KHSEO47","severityValue":"AUDIT_SUCCESS","message":"\"An account was successfully logged on.\r\n\r\nSubject:\r\n\tSecurity ID:\t\tS-1-5-18\r\n\tAccount Name:\t\tDESKTOP-KHSEO47$\r\n\tAccount Domain:\t\tWORKGROUP\r\n\tLogon ID:\t\t0x3E7\r\n\r\nLogon Information:\r\n\tLogon Type:\t\t7\r\n\tRestricted Admin Mode:\t-\r\n\tRemote Credential Guard:\t-\r\n\tVirtual Account:\t\tNo\r\n\tElevated Token:\t\tNo\r\n\r\nImpersonation Level:\t\tImpersonation\r\n\r\nNew Logon:\r\n\tSecurity ID:\t\tS-1-5-21-2287882887-1249231905-139361478-1001\r\n\tAccount Name:\t\tevgeniq.grigorova99@gmail.com\r\n\tAccount Domain:\t\tMicrosoftAccount\r\n\tLogon ID:\t\t0xF6917A0\r\n\tLinked Logon ID:\t\t0xF69169E\r\n\tNetwork Account Name:\t-\r\n\tNetwork Account Domain:\t-\r\n\tLogon GUID:\t\t{00000000-0000-0000-0000-000000000000}\r\n\r\nProcess Information:\r\n\tProcess ID:\t\t0x5f8\r\n\tProcess Name:\t\tC:\\Windows\\System32\\lsass.exe\r\n\r\nNetwork Information:\r\n\tWorkstation Name:\tDESKTOP-KHSEO47\r\n\tSource Network Address:\t-\r\n\tSource Port:\t\t-\r\n\r\nDetailed Authentication Information:\r\n\tLogon Process:\t\tNegotiat\r\n\tAuthentication Package:\tNegotiate\r\n\tTransited Services:\t-\r\n\tPackage Name (NTLM only):\t-\r\n\tKey Length:\t\t0\r\n\r\nThis event is generated when a logon session is created. It is generated on the computer that was accessed.\r\n\r\nThe subject fields indicate the account on the local system which requested the logon. This is most commonly a service such as the Server service, or a local process such as Winlogon.exe or Services.exe.\r\n\r\nThe logon type field indicates the kind of logon that occurred. The most common types are 2 (interactive) and 3 (network).\r\n\r\nThe New Logon fields indicate the account for whom the new logon was created, i.e. the account that was logged on.\r\n\r\nThe network fields indicate where a remote logon request originated. Workstation name is not always available and may be left blank in some cases.\r\n\r\nThe impersonation level field indicates the extent to which a process in the logon session can impersonate.\r\n\r\nThe authentication information fields provide detailed information about this specific logon request.\r\n\t- Logon GUID is a unique identifier that can be used to correlate this event with a KDC event.\r\n\t- Transited services indicate which intermediate services have participated in this logon request.\r\n\t- Package name indicates which sub-protocol was used among the NTLM protocols.\r\n\t- Key length indicates the length of the generated session key. This will be 0 if no session key was requested.\""},"eventdata":{"subjectUserSid":"S-1-5-18","subjectUserName":"DESKTOP-KHSEO47$","subjectDomainName":"WORKGROUP","subjectLogonId":"0x3e7","targetUserSid":"S-1-5-21-2287882887-1249231905-139361478-1001","targetUserName":"evgeniq.grigorova99@gmail.com","targetDomainName":"MicrosoftAccount","targetLogonId":"0xf6917a0","logonType":"7","logonProcessName":"Negotiat","authenticationPackageName":"Negotiate","workstationName":"DESKTOP-KHSEO47","logonGuid":"{00000000-0000-0000-0000-000000000000}","keyLength":"0","processId":"0x5f8","processName":"C:\\\\Windows\\\\System32\\\\lsass.exe","impersonationLevel":"%%1833","virtualAccount":"%%1843","targetLinkedLogonId":"0xf69169e","elevatedToken":"%%1843"}}}
win.system.providerName: Microsoft-Windows-Security-Auditing
win.system.providerGuid: {54849625-5478-4994-a5ba-3e3b0328c30d}
win.system.eventID: 4624
win.system.version: 3
win.system.level: 0
win.system.task: 12544
win.system.opcode: 0
win.system.keywords: 0x8020000000000000
win.system.systemTime: 2023-12-03T15:35:21.5078943Z
win.system.eventRecordID: 1040908
win.system.processID: 1528
win.system.threadID: 29516
win.system.channel: Security
win.system.computer: DESKTOP-KHSEO47
win.system.severityValue: AUDIT_SUCCESS
win.system.message: "An account was successfully logged on.

Subject:
	Security ID:		S-1-5-18
	Account Name:		DESKTOP-KHSEO47$
	Account Domain:		WORKGROUP
	Logon ID:		0x3E7

Logon Information:
	Logon Type:		7
	Restricted Admin Mode:	-
	Remote Credential Guard:	-
	Virtual Account:		No
	Elevated Token:		No

Impersonation Level:		Impersonation

New Logon:
	Security ID:		S-1-5-21-2287882887-1249231905-139361478-1001
	Account Name:		evgeniq.grigorova99@gmail.com
	Account Domain:		MicrosoftAccount
	Logon ID:		0xF6917A0
	Linked Logon ID:		0xF69169E
	Network Account Name:	-
	Network Account Domain:	-
	Logon GUID:		{00000000-0000-0000-0000-000000000000}

Process Information:
	Process ID:		0x5f8
	Process Name:		C:\Windows\System32\lsass.exe

Network Information:
	Workstation Name:	DESKTOP-KHSEO47
	Source Network Address:	-
	Source Port:		-

Detailed Authentication Information:
	Logon Process:		Negotiat
	Authentication Package:	Negotiate
	Transited Services:	-
	Package Name (NTLM only):	-
	Key Length:		0

This event is generated when a logon session is created. It is generated on the computer that was accessed.

The subject fields indicate the account on the local system which requested the logon. This is most commonly a service such as the Server service, or a local process such as Winlogon.exe or Services.exe.

The logon type field indicates the kind of logon that occurred. The most common types are 2 (interactive) and 3 (network).

The New Logon fields indicate the account for whom the new logon was created, i.e. the account that was logged on.

The network fields indicate where a remote logon request originated. Workstation name is not always available and may be left blank in some cases.

The impersonation level field indicates the extent to which a process in the logon session can impersonate.

The authentication information fields provide detailed information about this specific logon request.
	- Logon GUID is a unique identifier that can be used to correlate this event with a KDC event.
	- Transited services indicate which intermediate services have participated in this logon request.
	- Package name indicates which sub-protocol was used among the NTLM protocols.
	- Key length indicates the length of the generated session key. This will be 0 if no session key was requested."
win.eventdata.subjectUserSid: S-1-5-18
win.eventdata.subjectUserName: DESKTOP-KHSEO47$
win.eventdata.subjectDomainName: WORKGROUP
win.eventdata.subjectLogonId: 0x3e7
win.eventdata.targetUserSid: S-1-5-21-2287882887-1249231905-139361478-1001
win.eventdata.targetUserName: evgeniq.grigorova99@gmail.com
win.eventdata.targetDomainName: MicrosoftAccount
win.eventdata.targetLogonId: 0xf6917a0
win.eventdata.logonType: 7
win.eventdata.logonProcessName: Negotiat
win.eventdata.authenticationPackageName: Negotiate
win.eventdata.workstationName: DESKTOP-KHSEO47
win.eventdata.logonGuid: {00000000-0000-0000-0000-000000000000}
win.eventdata.keyLength: 0
win.eventdata.processId: 0x5f8
win.eventdata.processName: C:\\Windows\\System32\\lsass.exe
win.eventdata.impersonationLevel: %%1833
win.eventdata.virtualAccount: %%1843
win.eventdata.targetLinkedLogonId: 0xf69169e
win.eventdata.elevatedToken: %%1843

** Alert 1701629233.133655: - windows,windows_security,gdpr_IV_32.2,hipaa_164.312.b,nist_800_53_AC.7,nist_800_53_AU.14,pci_dss_10.2.5,tsc_CC6.8,tsc_CC7.2,tsc_CC7.3,
2023 Dec 03 20:47:13 (DESKTOP-KHSEO47) any->EventChannel
Rule: 60137 (level 3) -> 'Windows User Logoff.'
{"win":{"system":{"providerName":"Microsoft-Windows-Security-Auditing","providerGuid":"{54849625-5478-4994-a5ba-3e3b0328c30d}","eventID":"4634","version":"0","level":"0","task":"12545","opcode":"0","keywords":"0x8020000000000000","systemTime":"2023-12-03T15:35:21.5084310Z","eventRecordID":"1040910","processID":"1528","threadID":"18804","channel":"Security","computer":"DESKTOP-KHSEO47","severityValue":"AUDIT_SUCCESS","message":"\"An account was logged off.\r\n\r\nSubject:\r\n\tSecurity ID:\t\tS-1-5-21-2287882887-1249231905-139361478-1001\r\n\tAccount Name:\t\tevgen\r\n\tAccount Domain:\t\tDESKTOP-KHSEO47\r\n\tLogon ID:\t\t0xF6917A0\r\n\r\nLogon Type:\t\t\t7\r\n\r\nThis event is generated when a logon session is destroyed. It may be positively correlated with a logon event using the Logon ID value. Logon IDs are only unique between reboots on the same computer.\""},"eventdata":{"targetUserSid":"S-1-5-21-2287882887-1249231905-139361478-1001","targetUserName":"evgen","targetDomainName":"DESKTOP-KHSEO47","targetLogonId":"0xf6917a0","logonType":"7"}}}
win.system.providerName: Microsoft-Windows-Security-Auditing
win.system.providerGuid: {54849625-5478-4994-a5ba-3e3b0328c30d}
win.system.eventID: 4634
win.system.version: 0
win.system.level: 0
win.system.task: 12545
win.system.opcode: 0
win.system.keywords: 0x8020000000000000
win.system.systemTime: 2023-12-03T15:35:21.5084310Z
win.system.eventRecordID: 1040910
win.system.processID: 1528
win.system.threadID: 18804
win.system.channel: Security
win.system.computer: DESKTOP-KHSEO47
win.system.severityValue: AUDIT_SUCCESS
win.system.message: "An account was logged off.

Subject:
	Security ID:		S-1-5-21-2287882887-1249231905-139361478-1001
	Account Name:		evgen
	Account Domain:		DESKTOP-KHSEO47
	Logon ID:		0xF6917A0

Logon Type:			7

This event is generated when a logon session is destroyed. It may be positively correlated with a logon event using the Logon ID value. Logon IDs are only unique between reboots on the same computer."
win.eventdata.targetUserSid: S-1-5-21-2287882887-1249231905-139361478-1001
win.eventdata.targetUserName: evgen
win.eventdata.targetDomainName: DESKTOP-KHSEO47
win.eventdata.targetLogonId: 0xf6917a0
win.eventdata.logonType: 7

