** Alert 1701614480.0: - usb,gpg13_4.8,
2023 Dec 03 16:41:20 wazuh->/var/log/syslog
Rule: 81101 (level 3) -> 'Attached USB Storage'
Dec  3 16:41:18 wazuh kernel: [   69.060613] usb 1-1: New USB device found, idVendor=80ee, idProduct=0021, bcdDevice= 1.00

** Alert 1701614480.256: - usb,gpg13_4.8,
2023 Dec 03 16:41:20 wazuh->/var/log/kern.log
Rule: 81101 (level 3) -> 'Attached USB Storage'
Dec  3 16:41:18 wazuh kernel: [   69.060613] usb 1-1: New USB device found, idVendor=80ee, idProduct=0021, bcdDevice= 1.00

** Alert 1701614486.516: - pam,syslog,authentication_success,pci_dss_10.2.5,gpg13_7.8,gpg13_7.9,gdpr_IV_32.2,hipaa_164.312.b,nist_800_53_AU.14,nist_800_53_AC.7,tsc_CC6.8,tsc_CC7.2,tsc_CC7.3,
2023 Dec 03 16:41:26 wazuh->/var/log/auth.log
Rule: 5501 (level 3) -> 'PAM: Login session opened.'
User: wazuh(uid=1000)
Dec  3 16:41:25 wazuh systemd: pam_unix(systemd-user:session): session opened for user wazuh(uid=1000) by (uid=0)
uid: 0

** Alert 1701614489.950: - ossec,pci_dss_10.6.1,pci_dss_10.2.6,gpg13_10.1,gdpr_IV_35.7.d,hipaa_164.312.b,nist_800_53_AU.6,nist_800_53_AU.14,nist_800_53_AU.5,tsc_CC7.2,tsc_CC7.3,tsc_CC6.8,
2023 Dec 03 16:41:29 (ubuntu-22) any->wazuh-agent
Rule: 503 (level 3) -> 'Wazuh agent started.'
ossec: Agent started: 'ubuntu-22->any'.

** Alert 1701614489.1275: - ossec,rootcheck,pci_dss_10.6.1,gdpr_IV_35.7.d,
2023 Dec 03 16:41:29 (ubuntu-22) any->rootcheck
Rule: 510 (level 7) -> 'Host-based anomaly detection event (rootcheck).'
Trojaned version of file '/bin/diff' detected. Signature used: 'bash|^/bin/sh|file\.h|proc\.h|/dev/[^n]|^/bin/.*sh' (Generic).
title: Trojaned version of file detected.
file: /bin/diff

** Alert 1701614489.1657: - ossec,rootcheck,pci_dss_10.6.1,gdpr_IV_35.7.d,
2023 Dec 03 16:41:29 (ubuntu-22) any->rootcheck
Rule: 510 (level 7) -> 'Host-based anomaly detection event (rootcheck).'
Trojaned version of file '/usr/bin/diff' detected. Signature used: 'bash|^/bin/sh|file\.h|proc\.h|/dev/[^n]|^/bin/.*sh' (Generic).
title: Trojaned version of file detected.
file: /usr/bin/diff

** Alert 1701614490.2047: - local,syslog,apparmor,
2023 Dec 03 16:41:30 wazuh->/var/log/syslog
Rule: 52002 (level 3) -> 'Apparmor DENIED'
Dec  3 16:41:29 wazuh kernel: [   79.504862] audit: type=1400 audit(1701614489.369:51): apparmor="DENIED" operation="capable" class="cap" profile="/snap/snapd/20290/usr/lib/snapd/snap-confine" pid=3246 comm="snap-confine" capability=12  capname="net_admin"

** Alert 1701614490.2443: - local,syslog,apparmor,
2023 Dec 03 16:41:30 wazuh->/var/log/syslog
Rule: 52002 (level 3) -> 'Apparmor DENIED'
Dec  3 16:41:29 wazuh kernel: [   79.505452] audit: type=1400 audit(1701614489.369:52): apparmor="DENIED" operation="capable" class="cap" profile="/snap/snapd/20290/usr/lib/snapd/snap-confine" pid=3246 comm="snap-confine" capability=38  capname="perfmon"

** Alert 1701614490.2837: - local,syslog,apparmor,
2023 Dec 03 16:41:30 wazuh->/var/log/kern.log
Rule: 52002 (level 3) -> 'Apparmor DENIED'
Dec  3 16:41:29 wazuh kernel: [   79.504862] audit: type=1400 audit(1701614489.369:51): apparmor="DENIED" operation="capable" class="cap" profile="/snap/snapd/20290/usr/lib/snapd/snap-confine" pid=3246 comm="snap-confine" capability=12  capname="net_admin"

** Alert 1701614490.3235: - local,syslog,apparmor,
2023 Dec 03 16:41:30 wazuh->/var/log/kern.log
Rule: 52002 (level 3) -> 'Apparmor DENIED'
Dec  3 16:41:29 wazuh kernel: [   79.505452] audit: type=1400 audit(1701614489.369:52): apparmor="DENIED" operation="capable" class="cap" profile="/snap/snapd/20290/usr/lib/snapd/snap-confine" pid=3246 comm="snap-confine" capability=38  capname="perfmon"

** Alert 1701614492.3631: - pam,syslog,authentication_success,pci_dss_10.2.5,gpg13_7.8,gpg13_7.9,gdpr_IV_32.2,hipaa_164.312.b,nist_800_53_AU.14,nist_800_53_AC.7,tsc_CC6.8,tsc_CC7.2,tsc_CC7.3,
2023 Dec 03 16:41:32 (ubuntu-22) any->/var/log/auth.log
Rule: 5501 (level 3) -> 'PAM: Login session opened.'
User: gdm(uid=128)
Dec  3 16:31:13 ubuntu-22 systemd: pam_unix(systemd-user:session): session opened for user gdm(uid=128) by (uid=0)
uid: 0

** Alert 1701614492.4074: - local,syslog,apparmor,
2023 Dec 03 16:41:32 (ubuntu-22) any->/var/log/syslog
Rule: 52002 (level 3) -> 'Apparmor DENIED'
Dec  3 16:31:14 ubuntu-22 kernel: [   15.562950] audit: type=1400 audit(1701613874.912:47): apparmor="DENIED" operation="capable" class="cap" profile="/snap/snapd/19457/usr/lib/snapd/snap-confine" pid=1335 comm="snap-confine" capability=12  capname="net_admin"

** Alert 1701614492.4484: - local,syslog,apparmor,
2023 Dec 03 16:41:32 (ubuntu-22) any->/var/log/syslog
Rule: 52002 (level 3) -> 'Apparmor DENIED'
Dec  3 16:31:14 ubuntu-22 kernel: [   15.563735] audit: type=1400 audit(1701613874.912:48): apparmor="DENIED" operation="capable" class="cap" profile="/snap/snapd/19457/usr/lib/snapd/snap-confine" pid=1335 comm="snap-confine" capability=38  capname="perfmon"

** Alert 1701614492.4892: - local,syslog,apparmor,
2023 Dec 03 16:41:32 (ubuntu-22) any->/var/log/kern.log
Rule: 52002 (level 3) -> 'Apparmor DENIED'
Dec  3 16:31:14 ubuntu-22 kernel: [   15.563735] audit: type=1400 audit(1701613874.912:48): apparmor="DENIED" operation="capable" class="cap" profile="/snap/snapd/19457/usr/lib/snapd/snap-confine" pid=1335 comm="snap-confine" capability=38  capname="perfmon"

** Alert 1701614492.5302: - local,syslog,apparmor,
2023 Dec 03 16:41:32 (ubuntu-22) any->/var/log/kern.log
Rule: 52002 (level 3) -> 'Apparmor DENIED'
Dec  3 16:31:14 ubuntu-22 kernel: [   15.562950] audit: type=1400 audit(1701613874.912:47): apparmor="DENIED" operation="capable" class="cap" profile="/snap/snapd/19457/usr/lib/snapd/snap-confine" pid=1335 comm="snap-confine" capability=12  capname="net_admin"

** Alert 1701614492.5714: - local,systemd,gpg13_4.3,gdpr_IV_35.7.d,
2023 Dec 03 16:41:32 (ubuntu-22) any->/var/log/syslog
Rule: 40704 (level 5) -> 'Systemd: Service exited due to a failure.'
Dec  3 16:31:16 ubuntu-22 systemd[1235]: snap.snapd-desktop-integration.snapd-desktop-integration.service: Main process exited, code=exited, status=1/FAILURE

** Alert 1701614493.6064: - pam,syslog,authentication_success,pci_dss_10.2.5,gpg13_7.8,gpg13_7.9,gdpr_IV_32.2,hipaa_164.312.b,nist_800_53_AU.14,nist_800_53_AC.7,tsc_CC6.8,tsc_CC7.2,tsc_CC7.3,
2023 Dec 03 16:41:33 (ubuntu-22) any->/var/log/auth.log
Rule: 5501 (level 3) -> 'PAM: Login session opened.'
User: jeni(uid=1000)
Dec  3 16:33:13 ubuntu-22 systemd: pam_unix(systemd-user:session): session opened for user jeni(uid=1000) by (uid=0)
uid: 0

** Alert 1701614495.6511: - local,systemd,gpg13_4.3,gdpr_IV_35.7.d,
2023 Dec 03 16:41:35 (ubuntu-22) any->/var/log/syslog
Rule: 40704 (level 5) -> 'Systemd: Service exited due to a failure.'
Dec  3 16:33:33 ubuntu-22 systemd[1235]: xdg-permission-store.service: Main process exited, code=exited, status=1/FAILURE

** Alert 1701614495.6825: - pam,syslog,authentication_success,pci_dss_10.2.5,gpg13_7.8,gpg13_7.9,gdpr_IV_32.2,hipaa_164.312.b,nist_800_53_AU.14,nist_800_53_AC.7,tsc_CC6.8,tsc_CC7.2,tsc_CC7.3,
2023 Dec 03 16:41:35 (ubuntu-22) any->/var/log/auth.log
Rule: 5501 (level 3) -> 'PAM: Login session opened.'
User: root(uid=0)
Dec  3 16:35:11 ubuntu-22 su: pam_unix(su-l:session): session opened for user root(uid=0) by (uid=1000)
uid: 1000

** Alert 1701614521.7259: - local,systemd,gpg13_4.3,gdpr_IV_35.7.d,
2023 Dec 03 16:42:01 wazuh->/var/log/syslog
Rule: 40704 (level 5) -> 'Systemd: Service exited due to a failure.'
Dec  3 16:41:59 wazuh systemd[1353]: xdg-permission-store.service: Main process exited, code=exited, status=1/FAILURE

** Alert 1701614533.7559: - local,syslog,apparmor,
2023 Dec 03 16:42:13 wazuh->/var/log/syslog
Rule: 52002 (level 3) -> 'Apparmor DENIED'
Dec  3 16:42:12 wazuh kernel: [  121.716790] audit: type=1400 audit(1701614532.502:53): apparmor="DENIED" operation="open" class="file" profile="snap-update-ns.firefox" name="/var/lib/" pid=4974 comm="5" requested_mask="r" denied_mask="r" fsuid=0 ouid=0

** Alert 1701614533.7952: - local,syslog,apparmor,
2023 Dec 03 16:42:13 wazuh->/var/log/syslog
Rule: 52002 (level 3) -> 'Apparmor DENIED'
Dec  3 16:42:12 wazuh kernel: [  121.733873] audit: type=1400 audit(1701614532.522:54): apparmor="DENIED" operation="open" class="file" profile="snap-update-ns.firefox" name="/var/lib/" pid=4974 comm="5" requested_mask="r" denied_mask="r" fsuid=0 ouid=0

** Alert 1701614533.8345: - local,syslog,apparmor,
2023 Dec 03 16:42:13 wazuh->/var/log/kern.log
Rule: 52002 (level 3) -> 'Apparmor DENIED'
Dec  3 16:42:12 wazuh kernel: [  121.716790] audit: type=1400 audit(1701614532.502:53): apparmor="DENIED" operation="open" class="file" profile="snap-update-ns.firefox" name="/var/lib/" pid=4974 comm="5" requested_mask="r" denied_mask="r" fsuid=0 ouid=0

** Alert 1701614533.8740: - local,syslog,apparmor,
2023 Dec 03 16:42:13 wazuh->/var/log/kern.log
Rule: 52002 (level 3) -> 'Apparmor DENIED'
Dec  3 16:42:12 wazuh kernel: [  121.733873] audit: type=1400 audit(1701614532.522:54): apparmor="DENIED" operation="open" class="file" profile="snap-update-ns.firefox" name="/var/lib/" pid=4974 comm="5" requested_mask="r" denied_mask="r" fsuid=0 ouid=0

** Alert 1701614571.9135: - pam,syslog,authentication_success,pci_dss_10.2.5,gpg13_7.8,gpg13_7.9,gdpr_IV_32.2,hipaa_164.312.b,nist_800_53_AU.14,nist_800_53_AC.7,tsc_CC6.8,tsc_CC7.2,tsc_CC7.3,
2023 Dec 03 16:42:51 wazuh->/var/log/auth.log
Rule: 5501 (level 3) -> 'PAM: Login session opened.'
User: root(uid=0)
Dec  3 16:42:50 wazuh pkexec: pam_unix(polkit-1:session): session opened for user root(uid=0) by (uid=1000)
uid: 1000

** Alert 1701615449.9563: - local,syslog,apparmor,
2023 Dec 03 16:57:29 (ubuntu-22) any->/var/log/syslog
Rule: 52002 (level 3) -> 'Apparmor DENIED'
Dec  3 16:57:28 ubuntu-22 kernel: [ 1587.431901] audit: type=1400 audit(1701615448.977:83): apparmor="DENIED" operation="capable" class="cap" profile="/snap/snapd/20290/usr/lib/snapd/snap-confine" pid=4742 comm="snap-confine" capability=12  capname="net_admin"

** Alert 1701615449.9973: - local,syslog,apparmor,
2023 Dec 03 16:57:29 (ubuntu-22) any->/var/log/syslog
Rule: 52002 (level 3) -> 'Apparmor DENIED'
Dec  3 16:57:28 ubuntu-22 kernel: [ 1587.432365] audit: type=1400 audit(1701615448.985:84): apparmor="DENIED" operation="capable" class="cap" profile="/snap/snapd/20290/usr/lib/snapd/snap-confine" pid=4742 comm="snap-confine" capability=38  capname="perfmon"

** Alert 1701615449.10381: - local,syslog,apparmor,
2023 Dec 03 16:57:29 (ubuntu-22) any->/var/log/syslog
Rule: 52002 (level 3) -> 'Apparmor DENIED'
Dec  3 16:57:29 ubuntu-22 kernel: [ 1587.828415] audit: type=1400 audit(1701615449.369:85): apparmor="DENIED" operation="open" class="file" profile="snap-update-ns.firefox" name="/var/lib/" pid=4770 comm="5" requested_mask="r" denied_mask="r" fsuid=0 ouid=0

** Alert 1701615449.10789: - local,syslog,apparmor,
2023 Dec 03 16:57:29 (ubuntu-22) any->/var/log/syslog
Rule: 52002 (level 3) -> 'Apparmor DENIED'
Dec  3 16:57:29 ubuntu-22 kernel: [ 1587.867262] audit: type=1400 audit(1701615449.381:86): apparmor="DENIED" operation="open" class="file" profile="snap-update-ns.firefox" name="/var/lib/" pid=4770 comm="5" requested_mask="r" denied_mask="r" fsuid=0 ouid=0

** Alert 1701615449.11197: - local,syslog,apparmor,
2023 Dec 03 16:57:29 (ubuntu-22) any->/var/log/kern.log
Rule: 52002 (level 3) -> 'Apparmor DENIED'
Dec  3 16:57:28 ubuntu-22 kernel: [ 1587.431901] audit: type=1400 audit(1701615448.977:83): apparmor="DENIED" operation="capable" class="cap" profile="/snap/snapd/20290/usr/lib/snapd/snap-confine" pid=4742 comm="snap-confine" capability=12  capname="net_admin"

** Alert 1701615449.11610: - local,syslog,apparmor,
2023 Dec 03 16:57:29 (ubuntu-22) any->/var/log/kern.log
Rule: 52002 (level 3) -> 'Apparmor DENIED'
Dec  3 16:57:28 ubuntu-22 kernel: [ 1587.432365] audit: type=1400 audit(1701615448.985:84): apparmor="DENIED" operation="capable" class="cap" profile="/snap/snapd/20290/usr/lib/snapd/snap-confine" pid=4742 comm="snap-confine" capability=38  capname="perfmon"

** Alert 1701615449.12021: - local,syslog,apparmor,
2023 Dec 03 16:57:29 (ubuntu-22) any->/var/log/kern.log
Rule: 52002 (level 3) -> 'Apparmor DENIED'
Dec  3 16:57:29 ubuntu-22 kernel: [ 1587.828415] audit: type=1400 audit(1701615449.369:85): apparmor="DENIED" operation="open" class="file" profile="snap-update-ns.firefox" name="/var/lib/" pid=4770 comm="5" requested_mask="r" denied_mask="r" fsuid=0 ouid=0

** Alert 1701615449.12431: - local,syslog,apparmor,
2023 Dec 03 16:57:29 (ubuntu-22) any->/var/log/kern.log
Rule: 52002 (level 3) -> 'Apparmor DENIED'
Dec  3 16:57:29 ubuntu-22 kernel: [ 1587.867262] audit: type=1400 audit(1701615449.381:86): apparmor="DENIED" operation="open" class="file" profile="snap-update-ns.firefox" name="/var/lib/" pid=4770 comm="5" requested_mask="r" denied_mask="r" fsuid=0 ouid=0

** Alert 1701629221.12841: - ossec,rootcheck,pci_dss_10.6.1,gdpr_IV_35.7.d,
2023 Dec 03 20:47:01 wazuh->rootcheck
Rule: 510 (level 7) -> 'Host-based anomaly detection event (rootcheck).'
Trojaned version of file '/bin/diff' detected. Signature used: 'bash|^/bin/sh|file\.h|proc\.h|/dev/[^n]|^/bin/.*sh' (Generic).
title: Trojaned version of file detected.
file: /bin/diff

** Alert 1701629221.13214: - ossec,rootcheck,pci_dss_10.6.1,gdpr_IV_35.7.d,
2023 Dec 03 20:47:01 wazuh->rootcheck
Rule: 510 (level 7) -> 'Host-based anomaly detection event (rootcheck).'
Trojaned version of file '/usr/bin/diff' detected. Signature used: 'bash|^/bin/sh|file\.h|proc\.h|/dev/[^n]|^/bin/.*sh' (Generic).
title: Trojaned version of file detected.
file: /usr/bin/diff

** Alert 1701629232.13595: - windows,windows_security,authentication_success,gdpr_IV_32.2,gpg13_7.1,gpg13_7.2,hipaa_164.312.b,nist_800_53_AC.7,nist_800_53_AU.14,pci_dss_10.2.5,tsc_CC6.8,tsc_CC7.2,tsc_CC7.3,
2023 Dec 03 20:47:12 (DESKTOP-KHSEO47) any->EventChannel
Rule: 60106 (level 3) -> 'Windows logon success.'
{"win":{"system":{"providerName":"Microsoft-Windows-Security-Auditing","providerGuid":"{54849625-5478-4994-a5ba-3e3b0328c30d}","eventID":"4624","version":"3","level":"0","task":"12544","opcode":"0","keywords":"0x8020000000000000","systemTime":"2023-12-03T14:40:38.2743050Z","eventRecordID":"1040711","processID":"1528","threadID":"1608","channel":"Security","computer":"DESKTOP-KHSEO47","severityValue":"AUDIT_SUCCESS","message":"\"An account was successfully logged on.\r\n\r\nSubject:\r\n\tSecurity ID:\t\tS-1-5-18\r\n\tAccount Name:\t\tDESKTOP-KHSEO47$\r\n\tAccount Domain:\t\tWORKGROUP\r\n\tLogon ID:\t\t0x3E7\r\n\r\nLogon Information:\r\n\tLogon Type:\t\t5\r\n\tRestricted Admin Mode:\t-\r\n\tRemote Credential Guard:\t-\r\n\tVirtual Account:\t\tNo\r\n\tElevated Token:\t\tYes\r\n\r\nImpersonation Level:\t\tImpersonation\r\n\r\nNew Logon:\r\n\tSecurity ID:\t\tS-1-5-18\r\n\tAccount Name:\t\tSYSTEM\r\n\tAccount Domain:\t\tNT AUTHORITY\r\n\tLogon ID:\t\t0x3E7\r\n\tLinked Logon ID:\t\t0x0\r\n\tNetwork Account Name:\t-\r\n\tNetwork Account Domain:\t-\r\n\tLogon GUID:\t\t{00000000-0000-0000-0000-000000000000}\r\n\r\nProcess Information:\r\n\tProcess ID:\t\t0x5cc\r\n\tProcess Name:\t\tC:\\Windows\\System32\\services.exe\r\n\r\nNetwork Information:\r\n\tWorkstation Name:\t-\r\n\tSource Network Address:\t-\r\n\tSource Port:\t\t-\r\n\r\nDetailed Authentication Information:\r\n\tLogon Process:\t\tAdvapi  \r\n\tAuthentication Package:\tNegotiate\r\n\tTransited Services:\t-\r\n\tPackage Name (NTLM only):\t-\r\n\tKey Length:\t\t0\r\n\r\nThis event is generated when a logon session is created. It is generated on the computer that was accessed.\r\n\r\nThe subject fields indicate the account on the local system which requested the logon. This is most commonly a service such as the Server service, or a local process such as Winlogon.exe or Services.exe.\r\n\r\nThe logon type field indicates the kind of logon that occurred. The most common types are 2 (interactive) and 3 (network).\r\n\r\nThe New Logon fields indicate the account for whom the new logon was created, i.e. the account that was logged on.\r\n\r\nThe network fields indicate where a remote logon request originated. Workstation name is not always available and may be left blank in some cases.\r\n\r\nThe impersonation level field indicates the extent to which a process in the logon session can impersonate.\r\n\r\nThe authentication information fields provide detailed information about this specific logon request.\r\n\t- Logon GUID is a unique identifier that can be used to correlate this event with a KDC event.\r\n\t- Transited services indicate which intermediate services have participated in this logon request.\r\n\t- Package name indicates which sub-protocol was used among the NTLM protocols.\r\n\t- Key length indicates the length of the generated session key. This will be 0 if no session key was requested.\""},"eventdata":{"subjectUserSid":"S-1-5-18","subjectUserName":"DESKTOP-KHSEO47$","subjectDomainName":"WORKGROUP","subjectLogonId":"0x3e7","targetUserSid":"S-1-5-18","targetUserName":"SYSTEM","targetDomainName":"NT AUTHORITY","targetLogonId":"0x3e7","logonType":"5","logonProcessName":"Advapi","authenticationPackageName":"Negotiate","logonGuid":"{00000000-0000-0000-0000-000000000000}","keyLength":"0","processId":"0x5cc","processName":"C:\\\\Windows\\\\System32\\\\services.exe","impersonationLevel":"%%1833","virtualAccount":"%%1843","targetLinkedLogonId":"0x0","elevatedToken":"%%1842"}}}
win.system.providerName: Microsoft-Windows-Security-Auditing
win.system.providerGuid: {54849625-5478-4994-a5ba-3e3b0328c30d}
win.system.eventID: 4624
win.system.version: 3
win.system.level: 0
win.system.task: 12544
win.system.opcode: 0
win.system.keywords: 0x8020000000000000
win.system.systemTime: 2023-12-03T14:40:38.2743050Z
win.system.eventRecordID: 1040711
win.system.processID: 1528
win.system.threadID: 1608
win.system.channel: Security
win.system.computer: DESKTOP-KHSEO47
win.system.severityValue: AUDIT_SUCCESS
win.system.message: "An account was successfully logged on.

Subject:
	Security ID:		S-1-5-18
	Account Name:		DESKTOP-KHSEO47$
	Account Domain:		WORKGROUP
	Logon ID:		0x3E7

Logon Information:
	Logon Type:		5
	Restricted Admin Mode:	-
	Remote Credential Guard:	-
	Virtual Account:		No
	Elevated Token:		Yes

Impersonation Level:		Impersonation

New Logon:
	Security ID:		S-1-5-18
	Account Name:		SYSTEM
	Account Domain:		NT AUTHORITY
	Logon ID:		0x3E7
	Linked Logon ID:		0x0
	Network Account Name:	-
	Network Account Domain:	-
	Logon GUID:		{00000000-0000-0000-0000-000000000000}

Process Information:
	Process ID:		0x5cc
	Process Name:		C:\Windows\System32\services.exe

Network Information:
	Workstation Name:	-
	Source Network Address:	-
	Source Port:		-

Detailed Authentication Information:
	Logon Process:		Advapi  
	Authentication Package:	Negotiate
	Transited Services:	-
	Package Name (NTLM only):	-
	Key Length:		0

This event is generated when a logon session is created. It is generated on the computer that was accessed.

The subject fields indicate the account on the local system which requested the logon. This is most commonly a service such as the Server service, or a local process such as Winlogon.exe or Services.exe.

The logon type field indicates the kind of logon that occurred. The most common types are 2 (interactive) and 3 (network).

The New Logon fields indicate the account for whom the new logon was created, i.e. the account that was logged on.

The network fields indicate where a remote logon request originated. Workstation name is not always available and may be left blank in some cases.

The impersonation level field indicates the extent to which a process in the logon session can impersonate.

The authentication information fields provide detailed information about this specific logon request.
	- Logon GUID is a unique identifier that can be used to correlate this event with a KDC event.
	- Transited services indicate which intermediate services have participated in this logon request.
	- Package name indicates which sub-protocol was used among the NTLM protocols.
	- Key length indicates the length of the generated session key. This will be 0 if no session key was requested."
win.eventdata.subjectUserSid: S-1-5-18
win.eventdata.subjectUserName: DESKTOP-KHSEO47$
win.eventdata.subjectDomainName: WORKGROUP
win.eventdata.subjectLogonId: 0x3e7
win.eventdata.targetUserSid: S-1-5-18
win.eventdata.targetUserName: SYSTEM
win.eventdata.targetDomainName: NT AUTHORITY
win.eventdata.targetLogonId: 0x3e7
win.eventdata.logonType: 5
win.eventdata.logonProcessName: Advapi
win.eventdata.authenticationPackageName: Negotiate
win.eventdata.logonGuid: {00000000-0000-0000-0000-000000000000}
win.eventdata.keyLength: 0
win.eventdata.processId: 0x5cc
win.eventdata.processName: C:\\Windows\\System32\\services.exe
win.eventdata.impersonationLevel: %%1833
win.eventdata.virtualAccount: %%1843
win.eventdata.targetLinkedLogonId: 0x0
win.eventdata.elevatedToken: %%1842

** Alert 1701629232.20985: - windows,windows_security,authentication_success,gdpr_IV_32.2,gpg13_7.1,gpg13_7.2,hipaa_164.312.b,nist_800_53_AC.7,nist_800_53_AU.14,pci_dss_10.2.5,tsc_CC6.8,tsc_CC7.2,tsc_CC7.3,
2023 Dec 03 20:47:12 (DESKTOP-KHSEO47) any->EventChannel
Rule: 60106 (level 3) -> 'Windows logon success.'
{"win":{"system":{"providerName":"Microsoft-Windows-Security-Auditing","providerGuid":"{54849625-5478-4994-a5ba-3e3b0328c30d}","eventID":"4624","version":"3","level":"0","task":"12544","opcode":"0","keywords":"0x8020000000000000","systemTime":"2023-12-03T14:41:14.6985700Z","eventRecordID":"1040713","processID":"1528","threadID":"26592","channel":"Security","computer":"DESKTOP-KHSEO47","severityValue":"AUDIT_SUCCESS","message":"\"An account was successfully logged on.\r\n\r\nSubject:\r\n\tSecurity ID:\t\tS-1-5-18\r\n\tAccount Name:\t\tDESKTOP-KHSEO47$\r\n\tAccount Domain:\t\tWORKGROUP\r\n\tLogon ID:\t\t0x3E7\r\n\r\nLogon Information:\r\n\tLogon Type:\t\t5\r\n\tRestricted Admin Mode:\t-\r\n\tRemote Credential Guard:\t-\r\n\tVirtual Account:\t\tNo\r\n\tElevated Token:\t\tYes\r\n\r\nImpersonation Level:\t\tImpersonation\r\n\r\nNew Logon:\r\n\tSecurity ID:\t\tS-1-5-18\r\n\tAccount Name:\t\tSYSTEM\r\n\tAccount Domain:\t\tNT AUTHORITY\r\n\tLogon ID:\t\t0x3E7\r\n\tLinked Logon ID:\t\t0x0\r\n\tNetwork Account Name:\t-\r\n\tNetwork Account Domain:\t-\r\n\tLogon GUID:\t\t{00000000-0000-0000-0000-000000000000}\r\n\r\nProcess Information:\r\n\tProcess ID:\t\t0x5cc\r\n\tProcess Name:\t\tC:\\Windows\\System32\\services.exe\r\n\r\nNetwork Information:\r\n\tWorkstation Name:\t-\r\n\tSource Network Address:\t-\r\n\tSource Port:\t\t-\r\n\r\nDetailed Authentication Information:\r\n\tLogon Process:\t\tAdvapi  \r\n\tAuthentication Package:\tNegotiate\r\n\tTransited Services:\t-\r\n\tPackage Name (NTLM only):\t-\r\n\tKey Length:\t\t0\r\n\r\nThis event is generated when a logon session is created. It is generated on the computer that was accessed.\r\n\r\nThe subject fields indicate the account on the local system which requested the logon. This is most commonly a service such as the Server service, or a local process such as Winlogon.exe or Services.exe.\r\n\r\nThe logon type field indicates the kind of logon that occurred. The most common types are 2 (interactive) and 3 (network).\r\n\r\nThe New Logon fields indicate the account for whom the new logon was created, i.e. the account that was logged on.\r\n\r\nThe network fields indicate where a remote logon request originated. Workstation name is not always available and may be left blank in some cases.\r\n\r\nThe impersonation level field indicates the extent to which a process in the logon session can impersonate.\r\n\r\nThe authentication information fields provide detailed information about this specific logon request.\r\n\t- Logon GUID is a unique identifier that can be used to correlate this event with a KDC event.\r\n\t- Transited services indicate which intermediate services have participated in this logon request.\r\n\t- Package name indicates which sub-protocol was used among the NTLM protocols.\r\n\t- Key length indicates the length of the generated session key. This will be 0 if no session key was requested.\""},"eventdata":{"subjectUserSid":"S-1-5-18","subjectUserName":"DESKTOP-KHSEO47$","subjectDomainName":"WORKGROUP","subjectLogonId":"0x3e7","targetUserSid":"S-1-5-18","targetUserName":"SYSTEM","targetDomainName":"NT AUTHORITY","targetLogonId":"0x3e7","logonType":"5","logonProcessName":"Advapi","authenticationPackageName":"Negotiate","logonGuid":"{00000000-0000-0000-0000-000000000000}","keyLength":"0","processId":"0x5cc","processName":"C:\\\\Windows\\\\System32\\\\services.exe","impersonationLevel":"%%1833","virtualAccount":"%%1843","targetLinkedLogonId":"0x0","elevatedToken":"%%1842"}}}
win.system.providerName: Microsoft-Windows-Security-Auditing
win.system.providerGuid: {54849625-5478-4994-a5ba-3e3b0328c30d}
win.system.eventID: 4624
win.system.version: 3
win.system.level: 0
win.system.task: 12544
win.system.opcode: 0
win.system.keywords: 0x8020000000000000
win.system.systemTime: 2023-12-03T14:41:14.6985700Z
win.system.eventRecordID: 1040713
win.system.processID: 1528
win.system.threadID: 26592
win.system.channel: Security
win.system.computer: DESKTOP-KHSEO47
win.system.severityValue: AUDIT_SUCCESS
win.system.message: "An account was successfully logged on.

Subject:
	Security ID:		S-1-5-18
	Account Name:		DESKTOP-KHSEO47$
	Account Domain:		WORKGROUP
	Logon ID:		0x3E7

Logon Information:
	Logon Type:		5
	Restricted Admin Mode:	-
	Remote Credential Guard:	-
	Virtual Account:		No
	Elevated Token:		Yes

Impersonation Level:		Impersonation

New Logon:
	Security ID:		S-1-5-18
	Account Name:		SYSTEM
	Account Domain:		NT AUTHORITY
	Logon ID:		0x3E7
	Linked Logon ID:		0x0
	Network Account Name:	-
	Network Account Domain:	-
	Logon GUID:		{00000000-0000-0000-0000-000000000000}

Process Information:
	Process ID:		0x5cc
	Process Name:		C:\Windows\System32\services.exe

Network Information:
	Workstation Name:	-
	Source Network Address:	-
	Source Port:		-

Detailed Authentication Information:
	Logon Process:		Advapi  
	Authentication Package:	Negotiate
	Transited Services:	-
	Package Name (NTLM only):	-
	Key Length:		0

This event is generated when a logon session is created. It is generated on the computer that was accessed.

The subject fields indicate the account on the local system which requested the logon. This is most commonly a service such as the Server service, or a local process such as Winlogon.exe or Services.exe.

The logon type field indicates the kind of logon that occurred. The most common types are 2 (interactive) and 3 (network).

The New Logon fields indicate the account for whom the new logon was created, i.e. the account that was logged on.

The network fields indicate where a remote logon request originated. Workstation name is not always available and may be left blank in some cases.

The impersonation level field indicates the extent to which a process in the logon session can impersonate.

The authentication information fields provide detailed information about this specific logon request.
	- Logon GUID is a unique identifier that can be used to correlate this event with a KDC event.
	- Transited services indicate which intermediate services have participated in this logon request.
	- Package name indicates which sub-protocol was used among the NTLM protocols.
	- Key length indicates the length of the generated session key. This will be 0 if no session key was requested."
win.eventdata.subjectUserSid: S-1-5-18
win.eventdata.subjectUserName: DESKTOP-KHSEO47$
win.eventdata.subjectDomainName: WORKGROUP
win.eventdata.subjectLogonId: 0x3e7
win.eventdata.targetUserSid: S-1-5-18
win.eventdata.targetUserName: SYSTEM
win.eventdata.targetDomainName: NT AUTHORITY
win.eventdata.targetLogonId: 0x3e7
win.eventdata.logonType: 5
win.eventdata.logonProcessName: Advapi
win.eventdata.authenticationPackageName: Negotiate
win.eventdata.logonGuid: {00000000-0000-0000-0000-000000000000}
win.eventdata.keyLength: 0
win.eventdata.processId: 0x5cc
win.eventdata.processName: C:\\Windows\\System32\\services.exe
win.eventdata.impersonationLevel: %%1833
win.eventdata.virtualAccount: %%1843
win.eventdata.targetLinkedLogonId: 0x0
win.eventdata.elevatedToken: %%1842

** Alert 1701629232.28377: - windows,windows_security,authentication_success,gdpr_IV_32.2,gpg13_7.1,gpg13_7.2,hipaa_164.312.b,nist_800_53_AC.7,nist_800_53_AU.14,pci_dss_10.2.5,tsc_CC6.8,tsc_CC7.2,tsc_CC7.3,
2023 Dec 03 20:47:12 (DESKTOP-KHSEO47) any->EventChannel
Rule: 60106 (level 3) -> 'Windows logon success.'
{"win":{"system":{"providerName":"Microsoft-Windows-Security-Auditing","providerGuid":"{54849625-5478-4994-a5ba-3e3b0328c30d}","eventID":"4624","version":"3","level":"0","task":"12544","opcode":"0","keywords":"0x8020000000000000","systemTime":"2023-12-03T14:52:02.5677182Z","eventRecordID":"1040754","processID":"1528","threadID":"26592","channel":"Security","computer":"DESKTOP-KHSEO47","severityValue":"AUDIT_SUCCESS","message":"\"An account was successfully logged on.\r\n\r\nSubject:\r\n\tSecurity ID:\t\tS-1-5-18\r\n\tAccount Name:\t\tDESKTOP-KHSEO47$\r\n\tAccount Domain:\t\tWORKGROUP\r\n\tLogon ID:\t\t0x3E7\r\n\r\nLogon Information:\r\n\tLogon Type:\t\t5\r\n\tRestricted Admin Mode:\t-\r\n\tRemote Credential Guard:\t-\r\n\tVirtual Account:\t\tNo\r\n\tElevated Token:\t\tYes\r\n\r\nImpersonation Level:\t\tImpersonation\r\n\r\nNew Logon:\r\n\tSecurity ID:\t\tS-1-5-18\r\n\tAccount Name:\t\tSYSTEM\r\n\tAccount Domain:\t\tNT AUTHORITY\r\n\tLogon ID:\t\t0x3E7\r\n\tLinked Logon ID:\t\t0x0\r\n\tNetwork Account Name:\t-\r\n\tNetwork Account Domain:\t-\r\n\tLogon GUID:\t\t{00000000-0000-0000-0000-000000000000}\r\n\r\nProcess Information:\r\n\tProcess ID:\t\t0x5cc\r\n\tProcess Name:\t\tC:\\Windows\\System32\\services.exe\r\n\r\nNetwork Information:\r\n\tWorkstation Name:\t-\r\n\tSource Network Address:\t-\r\n\tSource Port:\t\t-\r\n\r\nDetailed Authentication Information:\r\n\tLogon Process:\t\tAdvapi  \r\n\tAuthentication Package:\tNegotiate\r\n\tTransited Services:\t-\r\n\tPackage Name (NTLM only):\t-\r\n\tKey Length:\t\t0\r\n\r\nThis event is generated when a logon session is created. It is generated on the computer that was accessed.\r\n\r\nThe subject fields indicate the account on the local system which requested the logon. This is most commonly a service such as the Server service, or a local process such as Winlogon.exe or Services.exe.\r\n\r\nThe logon type field indicates the kind of logon that occurred. The most common types are 2 (interactive) and 3 (network).\r\n\r\nThe New Logon fields indicate the account for whom the new logon was created, i.e. the account that was logged on.\r\n\r\nThe network fields indicate where a remote logon request originated. Workstation name is not always available and may be left blank in some cases.\r\n\r\nThe impersonation level field indicates the extent to which a process in the logon session can impersonate.\r\n\r\nThe authentication information fields provide detailed information about this specific logon request.\r\n\t- Logon GUID is a unique identifier that can be used to correlate this event with a KDC event.\r\n\t- Transited services indicate which intermediate services have participated in this logon request.\r\n\t- Package name indicates which sub-protocol was used among the NTLM protocols.\r\n\t- Key length indicates the length of the generated session key. This will be 0 if no session key was requested.\""},"eventdata":{"subjectUserSid":"S-1-5-18","subjectUserName":"DESKTOP-KHSEO47$","subjectDomainName":"WORKGROUP","subjectLogonId":"0x3e7","targetUserSid":"S-1-5-18","targetUserName":"SYSTEM","targetDomainName":"NT AUTHORITY","targetLogonId":"0x3e7","logonType":"5","logonProcessName":"Advapi","authenticationPackageName":"Negotiate","logonGuid":"{00000000-0000-0000-0000-000000000000}","keyLength":"0","processId":"0x5cc","processName":"C:\\\\Windows\\\\System32\\\\services.exe","impersonationLevel":"%%1833","virtualAccount":"%%1843","targetLinkedLogonId":"0x0","elevatedToken":"%%1842"}}}
win.system.providerName: Microsoft-Windows-Security-Auditing
win.system.providerGuid: {54849625-5478-4994-a5ba-3e3b0328c30d}
win.system.eventID: 4624
win.system.version: 3
win.system.level: 0
win.system.task: 12544
win.system.opcode: 0
win.system.keywords: 0x8020000000000000
win.system.systemTime: 2023-12-03T14:52:02.5677182Z
win.system.eventRecordID: 1040754
win.system.processID: 1528
win.system.threadID: 26592
win.system.channel: Security
win.system.computer: DESKTOP-KHSEO47
win.system.severityValue: AUDIT_SUCCESS
win.system.message: "An account was successfully logged on.

Subject:
	Security ID:		S-1-5-18
	Account Name:		DESKTOP-KHSEO47$
	Account Domain:		WORKGROUP
	Logon ID:		0x3E7

Logon Information:
	Logon Type:		5
	Restricted Admin Mode:	-
	Remote Credential Guard:	-
	Virtual Account:		No
	Elevated Token:		Yes

Impersonation Level:		Impersonation

New Logon:
	Security ID:		S-1-5-18
	Account Name:		SYSTEM
	Account Domain:		NT AUTHORITY
	Logon ID:		0x3E7
	Linked Logon ID:		0x0
	Network Account Name:	-
	Network Account Domain:	-
	Logon GUID:		{00000000-0000-0000-0000-000000000000}

Process Information:
	Process ID:		0x5cc
	Process Name:		C:\Windows\System32\services.exe

Network Information:
	Workstation Name:	-
	Source Network Address:	-
	Source Port:		-

Detailed Authentication Information:
	Logon Process:		Advapi  
	Authentication Package:	Negotiate
	Transited Services:	-
	Package Name (NTLM only):	-
	Key Length:		0

This event is generated when a logon session is created. It is generated on the computer that was accessed.

The subject fields indicate the account on the local system which requested the logon. This is most commonly a service such as the Server service, or a local process such as Winlogon.exe or Services.exe.

The logon type field indicates the kind of logon that occurred. The most common types are 2 (interactive) and 3 (network).

The New Logon fields indicate the account for whom the new logon was created, i.e. the account that was logged on.

The network fields indicate where a remote logon request originated. Workstation name is not always available and may be left blank in some cases.

The impersonation level field indicates the extent to which a process in the logon session can impersonate.

The authentication information fields provide detailed information about this specific logon request.
	- Logon GUID is a unique identifier that can be used to correlate this event with a KDC event.
	- Transited services indicate which intermediate services have participated in this logon request.
	- Package name indicates which sub-protocol was used among the NTLM protocols.
	- Key length indicates the length of the generated session key. This will be 0 if no session key was requested."
win.eventdata.subjectUserSid: S-1-5-18
win.eventdata.subjectUserName: DESKTOP-KHSEO47$
win.eventdata.subjectDomainName: WORKGROUP
win.eventdata.subjectLogonId: 0x3e7
win.eventdata.targetUserSid: S-1-5-18
win.eventdata.targetUserName: SYSTEM
win.eventdata.targetDomainName: NT AUTHORITY
win.eventdata.targetLogonId: 0x3e7
win.eventdata.logonType: 5
win.eventdata.logonProcessName: Advapi
win.eventdata.authenticationPackageName: Negotiate
win.eventdata.logonGuid: {00000000-0000-0000-0000-000000000000}
win.eventdata.keyLength: 0
win.eventdata.processId: 0x5cc
win.eventdata.processName: C:\\Windows\\System32\\services.exe
win.eventdata.impersonationLevel: %%1833
win.eventdata.virtualAccount: %%1843
win.eventdata.targetLinkedLogonId: 0x0
win.eventdata.elevatedToken: %%1842

** Alert 1701629232.35769: - windows,windows_security,authentication_success,gdpr_IV_32.2,gpg13_7.1,gpg13_7.2,hipaa_164.312.b,nist_800_53_AC.7,nist_800_53_AU.14,pci_dss_10.2.5,tsc_CC6.8,tsc_CC7.2,tsc_CC7.3,
2023 Dec 03 20:47:12 (DESKTOP-KHSEO47) any->EventChannel
Rule: 60106 (level 3) -> 'Windows logon success.'
{"win":{"system":{"providerName":"Microsoft-Windows-Security-Auditing","providerGuid":"{54849625-5478-4994-a5ba-3e3b0328c30d}","eventID":"4624","version":"3","level":"0","task":"12544","opcode":"0","keywords":"0x8020000000000000","systemTime":"2023-12-03T15:05:04.0465919Z","eventRecordID":"1040780","processID":"1528","threadID":"26592","channel":"Security","computer":"DESKTOP-KHSEO47","severityValue":"AUDIT_SUCCESS","message":"\"An account was successfully logged on.\r\n\r\nSubject:\r\n\tSecurity ID:\t\tS-1-5-18\r\n\tAccount Name:\t\tDESKTOP-KHSEO47$\r\n\tAccount Domain:\t\tWORKGROUP\r\n\tLogon ID:\t\t0x3E7\r\n\r\nLogon Information:\r\n\tLogon Type:\t\t5\r\n\tRestricted Admin Mode:\t-\r\n\tRemote Credential Guard:\t-\r\n\tVirtual Account:\t\tNo\r\n\tElevated Token:\t\tYes\r\n\r\nImpersonation Level:\t\tImpersonation\r\n\r\nNew Logon:\r\n\tSecurity ID:\t\tS-1-5-18\r\n\tAccount Name:\t\tSYSTEM\r\n\tAccount Domain:\t\tNT AUTHORITY\r\n\tLogon ID:\t\t0x3E7\r\n\tLinked Logon ID:\t\t0x0\r\n\tNetwork Account Name:\t-\r\n\tNetwork Account Domain:\t-\r\n\tLogon GUID:\t\t{00000000-0000-0000-0000-000000000000}\r\n\r\nProcess Information:\r\n\tProcess ID:\t\t0x5cc\r\n\tProcess Name:\t\tC:\\Windows\\System32\\services.exe\r\n\r\nNetwork Information:\r\n\tWorkstation Name:\t-\r\n\tSource Network Address:\t-\r\n\tSource Port:\t\t-\r\n\r\nDetailed Authentication Information:\r\n\tLogon Process:\t\tAdvapi  \r\n\tAuthentication Package:\tNegotiate\r\n\tTransited Services:\t-\r\n\tPackage Name (NTLM only):\t-\r\n\tKey Length:\t\t0\r\n\r\nThis event is generated when a logon session is created. It is generated on the computer that was accessed.\r\n\r\nThe subject fields indicate the account on the local system which requested the logon. This is most commonly a service such as the Server service, or a local process such as Winlogon.exe or Services.exe.\r\n\r\nThe logon type field indicates the kind of logon that occurred. The most common types are 2 (interactive) and 3 (network).\r\n\r\nThe New Logon fields indicate the account for whom the new logon was created, i.e. the account that was logged on.\r\n\r\nThe network fields indicate where a remote logon request originated. Workstation name is not always available and may be left blank in some cases.\r\n\r\nThe impersonation level field indicates the extent to which a process in the logon session can impersonate.\r\n\r\nThe authentication information fields provide detailed information about this specific logon request.\r\n\t- Logon GUID is a unique identifier that can be used to correlate this event with a KDC event.\r\n\t- Transited services indicate which intermediate services have participated in this logon request.\r\n\t- Package name indicates which sub-protocol was used among the NTLM protocols.\r\n\t- Key length indicates the length of the generated session key. This will be 0 if no session key was requested.\""},"eventdata":{"subjectUserSid":"S-1-5-18","subjectUserName":"DESKTOP-KHSEO47$","subjectDomainName":"WORKGROUP","subjectLogonId":"0x3e7","targetUserSid":"S-1-5-18","targetUserName":"SYSTEM","targetDomainName":"NT AUTHORITY","targetLogonId":"0x3e7","logonType":"5","logonProcessName":"Advapi","authenticationPackageName":"Negotiate","logonGuid":"{00000000-0000-0000-0000-000000000000}","keyLength":"0","processId":"0x5cc","processName":"C:\\\\Windows\\\\System32\\\\services.exe","impersonationLevel":"%%1833","virtualAccount":"%%1843","targetLinkedLogonId":"0x0","elevatedToken":"%%1842"}}}
win.system.providerName: Microsoft-Windows-Security-Auditing
win.system.providerGuid: {54849625-5478-4994-a5ba-3e3b0328c30d}
win.system.eventID: 4624
win.system.version: 3
win.system.level: 0
win.system.task: 12544
win.system.opcode: 0
win.system.keywords: 0x8020000000000000
win.system.systemTime: 2023-12-03T15:05:04.0465919Z
win.system.eventRecordID: 1040780
win.system.processID: 1528
win.system.threadID: 26592
win.system.channel: Security
win.system.computer: DESKTOP-KHSEO47
win.system.severityValue: AUDIT_SUCCESS
win.system.message: "An account was successfully logged on.

Subject:
	Security ID:		S-1-5-18
	Account Name:		DESKTOP-KHSEO47$
	Account Domain:		WORKGROUP
	Logon ID:		0x3E7

Logon Information:
	Logon Type:		5
	Restricted Admin Mode:	-
	Remote Credential Guard:	-
	Virtual Account:		No
	Elevated Token:		Yes

Impersonation Level:		Impersonation

New Logon:
	Security ID:		S-1-5-18
	Account Name:		SYSTEM
	Account Domain:		NT AUTHORITY
	Logon ID:		0x3E7
	Linked Logon ID:		0x0
	Network Account Name:	-
	Network Account Domain:	-
	Logon GUID:		{00000000-0000-0000-0000-000000000000}

Process Information:
	Process ID:		0x5cc
	Process Name:		C:\Windows\System32\services.exe

Network Information:
	Workstation Name:	-
	Source Network Address:	-
	Source Port:		-

Detailed Authentication Information:
	Logon Process:		Advapi  
	Authentication Package:	Negotiate
	Transited Services:	-
	Package Name (NTLM only):	-
	Key Length:		0

This event is generated when a logon session is created. It is generated on the computer that was accessed.

The subject fields indicate the account on the local system which requested the logon. This is most commonly a service such as the Server service, or a local process such as Winlogon.exe or Services.exe.

The logon type field indicates the kind of logon that occurred. The most common types are 2 (interactive) and 3 (network).

The New Logon fields indicate the account for whom the new logon was created, i.e. the account that was logged on.

The network fields indicate where a remote logon request originated. Workstation name is not always available and may be left blank in some cases.

The impersonation level field indicates the extent to which a process in the logon session can impersonate.

The authentication information fields provide detailed information about this specific logon request.
	- Logon GUID is a unique identifier that can be used to correlate this event with a KDC event.
	- Transited services indicate which intermediate services have participated in this logon request.
	- Package name indicates which sub-protocol was used among the NTLM protocols.
	- Key length indicates the length of the generated session key. This will be 0 if no session key was requested."
win.eventdata.subjectUserSid: S-1-5-18
win.eventdata.subjectUserName: DESKTOP-KHSEO47$
win.eventdata.subjectDomainName: WORKGROUP
win.eventdata.subjectLogonId: 0x3e7
win.eventdata.targetUserSid: S-1-5-18
win.eventdata.targetUserName: SYSTEM
win.eventdata.targetDomainName: NT AUTHORITY
win.eventdata.targetLogonId: 0x3e7
win.eventdata.logonType: 5
win.eventdata.logonProcessName: Advapi
win.eventdata.authenticationPackageName: Negotiate
win.eventdata.logonGuid: {00000000-0000-0000-0000-000000000000}
win.eventdata.keyLength: 0
win.eventdata.processId: 0x5cc
win.eventdata.processName: C:\\Windows\\System32\\services.exe
win.eventdata.impersonationLevel: %%1833
win.eventdata.virtualAccount: %%1843
win.eventdata.targetLinkedLogonId: 0x0
win.eventdata.elevatedToken: %%1842

