** Alert 1701629234.325500: - windows,windows_security,gdpr_IV_32.2,hipaa_164.312.b,nist_800_53_AC.7,nist_800_53_AU.14,pci_dss_10.2.5,tsc_CC6.8,tsc_CC7.2,tsc_CC7.3,
2023 Dec 03 20:47:14 (DESKTOP-KHSEO47) any->EventChannel
Rule: 60137 (level 3) -> 'Windows User Logoff.'
{"win":{"system":{"providerName":"Microsoft-Windows-Security-Auditing","providerGuid":"{54849625-5478-4994-a5ba-3e3b0328c30d}","eventID":"4634","version":"0","level":"0","task":"12545","opcode":"0","keywords":"0x8020000000000000","systemTime":"2023-12-03T18:43:06.4830418Z","eventRecordID":"1041311","processID":"1528","threadID":"1608","channel":"Security","computer":"DESKTOP-KHSEO47","severityValue":"AUDIT_SUCCESS","message":"\"An account was logged off.\r\n\r\nSubject:\r\n\tSecurity ID:\t\tS-1-5-21-2287882887-1249231905-139361478-1001\r\n\tAccount Name:\t\tevgen\r\n\tAccount Domain:\t\tDESKTOP-KHSEO47\r\n\tLogon ID:\t\t0xFAC7B0F\r\n\r\nLogon Type:\t\t\t2\r\n\r\nThis event is generated when a logon session is destroyed. It may be positively correlated with a logon event using the Logon ID value. Logon IDs are only unique between reboots on the same computer.\""},"eventdata":{"targetUserSid":"S-1-5-21-2287882887-1249231905-139361478-1001","targetUserName":"evgen","targetDomainName":"DESKTOP-KHSEO47","targetLogonId":"0xfac7b0f","logonType":"2"}}}
win.system.providerName: Microsoft-Windows-Security-Auditing
win.system.providerGuid: {54849625-5478-4994-a5ba-3e3b0328c30d}
win.system.eventID: 4634
win.system.version: 0
win.system.level: 0
win.system.task: 12545
win.system.opcode: 0
win.system.keywords: 0x8020000000000000
win.system.systemTime: 2023-12-03T18:43:06.4830418Z
win.system.eventRecordID: 1041311
win.system.processID: 1528
win.system.threadID: 1608
win.system.channel: Security
win.system.computer: DESKTOP-KHSEO47
win.system.severityValue: AUDIT_SUCCESS
win.system.message: "An account was logged off.

Subject:
	Security ID:		S-1-5-21-2287882887-1249231905-139361478-1001
	Account Name:		evgen
	Account Domain:		DESKTOP-KHSEO47
	Logon ID:		0xFAC7B0F

Logon Type:			2

This event is generated when a logon session is destroyed. It may be positively correlated with a logon event using the Logon ID value. Logon IDs are only unique between reboots on the same computer."
win.eventdata.targetUserSid: S-1-5-21-2287882887-1249231905-139361478-1001
win.eventdata.targetUserName: evgen
win.eventdata.targetDomainName: DESKTOP-KHSEO47
win.eventdata.targetLogonId: 0xfac7b0f
win.eventdata.logonType: 2

** Alert 1701629234.328004: - windows,windows_security,gdpr_IV_32.2,hipaa_164.312.b,nist_800_53_AC.7,nist_800_53_AU.14,pci_dss_10.2.5,tsc_CC6.8,tsc_CC7.2,tsc_CC7.3,
2023 Dec 03 20:47:14 (DESKTOP-KHSEO47) any->EventChannel
Rule: 60137 (level 3) -> 'Windows User Logoff.'
{"win":{"system":{"providerName":"Microsoft-Windows-Security-Auditing","providerGuid":"{54849625-5478-4994-a5ba-3e3b0328c30d}","eventID":"4634","version":"0","level":"0","task":"12545","opcode":"0","keywords":"0x8020000000000000","systemTime":"2023-12-03T18:43:06.4833021Z","eventRecordID":"1041312","processID":"1528","threadID":"28928","channel":"Security","computer":"DESKTOP-KHSEO47","severityValue":"AUDIT_SUCCESS","message":"\"An account was logged off.\r\n\r\nSubject:\r\n\tSecurity ID:\t\tS-1-5-21-2287882887-1249231905-139361478-1001\r\n\tAccount Name:\t\tevgen\r\n\tAccount Domain:\t\tDESKTOP-KHSEO47\r\n\tLogon ID:\t\t0xFAC8294\r\n\r\nLogon Type:\t\t\t7\r\n\r\nThis event is generated when a logon session is destroyed. It may be positively correlated with a logon event using the Logon ID value. Logon IDs are only unique between reboots on the same computer.\""},"eventdata":{"targetUserSid":"S-1-5-21-2287882887-1249231905-139361478-1001","targetUserName":"evgen","targetDomainName":"DESKTOP-KHSEO47","targetLogonId":"0xfac8294","logonType":"7"}}}
win.system.providerName: Microsoft-Windows-Security-Auditing
win.system.providerGuid: {54849625-5478-4994-a5ba-3e3b0328c30d}
win.system.eventID: 4634
win.system.version: 0
win.system.level: 0
win.system.task: 12545
win.system.opcode: 0
win.system.keywords: 0x8020000000000000
win.system.systemTime: 2023-12-03T18:43:06.4833021Z
win.system.eventRecordID: 1041312
win.system.processID: 1528
win.system.threadID: 28928
win.system.channel: Security
win.system.computer: DESKTOP-KHSEO47
win.system.severityValue: AUDIT_SUCCESS
win.system.message: "An account was logged off.

Subject:
	Security ID:		S-1-5-21-2287882887-1249231905-139361478-1001
	Account Name:		evgen
	Account Domain:		DESKTOP-KHSEO47
	Logon ID:		0xFAC8294

Logon Type:			7

This event is generated when a logon session is destroyed. It may be positively correlated with a logon event using the Logon ID value. Logon IDs are only unique between reboots on the same computer."
win.eventdata.targetUserSid: S-1-5-21-2287882887-1249231905-139361478-1001
win.eventdata.targetUserName: evgen
win.eventdata.targetDomainName: DESKTOP-KHSEO47
win.eventdata.targetLogonId: 0xfac8294
win.eventdata.logonType: 7

** Alert 1701629234.330510: - windows,windows_security,gdpr_IV_32.2,hipaa_164.312.b,nist_800_53_AC.7,nist_800_53_AU.14,pci_dss_10.2.5,tsc_CC6.8,tsc_CC7.2,tsc_CC7.3,
2023 Dec 03 20:47:14 (DESKTOP-KHSEO47) any->EventChannel
Rule: 60137 (level 3) -> 'Windows User Logoff.'
{"win":{"system":{"providerName":"Microsoft-Windows-Security-Auditing","providerGuid":"{54849625-5478-4994-a5ba-3e3b0328c30d}","eventID":"4634","version":"0","level":"0","task":"12545","opcode":"0","keywords":"0x8020000000000000","systemTime":"2023-12-03T18:43:06.4834006Z","eventRecordID":"1041313","processID":"1528","threadID":"7116","channel":"Security","computer":"DESKTOP-KHSEO47","severityValue":"AUDIT_SUCCESS","message":"\"An account was logged off.\r\n\r\nSubject:\r\n\tSecurity ID:\t\tS-1-5-21-2287882887-1249231905-139361478-1001\r\n\tAccount Name:\t\tevgen\r\n\tAccount Domain:\t\tDESKTOP-KHSEO47\r\n\tLogon ID:\t\t0xFAC7ACA\r\n\r\nLogon Type:\t\t\t2\r\n\r\nThis event is generated when a logon session is destroyed. It may be positively correlated with a logon event using the Logon ID value. Logon IDs are only unique between reboots on the same computer.\""},"eventdata":{"targetUserSid":"S-1-5-21-2287882887-1249231905-139361478-1001","targetUserName":"evgen","targetDomainName":"DESKTOP-KHSEO47","targetLogonId":"0xfac7aca","logonType":"2"}}}
win.system.providerName: Microsoft-Windows-Security-Auditing
win.system.providerGuid: {54849625-5478-4994-a5ba-3e3b0328c30d}
win.system.eventID: 4634
win.system.version: 0
win.system.level: 0
win.system.task: 12545
win.system.opcode: 0
win.system.keywords: 0x8020000000000000
win.system.systemTime: 2023-12-03T18:43:06.4834006Z
win.system.eventRecordID: 1041313
win.system.processID: 1528
win.system.threadID: 7116
win.system.channel: Security
win.system.computer: DESKTOP-KHSEO47
win.system.severityValue: AUDIT_SUCCESS
win.system.message: "An account was logged off.

Subject:
	Security ID:		S-1-5-21-2287882887-1249231905-139361478-1001
	Account Name:		evgen
	Account Domain:		DESKTOP-KHSEO47
	Logon ID:		0xFAC7ACA

Logon Type:			2

This event is generated when a logon session is destroyed. It may be positively correlated with a logon event using the Logon ID value. Logon IDs are only unique between reboots on the same computer."
win.eventdata.targetUserSid: S-1-5-21-2287882887-1249231905-139361478-1001
win.eventdata.targetUserName: evgen
win.eventdata.targetDomainName: DESKTOP-KHSEO47
win.eventdata.targetLogonId: 0xfac7aca
win.eventdata.logonType: 2

** Alert 1701629234.333014: - windows,windows_security,authentication_success,gdpr_IV_32.2,gpg13_7.1,gpg13_7.2,hipaa_164.312.b,nist_800_53_AC.7,nist_800_53_AU.14,pci_dss_10.2.5,tsc_CC6.8,tsc_CC7.2,tsc_CC7.3,
2023 Dec 03 20:47:14 (DESKTOP-KHSEO47) any->EventChannel
Rule: 60106 (level 3) -> 'Windows logon success.'
{"win":{"system":{"providerName":"Microsoft-Windows-Security-Auditing","providerGuid":"{54849625-5478-4994-a5ba-3e3b0328c30d}","eventID":"4624","version":"3","level":"0","task":"12544","opcode":"0","keywords":"0x8020000000000000","systemTime":"2023-12-03T18:43:07.3953861Z","eventRecordID":"1041314","processID":"1528","threadID":"28928","channel":"Security","computer":"DESKTOP-KHSEO47","severityValue":"AUDIT_SUCCESS","message":"\"An account was successfully logged on.\r\n\r\nSubject:\r\n\tSecurity ID:\t\tS-1-5-18\r\n\tAccount Name:\t\tDESKTOP-KHSEO47$\r\n\tAccount Domain:\t\tWORKGROUP\r\n\tLogon ID:\t\t0x3E7\r\n\r\nLogon Information:\r\n\tLogon Type:\t\t5\r\n\tRestricted Admin Mode:\t-\r\n\tRemote Credential Guard:\t-\r\n\tVirtual Account:\t\tNo\r\n\tElevated Token:\t\tYes\r\n\r\nImpersonation Level:\t\tImpersonation\r\n\r\nNew Logon:\r\n\tSecurity ID:\t\tS-1-5-18\r\n\tAccount Name:\t\tSYSTEM\r\n\tAccount Domain:\t\tNT AUTHORITY\r\n\tLogon ID:\t\t0x3E7\r\n\tLinked Logon ID:\t\t0x0\r\n\tNetwork Account Name:\t-\r\n\tNetwork Account Domain:\t-\r\n\tLogon GUID:\t\t{00000000-0000-0000-0000-000000000000}\r\n\r\nProcess Information:\r\n\tProcess ID:\t\t0x5cc\r\n\tProcess Name:\t\tC:\\Windows\\System32\\services.exe\r\n\r\nNetwork Information:\r\n\tWorkstation Name:\t-\r\n\tSource Network Address:\t-\r\n\tSource Port:\t\t-\r\n\r\nDetailed Authentication Information:\r\n\tLogon Process:\t\tAdvapi  \r\n\tAuthentication Package:\tNegotiate\r\n\tTransited Services:\t-\r\n\tPackage Name (NTLM only):\t-\r\n\tKey Length:\t\t0\r\n\r\nThis event is generated when a logon session is created. It is generated on the computer that was accessed.\r\n\r\nThe subject fields indicate the account on the local system which requested the logon. This is most commonly a service such as the Server service, or a local process such as Winlogon.exe or Services.exe.\r\n\r\nThe logon type field indicates the kind of logon that occurred. The most common types are 2 (interactive) and 3 (network).\r\n\r\nThe New Logon fields indicate the account for whom the new logon was created, i.e. the account that was logged on.\r\n\r\nThe network fields indicate where a remote logon request originated. Workstation name is not always available and may be left blank in some cases.\r\n\r\nThe impersonation level field indicates the extent to which a process in the logon session can impersonate.\r\n\r\nThe authentication information fields provide detailed information about this specific logon request.\r\n\t- Logon GUID is a unique identifier that can be used to correlate this event with a KDC event.\r\n\t- Transited services indicate which intermediate services have participated in this logon request.\r\n\t- Package name indicates which sub-protocol was used among the NTLM protocols.\r\n\t- Key length indicates the length of the generated session key. This will be 0 if no session key was requested.\""},"eventdata":{"subjectUserSid":"S-1-5-18","subjectUserName":"DESKTOP-KHSEO47$","subjectDomainName":"WORKGROUP","subjectLogonId":"0x3e7","targetUserSid":"S-1-5-18","targetUserName":"SYSTEM","targetDomainName":"NT AUTHORITY","targetLogonId":"0x3e7","logonType":"5","logonProcessName":"Advapi","authenticationPackageName":"Negotiate","logonGuid":"{00000000-0000-0000-0000-000000000000}","keyLength":"0","processId":"0x5cc","processName":"C:\\\\Windows\\\\System32\\\\services.exe","impersonationLevel":"%%1833","virtualAccount":"%%1843","targetLinkedLogonId":"0x0","elevatedToken":"%%1842"}}}
win.system.providerName: Microsoft-Windows-Security-Auditing
win.system.providerGuid: {54849625-5478-4994-a5ba-3e3b0328c30d}
win.system.eventID: 4624
win.system.version: 3
win.system.level: 0
win.system.task: 12544
win.system.opcode: 0
win.system.keywords: 0x8020000000000000
win.system.systemTime: 2023-12-03T18:43:07.3953861Z
win.system.eventRecordID: 1041314
win.system.processID: 1528
win.system.threadID: 28928
win.system.channel: Security
win.system.computer: DESKTOP-KHSEO47
win.system.severityValue: AUDIT_SUCCESS
win.system.message: "An account was successfully logged on.

Subject:
	Security ID:		S-1-5-18
	Account Name:		DESKTOP-KHSEO47$
	Account Domain:		WORKGROUP
	Logon ID:		0x3E7

Logon Information:
	Logon Type:		5
	Restricted Admin Mode:	-
	Remote Credential Guard:	-
	Virtual Account:		No
	Elevated Token:		Yes

Impersonation Level:		Impersonation

New Logon:
	Security ID:		S-1-5-18
	Account Name:		SYSTEM
	Account Domain:		NT AUTHORITY
	Logon ID:		0x3E7
	Linked Logon ID:		0x0
	Network Account Name:	-
	Network Account Domain:	-
	Logon GUID:		{00000000-0000-0000-0000-000000000000}

Process Information:
	Process ID:		0x5cc
	Process Name:		C:\Windows\System32\services.exe

Network Information:
	Workstation Name:	-
	Source Network Address:	-
	Source Port:		-

Detailed Authentication Information:
	Logon Process:		Advapi  
	Authentication Package:	Negotiate
	Transited Services:	-
	Package Name (NTLM only):	-
	Key Length:		0

This event is generated when a logon session is created. It is generated on the computer that was accessed.

The subject fields indicate the account on the local system which requested the logon. This is most commonly a service such as the Server service, or a local process such as Winlogon.exe or Services.exe.

The logon type field indicates the kind of logon that occurred. The most common types are 2 (interactive) and 3 (network).

The New Logon fields indicate the account for whom the new logon was created, i.e. the account that was logged on.

The network fields indicate where a remote logon request originated. Workstation name is not always available and may be left blank in some cases.

The impersonation level field indicates the extent to which a process in the logon session can impersonate.

The authentication information fields provide detailed information about this specific logon request.
	- Logon GUID is a unique identifier that can be used to correlate this event with a KDC event.
	- Transited services indicate which intermediate services have participated in this logon request.
	- Package name indicates which sub-protocol was used among the NTLM protocols.
	- Key length indicates the length of the generated session key. This will be 0 if no session key was requested."
win.eventdata.subjectUserSid: S-1-5-18
win.eventdata.subjectUserName: DESKTOP-KHSEO47$
win.eventdata.subjectDomainName: WORKGROUP
win.eventdata.subjectLogonId: 0x3e7
win.eventdata.targetUserSid: S-1-5-18
win.eventdata.targetUserName: SYSTEM
win.eventdata.targetDomainName: NT AUTHORITY
win.eventdata.targetLogonId: 0x3e7
win.eventdata.logonType: 5
win.eventdata.logonProcessName: Advapi
win.eventdata.authenticationPackageName: Negotiate
win.eventdata.logonGuid: {00000000-0000-0000-0000-000000000000}
win.eventdata.keyLength: 0
win.eventdata.processId: 0x5cc
win.eventdata.processName: C:\\Windows\\System32\\services.exe
win.eventdata.impersonationLevel: %%1833
win.eventdata.virtualAccount: %%1843
win.eventdata.targetLinkedLogonId: 0x0
win.eventdata.elevatedToken: %%1842

** Alert 1701629234.340407: - windows,windows_security,authentication_success,gdpr_IV_32.2,gpg13_7.1,gpg13_7.2,hipaa_164.312.b,nist_800_53_AC.7,nist_800_53_AU.14,pci_dss_10.2.5,tsc_CC6.8,tsc_CC7.2,tsc_CC7.3,
2023 Dec 03 20:47:14 (DESKTOP-KHSEO47) any->EventChannel
Rule: 60106 (level 3) -> 'Windows logon success.'
{"win":{"system":{"providerName":"Microsoft-Windows-Security-Auditing","providerGuid":"{54849625-5478-4994-a5ba-3e3b0328c30d}","eventID":"4624","version":"3","level":"0","task":"12544","opcode":"0","keywords":"0x8020000000000000","systemTime":"2023-12-03T18:44:17.9388188Z","eventRecordID":"1041445","processID":"1528","threadID":"28928","channel":"Security","computer":"DESKTOP-KHSEO47","severityValue":"AUDIT_SUCCESS","message":"\"An account was successfully logged on.\r\n\r\nSubject:\r\n\tSecurity ID:\t\tS-1-5-18\r\n\tAccount Name:\t\tDESKTOP-KHSEO47$\r\n\tAccount Domain:\t\tWORKGROUP\r\n\tLogon ID:\t\t0x3E7\r\n\r\nLogon Information:\r\n\tLogon Type:\t\t5\r\n\tRestricted Admin Mode:\t-\r\n\tRemote Credential Guard:\t-\r\n\tVirtual Account:\t\tNo\r\n\tElevated Token:\t\tYes\r\n\r\nImpersonation Level:\t\tImpersonation\r\n\r\nNew Logon:\r\n\tSecurity ID:\t\tS-1-5-18\r\n\tAccount Name:\t\tSYSTEM\r\n\tAccount Domain:\t\tNT AUTHORITY\r\n\tLogon ID:\t\t0x3E7\r\n\tLinked Logon ID:\t\t0x0\r\n\tNetwork Account Name:\t-\r\n\tNetwork Account Domain:\t-\r\n\tLogon GUID:\t\t{00000000-0000-0000-0000-000000000000}\r\n\r\nProcess Information:\r\n\tProcess ID:\t\t0x5cc\r\n\tProcess Name:\t\tC:\\Windows\\System32\\services.exe\r\n\r\nNetwork Information:\r\n\tWorkstation Name:\t-\r\n\tSource Network Address:\t-\r\n\tSource Port:\t\t-\r\n\r\nDetailed Authentication Information:\r\n\tLogon Process:\t\tAdvapi  \r\n\tAuthentication Package:\tNegotiate\r\n\tTransited Services:\t-\r\n\tPackage Name (NTLM only):\t-\r\n\tKey Length:\t\t0\r\n\r\nThis event is generated when a logon session is created. It is generated on the computer that was accessed.\r\n\r\nThe subject fields indicate the account on the local system which requested the logon. This is most commonly a service such as the Server service, or a local process such as Winlogon.exe or Services.exe.\r\n\r\nThe logon type field indicates the kind of logon that occurred. The most common types are 2 (interactive) and 3 (network).\r\n\r\nThe New Logon fields indicate the account for whom the new logon was created, i.e. the account that was logged on.\r\n\r\nThe network fields indicate where a remote logon request originated. Workstation name is not always available and may be left blank in some cases.\r\n\r\nThe impersonation level field indicates the extent to which a process in the logon session can impersonate.\r\n\r\nThe authentication information fields provide detailed information about this specific logon request.\r\n\t- Logon GUID is a unique identifier that can be used to correlate this event with a KDC event.\r\n\t- Transited services indicate which intermediate services have participated in this logon request.\r\n\t- Package name indicates which sub-protocol was used among the NTLM protocols.\r\n\t- Key length indicates the length of the generated session key. This will be 0 if no session key was requested.\""},"eventdata":{"subjectUserSid":"S-1-5-18","subjectUserName":"DESKTOP-KHSEO47$","subjectDomainName":"WORKGROUP","subjectLogonId":"0x3e7","targetUserSid":"S-1-5-18","targetUserName":"SYSTEM","targetDomainName":"NT AUTHORITY","targetLogonId":"0x3e7","logonType":"5","logonProcessName":"Advapi","authenticationPackageName":"Negotiate","logonGuid":"{00000000-0000-0000-0000-000000000000}","keyLength":"0","processId":"0x5cc","processName":"C:\\\\Windows\\\\System32\\\\services.exe","impersonationLevel":"%%1833","virtualAccount":"%%1843","targetLinkedLogonId":"0x0","elevatedToken":"%%1842"}}}
win.system.providerName: Microsoft-Windows-Security-Auditing
win.system.providerGuid: {54849625-5478-4994-a5ba-3e3b0328c30d}
win.system.eventID: 4624
win.system.version: 3
win.system.level: 0
win.system.task: 12544
win.system.opcode: 0
win.system.keywords: 0x8020000000000000
win.system.systemTime: 2023-12-03T18:44:17.9388188Z
win.system.eventRecordID: 1041445
win.system.processID: 1528
win.system.threadID: 28928
win.system.channel: Security
win.system.computer: DESKTOP-KHSEO47
win.system.severityValue: AUDIT_SUCCESS
win.system.message: "An account was successfully logged on.

Subject:
	Security ID:		S-1-5-18
	Account Name:		DESKTOP-KHSEO47$
	Account Domain:		WORKGROUP
	Logon ID:		0x3E7

Logon Information:
	Logon Type:		5
	Restricted Admin Mode:	-
	Remote Credential Guard:	-
	Virtual Account:		No
	Elevated Token:		Yes

Impersonation Level:		Impersonation

New Logon:
	Security ID:		S-1-5-18
	Account Name:		SYSTEM
	Account Domain:		NT AUTHORITY
	Logon ID:		0x3E7
	Linked Logon ID:		0x0
	Network Account Name:	-
	Network Account Domain:	-
	Logon GUID:		{00000000-0000-0000-0000-000000000000}

Process Information:
	Process ID:		0x5cc
	Process Name:		C:\Windows\System32\services.exe

Network Information:
	Workstation Name:	-
	Source Network Address:	-
	Source Port:		-

Detailed Authentication Information:
	Logon Process:		Advapi  
	Authentication Package:	Negotiate
	Transited Services:	-
	Package Name (NTLM only):	-
	Key Length:		0

This event is generated when a logon session is created. It is generated on the computer that was accessed.

The subject fields indicate the account on the local system which requested the logon. This is most commonly a service such as the Server service, or a local process such as Winlogon.exe or Services.exe.

The logon type field indicates the kind of logon that occurred. The most common types are 2 (interactive) and 3 (network).

The New Logon fields indicate the account for whom the new logon was created, i.e. the account that was logged on.

The network fields indicate where a remote logon request originated. Workstation name is not always available and may be left blank in some cases.

The impersonation level field indicates the extent to which a process in the logon session can impersonate.

The authentication information fields provide detailed information about this specific logon request.
	- Logon GUID is a unique identifier that can be used to correlate this event with a KDC event.
	- Transited services indicate which intermediate services have participated in this logon request.
	- Package name indicates which sub-protocol was used among the NTLM protocols.
	- Key length indicates the length of the generated session key. This will be 0 if no session key was requested."
win.eventdata.subjectUserSid: S-1-5-18
win.eventdata.subjectUserName: DESKTOP-KHSEO47$
win.eventdata.subjectDomainName: WORKGROUP
win.eventdata.subjectLogonId: 0x3e7
win.eventdata.targetUserSid: S-1-5-18
win.eventdata.targetUserName: SYSTEM
win.eventdata.targetDomainName: NT AUTHORITY
win.eventdata.targetLogonId: 0x3e7
win.eventdata.logonType: 5
win.eventdata.logonProcessName: Advapi
win.eventdata.authenticationPackageName: Negotiate
win.eventdata.logonGuid: {00000000-0000-0000-0000-000000000000}
win.eventdata.keyLength: 0
win.eventdata.processId: 0x5cc
win.eventdata.processName: C:\\Windows\\System32\\services.exe
win.eventdata.impersonationLevel: %%1833
win.eventdata.virtualAccount: %%1843
win.eventdata.targetLinkedLogonId: 0x0
win.eventdata.elevatedToken: %%1842

** Alert 1701629235.347800: - windows,windows_security,authentication_success,gdpr_IV_32.2,gpg13_7.1,gpg13_7.2,hipaa_164.312.b,nist_800_53_AC.7,nist_800_53_AU.14,pci_dss_10.2.5,tsc_CC6.8,tsc_CC7.2,tsc_CC7.3,
2023 Dec 03 20:47:15 (DESKTOP-KHSEO47) any->EventChannel
Rule: 60106 (level 3) -> 'Windows logon success.'
{"win":{"system":{"providerName":"Microsoft-Windows-Security-Auditing","providerGuid":"{54849625-5478-4994-a5ba-3e3b0328c30d}","eventID":"4624","version":"3","level":"0","task":"12544","opcode":"0","keywords":"0x8020000000000000","systemTime":"2023-12-03T18:45:13.6163213Z","eventRecordID":"1041504","processID":"1528","threadID":"11352","channel":"Security","computer":"DESKTOP-KHSEO47","severityValue":"AUDIT_SUCCESS","message":"\"An account was successfully logged on.\r\n\r\nSubject:\r\n\tSecurity ID:\t\tS-1-5-18\r\n\tAccount Name:\t\tDESKTOP-KHSEO47$\r\n\tAccount Domain:\t\tWORKGROUP\r\n\tLogon ID:\t\t0x3E7\r\n\r\nLogon Information:\r\n\tLogon Type:\t\t5\r\n\tRestricted Admin Mode:\t-\r\n\tRemote Credential Guard:\t-\r\n\tVirtual Account:\t\tNo\r\n\tElevated Token:\t\tYes\r\n\r\nImpersonation Level:\t\tImpersonation\r\n\r\nNew Logon:\r\n\tSecurity ID:\t\tS-1-5-18\r\n\tAccount Name:\t\tSYSTEM\r\n\tAccount Domain:\t\tNT AUTHORITY\r\n\tLogon ID:\t\t0x3E7\r\n\tLinked Logon ID:\t\t0x0\r\n\tNetwork Account Name:\t-\r\n\tNetwork Account Domain:\t-\r\n\tLogon GUID:\t\t{00000000-0000-0000-0000-000000000000}\r\n\r\nProcess Information:\r\n\tProcess ID:\t\t0x5cc\r\n\tProcess Name:\t\tC:\\Windows\\System32\\services.exe\r\n\r\nNetwork Information:\r\n\tWorkstation Name:\t-\r\n\tSource Network Address:\t-\r\n\tSource Port:\t\t-\r\n\r\nDetailed Authentication Information:\r\n\tLogon Process:\t\tAdvapi  \r\n\tAuthentication Package:\tNegotiate\r\n\tTransited Services:\t-\r\n\tPackage Name (NTLM only):\t-\r\n\tKey Length:\t\t0\r\n\r\nThis event is generated when a logon session is created. It is generated on the computer that was accessed.\r\n\r\nThe subject fields indicate the account on the local system which requested the logon. This is most commonly a service such as the Server service, or a local process such as Winlogon.exe or Services.exe.\r\n\r\nThe logon type field indicates the kind of logon that occurred. The most common types are 2 (interactive) and 3 (network).\r\n\r\nThe New Logon fields indicate the account for whom the new logon was created, i.e. the account that was logged on.\r\n\r\nThe network fields indicate where a remote logon request originated. Workstation name is not always available and may be left blank in some cases.\r\n\r\nThe impersonation level field indicates the extent to which a process in the logon session can impersonate.\r\n\r\nThe authentication information fields provide detailed information about this specific logon request.\r\n\t- Logon GUID is a unique identifier that can be used to correlate this event with a KDC event.\r\n\t- Transited services indicate which intermediate services have participated in this logon request.\r\n\t- Package name indicates which sub-protocol was used among the NTLM protocols.\r\n\t- Key length indicates the length of the generated session key. This will be 0 if no session key was requested.\""},"eventdata":{"subjectUserSid":"S-1-5-18","subjectUserName":"DESKTOP-KHSEO47$","subjectDomainName":"WORKGROUP","subjectLogonId":"0x3e7","targetUserSid":"S-1-5-18","targetUserName":"SYSTEM","targetDomainName":"NT AUTHORITY","targetLogonId":"0x3e7","logonType":"5","logonProcessName":"Advapi","authenticationPackageName":"Negotiate","logonGuid":"{00000000-0000-0000-0000-000000000000}","keyLength":"0","processId":"0x5cc","processName":"C:\\\\Windows\\\\System32\\\\services.exe","impersonationLevel":"%%1833","virtualAccount":"%%1843","targetLinkedLogonId":"0x0","elevatedToken":"%%1842"}}}
win.system.providerName: Microsoft-Windows-Security-Auditing
win.system.providerGuid: {54849625-5478-4994-a5ba-3e3b0328c30d}
win.system.eventID: 4624
win.system.version: 3
win.system.level: 0
win.system.task: 12544
win.system.opcode: 0
win.system.keywords: 0x8020000000000000
win.system.systemTime: 2023-12-03T18:45:13.6163213Z
win.system.eventRecordID: 1041504
win.system.processID: 1528
win.system.threadID: 11352
win.system.channel: Security
win.system.computer: DESKTOP-KHSEO47
win.system.severityValue: AUDIT_SUCCESS
win.system.message: "An account was successfully logged on.

Subject:
	Security ID:		S-1-5-18
	Account Name:		DESKTOP-KHSEO47$
	Account Domain:		WORKGROUP
	Logon ID:		0x3E7

Logon Information:
	Logon Type:		5
	Restricted Admin Mode:	-
	Remote Credential Guard:	-
	Virtual Account:		No
	Elevated Token:		Yes

Impersonation Level:		Impersonation

New Logon:
	Security ID:		S-1-5-18
	Account Name:		SYSTEM
	Account Domain:		NT AUTHORITY
	Logon ID:		0x3E7
	Linked Logon ID:		0x0
	Network Account Name:	-
	Network Account Domain:	-
	Logon GUID:		{00000000-0000-0000-0000-000000000000}

Process Information:
	Process ID:		0x5cc
	Process Name:		C:\Windows\System32\services.exe

Network Information:
	Workstation Name:	-
	Source Network Address:	-
	Source Port:		-

Detailed Authentication Information:
	Logon Process:		Advapi  
	Authentication Package:	Negotiate
	Transited Services:	-
	Package Name (NTLM only):	-
	Key Length:		0

This event is generated when a logon session is created. It is generated on the computer that was accessed.

The subject fields indicate the account on the local system which requested the logon. This is most commonly a service such as the Server service, or a local process such as Winlogon.exe or Services.exe.

The logon type field indicates the kind of logon that occurred. The most common types are 2 (interactive) and 3 (network).

The New Logon fields indicate the account for whom the new logon was created, i.e. the account that was logged on.

The network fields indicate where a remote logon request originated. Workstation name is not always available and may be left blank in some cases.

The impersonation level field indicates the extent to which a process in the logon session can impersonate.

The authentication information fields provide detailed information about this specific logon request.
	- Logon GUID is a unique identifier that can be used to correlate this event with a KDC event.
	- Transited services indicate which intermediate services have participated in this logon request.
	- Package name indicates which sub-protocol was used among the NTLM protocols.
	- Key length indicates the length of the generated session key. This will be 0 if no session key was requested."
win.eventdata.subjectUserSid: S-1-5-18
win.eventdata.subjectUserName: DESKTOP-KHSEO47$
win.eventdata.subjectDomainName: WORKGROUP
win.eventdata.subjectLogonId: 0x3e7
win.eventdata.targetUserSid: S-1-5-18
win.eventdata.targetUserName: SYSTEM
win.eventdata.targetDomainName: NT AUTHORITY
win.eventdata.targetLogonId: 0x3e7
win.eventdata.logonType: 5
win.eventdata.logonProcessName: Advapi
win.eventdata.authenticationPackageName: Negotiate
win.eventdata.logonGuid: {00000000-0000-0000-0000-000000000000}
win.eventdata.keyLength: 0
win.eventdata.processId: 0x5cc
win.eventdata.processName: C:\\Windows\\System32\\services.exe
win.eventdata.impersonationLevel: %%1833
win.eventdata.virtualAccount: %%1843
win.eventdata.targetLinkedLogonId: 0x0
win.eventdata.elevatedToken: %%1842

** Alert 1701629236.355193: - ossec,pci_dss_10.6.1,gpg13_10.1,gdpr_IV_35.7.d,hipaa_164.312.b,nist_800_53_AU.6,tsc_CC7.2,tsc_CC7.3,
2023 Dec 03 20:47:16 wazuh->wazuh-monitord
Rule: 502 (level 3) -> 'Wazuh server started.'
ossec: Manager started.

** Alert 1701629239.355439: - pam,syslog,authentication_success,pci_dss_10.2.5,gpg13_7.8,gpg13_7.9,gdpr_IV_32.2,hipaa_164.312.b,nist_800_53_AU.14,nist_800_53_AC.7,tsc_CC6.8,tsc_CC7.2,tsc_CC7.3,
2023 Dec 03 20:47:19 wazuh->/var/log/auth.log
Rule: 5501 (level 3) -> 'PAM: Login session opened.'
User: wazuh(uid=1000)
Dec  3 20:47:17 wazuh systemd: pam_unix(systemd-user:session): session opened for user wazuh(uid=1000) by (uid=0)
uid: 0

** Alert 1701629241.355876: - local,syslog,apparmor,
2023 Dec 03 20:47:21 wazuh->/var/log/syslog
Rule: 52002 (level 3) -> 'Apparmor DENIED'
Dec  3 20:47:19 wazuh kernel: [   52.171894] audit: type=1400 audit(1701629239.921:51): apparmor="DENIED" operation="capable" class="cap" profile="/snap/snapd/20290/usr/lib/snapd/snap-confine" pid=2553 comm="snap-confine" capability=12  capname="net_admin"

** Alert 1701629241.356274: - local,syslog,apparmor,
2023 Dec 03 20:47:21 wazuh->/var/log/syslog
Rule: 52002 (level 3) -> 'Apparmor DENIED'
Dec  3 20:47:19 wazuh kernel: [   52.173866] audit: type=1400 audit(1701629239.925:52): apparmor="DENIED" operation="capable" class="cap" profile="/snap/snapd/20290/usr/lib/snapd/snap-confine" pid=2553 comm="snap-confine" capability=38  capname="perfmon"

** Alert 1701629241.356670: - local,syslog,apparmor,
2023 Dec 03 20:47:21 wazuh->/var/log/kern.log
Rule: 52002 (level 3) -> 'Apparmor DENIED'
Dec  3 20:47:19 wazuh kernel: [   52.171894] audit: type=1400 audit(1701629239.921:51): apparmor="DENIED" operation="capable" class="cap" profile="/snap/snapd/20290/usr/lib/snapd/snap-confine" pid=2553 comm="snap-confine" capability=12  capname="net_admin"

** Alert 1701629241.357070: - local,syslog,apparmor,
2023 Dec 03 20:47:21 wazuh->/var/log/kern.log
Rule: 52002 (level 3) -> 'Apparmor DENIED'
Dec  3 20:47:19 wazuh kernel: [   52.173866] audit: type=1400 audit(1701629239.925:52): apparmor="DENIED" operation="capable" class="cap" profile="/snap/snapd/20290/usr/lib/snapd/snap-confine" pid=2553 comm="snap-confine" capability=38  capname="perfmon"

** Alert 1701629242.357468: - ossec,active_response,pci_dss_11.4,gdpr_IV_35.7.d,nist_800_53_SI.4,tsc_CC6.1,tsc_CC6.8,tsc_CC7.2,tsc_CC7.3,tsc_CC7.4,
2023 Dec 03 20:47:22 (DESKTOP-KHSEO47) any->active-response\active-responses.log
Rule: 657 (level 3) -> 'Active response: restart-wazuh.exe - add'
2023/12/03 20:47:20 active-response/bin/restart-wazuh.exe: {"version":1,"origin":{"name":"","module":"wazuh-execd"},"command":"add","parameters":{"extra_args":[],"alert":{},"program":"restart-wazuh.exe"}}
version: 1
origin.module: wazuh-execd
command: add
parameters.extra_args: []
parameters.program: restart-wazuh.exe

** Alert 1701629242.358084: - ossec,pci_dss_10.6.1,pci_dss_10.2.6,gpg13_10.1,gdpr_IV_35.7.d,hipaa_164.312.b,nist_800_53_AU.6,nist_800_53_AU.14,nist_800_53_AU.5,tsc_CC7.2,tsc_CC7.3,tsc_CC6.8,
2023 Dec 03 20:47:22 (DESKTOP-KHSEO47) any->wazuh-remoted
Rule: 506 (level 3) -> 'Wazuh agent stopped.'
ossec: Agent stopped: 'DESKTOP-KHSEO47->any'.

** Alert 1701629257.358426: - ossec,pci_dss_10.6.1,pci_dss_10.2.6,gpg13_10.1,gdpr_IV_35.7.d,hipaa_164.312.b,nist_800_53_AU.6,nist_800_53_AU.14,nist_800_53_AU.5,tsc_CC7.2,tsc_CC7.3,tsc_CC6.8,
2023 Dec 03 20:47:37 (DESKTOP-KHSEO47) any->wazuh-agent
Rule: 503 (level 3) -> 'Wazuh agent started.'
ossec: Agent started: 'DESKTOP-KHSEO47->any'.

** Alert 1701629265.358766: - local,systemd,gpg13_4.3,gdpr_IV_35.7.d,
2023 Dec 03 20:47:45 wazuh->/var/log/syslog
Rule: 40704 (level 5) -> 'Systemd: Service exited due to a failure.'
Dec  3 20:47:43 wazuh systemd[1349]: xdg-permission-store.service: Main process exited, code=exited, status=1/FAILURE

** Alert 1701629285.359068: - windows,windows_security,authentication_success,gdpr_IV_32.2,gpg13_7.1,gpg13_7.2,hipaa_164.312.b,nist_800_53_AC.7,nist_800_53_AU.14,pci_dss_10.2.5,tsc_CC6.8,tsc_CC7.2,tsc_CC7.3,
2023 Dec 03 20:48:05 (DESKTOP-KHSEO47) any->EventChannel
Rule: 60106 (level 3) -> 'Windows logon success.'
{"win":{"system":{"providerName":"Microsoft-Windows-Security-Auditing","providerGuid":"{54849625-5478-4994-a5ba-3e3b0328c30d}","eventID":"4624","version":"3","level":"0","task":"12544","opcode":"0","keywords":"0x8020000000000000","systemTime":"2023-12-03T18:48:03.6630146Z","eventRecordID":"1041520","processID":"1528","threadID":"1608","channel":"Security","computer":"DESKTOP-KHSEO47","severityValue":"AUDIT_SUCCESS","message":"\"An account was successfully logged on.\r\n\r\nSubject:\r\n\tSecurity ID:\t\tS-1-5-18\r\n\tAccount Name:\t\tDESKTOP-KHSEO47$\r\n\tAccount Domain:\t\tWORKGROUP\r\n\tLogon ID:\t\t0x3E7\r\n\r\nLogon Information:\r\n\tLogon Type:\t\t5\r\n\tRestricted Admin Mode:\t-\r\n\tRemote Credential Guard:\t-\r\n\tVirtual Account:\t\tNo\r\n\tElevated Token:\t\tYes\r\n\r\nImpersonation Level:\t\tImpersonation\r\n\r\nNew Logon:\r\n\tSecurity ID:\t\tS-1-5-18\r\n\tAccount Name:\t\tSYSTEM\r\n\tAccount Domain:\t\tNT AUTHORITY\r\n\tLogon ID:\t\t0x3E7\r\n\tLinked Logon ID:\t\t0x0\r\n\tNetwork Account Name:\t-\r\n\tNetwork Account Domain:\t-\r\n\tLogon GUID:\t\t{00000000-0000-0000-0000-000000000000}\r\n\r\nProcess Information:\r\n\tProcess ID:\t\t0x5cc\r\n\tProcess Name:\t\tC:\\Windows\\System32\\services.exe\r\n\r\nNetwork Information:\r\n\tWorkstation Name:\t-\r\n\tSource Network Address:\t-\r\n\tSource Port:\t\t-\r\n\r\nDetailed Authentication Information:\r\n\tLogon Process:\t\tAdvapi  \r\n\tAuthentication Package:\tNegotiate\r\n\tTransited Services:\t-\r\n\tPackage Name (NTLM only):\t-\r\n\tKey Length:\t\t0\r\n\r\nThis event is generated when a logon session is created. It is generated on the computer that was accessed.\r\n\r\nThe subject fields indicate the account on the local system which requested the logon. This is most commonly a service such as the Server service, or a local process such as Winlogon.exe or Services.exe.\r\n\r\nThe logon type field indicates the kind of logon that occurred. The most common types are 2 (interactive) and 3 (network).\r\n\r\nThe New Logon fields indicate the account for whom the new logon was created, i.e. the account that was logged on.\r\n\r\nThe network fields indicate where a remote logon request originated. Workstation name is not always available and may be left blank in some cases.\r\n\r\nThe impersonation level field indicates the extent to which a process in the logon session can impersonate.\r\n\r\nThe authentication information fields provide detailed information about this specific logon request.\r\n\t- Logon GUID is a unique identifier that can be used to correlate this event with a KDC event.\r\n\t- Transited services indicate which intermediate services have participated in this logon request.\r\n\t- Package name indicates which sub-protocol was used among the NTLM protocols.\r\n\t- Key length indicates the length of the generated session key. This will be 0 if no session key was requested.\""},"eventdata":{"subjectUserSid":"S-1-5-18","subjectUserName":"DESKTOP-KHSEO47$","subjectDomainName":"WORKGROUP","subjectLogonId":"0x3e7","targetUserSid":"S-1-5-18","targetUserName":"SYSTEM","targetDomainName":"NT AUTHORITY","targetLogonId":"0x3e7","logonType":"5","logonProcessName":"Advapi","authenticationPackageName":"Negotiate","logonGuid":"{00000000-0000-0000-0000-000000000000}","keyLength":"0","processId":"0x5cc","processName":"C:\\\\Windows\\\\System32\\\\services.exe","impersonationLevel":"%%1833","virtualAccount":"%%1843","targetLinkedLogonId":"0x0","elevatedToken":"%%1842"}}}
win.system.providerName: Microsoft-Windows-Security-Auditing
win.system.providerGuid: {54849625-5478-4994-a5ba-3e3b0328c30d}
win.system.eventID: 4624
win.system.version: 3
win.system.level: 0
win.system.task: 12544
win.system.opcode: 0
win.system.keywords: 0x8020000000000000
win.system.systemTime: 2023-12-03T18:48:03.6630146Z
win.system.eventRecordID: 1041520
win.system.processID: 1528
win.system.threadID: 1608
win.system.channel: Security
win.system.computer: DESKTOP-KHSEO47
win.system.severityValue: AUDIT_SUCCESS
win.system.message: "An account was successfully logged on.

Subject:
	Security ID:		S-1-5-18
	Account Name:		DESKTOP-KHSEO47$
	Account Domain:		WORKGROUP
	Logon ID:		0x3E7

Logon Information:
	Logon Type:		5
	Restricted Admin Mode:	-
	Remote Credential Guard:	-
	Virtual Account:		No
	Elevated Token:		Yes

Impersonation Level:		Impersonation

New Logon:
	Security ID:		S-1-5-18
	Account Name:		SYSTEM
	Account Domain:		NT AUTHORITY
	Logon ID:		0x3E7
	Linked Logon ID:		0x0
	Network Account Name:	-
	Network Account Domain:	-
	Logon GUID:		{00000000-0000-0000-0000-000000000000}

Process Information:
	Process ID:		0x5cc
	Process Name:		C:\Windows\System32\services.exe

Network Information:
	Workstation Name:	-
	Source Network Address:	-
	Source Port:		-

Detailed Authentication Information:
	Logon Process:		Advapi  
	Authentication Package:	Negotiate
	Transited Services:	-
	Package Name (NTLM only):	-
	Key Length:		0

This event is generated when a logon session is created. It is generated on the computer that was accessed.

The subject fields indicate the account on the local system which requested the logon. This is most commonly a service such as the Server service, or a local process such as Winlogon.exe or Services.exe.

The logon type field indicates the kind of logon that occurred. The most common types are 2 (interactive) and 3 (network).

The New Logon fields indicate the account for whom the new logon was created, i.e. the account that was logged on.

The network fields indicate where a remote logon request originated. Workstation name is not always available and may be left blank in some cases.

The impersonation level field indicates the extent to which a process in the logon session can impersonate.

The authentication information fields provide detailed information about this specific logon request.
	- Logon GUID is a unique identifier that can be used to correlate this event with a KDC event.
	- Transited services indicate which intermediate services have participated in this logon request.
	- Package name indicates which sub-protocol was used among the NTLM protocols.
	- Key length indicates the length of the generated session key. This will be 0 if no session key was requested."
win.eventdata.subjectUserSid: S-1-5-18
win.eventdata.subjectUserName: DESKTOP-KHSEO47$
win.eventdata.subjectDomainName: WORKGROUP
win.eventdata.subjectLogonId: 0x3e7
win.eventdata.targetUserSid: S-1-5-18
win.eventdata.targetUserName: SYSTEM
win.eventdata.targetDomainName: NT AUTHORITY
win.eventdata.targetLogonId: 0x3e7
win.eventdata.logonType: 5
win.eventdata.logonProcessName: Advapi
win.eventdata.authenticationPackageName: Negotiate
win.eventdata.logonGuid: {00000000-0000-0000-0000-000000000000}
win.eventdata.keyLength: 0
win.eventdata.processId: 0x5cc
win.eventdata.processName: C:\\Windows\\System32\\services.exe
win.eventdata.impersonationLevel: %%1833
win.eventdata.virtualAccount: %%1843
win.eventdata.targetLinkedLogonId: 0x0
win.eventdata.elevatedToken: %%1842

