** Alert 1701629233.136161: - windows,windows_security,gdpr_IV_32.2,hipaa_164.312.b,nist_800_53_AC.7,nist_800_53_AU.14,pci_dss_10.2.5,tsc_CC6.8,tsc_CC7.2,tsc_CC7.3,
2023 Dec 03 20:47:13 (DESKTOP-KHSEO47) any->EventChannel
Rule: 60137 (level 3) -> 'Windows User Logoff.'
{"win":{"system":{"providerName":"Microsoft-Windows-Security-Auditing","providerGuid":"{54849625-5478-4994-a5ba-3e3b0328c30d}","eventID":"4634","version":"0","level":"0","task":"12545","opcode":"0","keywords":"0x8020000000000000","systemTime":"2023-12-03T15:35:21.5084348Z","eventRecordID":"1040911","processID":"1528","threadID":"14076","channel":"Security","computer":"DESKTOP-KHSEO47","severityValue":"AUDIT_SUCCESS","message":"\"An account was logged off.\r\n\r\nSubject:\r\n\tSecurity ID:\t\tS-1-5-21-2287882887-1249231905-139361478-1001\r\n\tAccount Name:\t\tevgen\r\n\tAccount Domain:\t\tDESKTOP-KHSEO47\r\n\tLogon ID:\t\t0xF690BC5\r\n\r\nLogon Type:\t\t\t2\r\n\r\nThis event is generated when a logon session is destroyed. It may be positively correlated with a logon event using the Logon ID value. Logon IDs are only unique between reboots on the same computer.\""},"eventdata":{"targetUserSid":"S-1-5-21-2287882887-1249231905-139361478-1001","targetUserName":"evgen","targetDomainName":"DESKTOP-KHSEO47","targetLogonId":"0xf690bc5","logonType":"2"}}}
win.system.providerName: Microsoft-Windows-Security-Auditing
win.system.providerGuid: {54849625-5478-4994-a5ba-3e3b0328c30d}
win.system.eventID: 4634
win.system.version: 0
win.system.level: 0
win.system.task: 12545
win.system.opcode: 0
win.system.keywords: 0x8020000000000000
win.system.systemTime: 2023-12-03T15:35:21.5084348Z
win.system.eventRecordID: 1040911
win.system.processID: 1528
win.system.threadID: 14076
win.system.channel: Security
win.system.computer: DESKTOP-KHSEO47
win.system.severityValue: AUDIT_SUCCESS
win.system.message: "An account was logged off.

Subject:
	Security ID:		S-1-5-21-2287882887-1249231905-139361478-1001
	Account Name:		evgen
	Account Domain:		DESKTOP-KHSEO47
	Logon ID:		0xF690BC5

Logon Type:			2

This event is generated when a logon session is destroyed. It may be positively correlated with a logon event using the Logon ID value. Logon IDs are only unique between reboots on the same computer."
win.eventdata.targetUserSid: S-1-5-21-2287882887-1249231905-139361478-1001
win.eventdata.targetUserName: evgen
win.eventdata.targetDomainName: DESKTOP-KHSEO47
win.eventdata.targetLogonId: 0xf690bc5
win.eventdata.logonType: 2

** Alert 1701629233.138667: - windows,windows_security,gdpr_IV_32.2,hipaa_164.312.b,nist_800_53_AC.7,nist_800_53_AU.14,pci_dss_10.2.5,tsc_CC6.8,tsc_CC7.2,tsc_CC7.3,
2023 Dec 03 20:47:13 (DESKTOP-KHSEO47) any->EventChannel
Rule: 60137 (level 3) -> 'Windows User Logoff.'
{"win":{"system":{"providerName":"Microsoft-Windows-Security-Auditing","providerGuid":"{54849625-5478-4994-a5ba-3e3b0328c30d}","eventID":"4634","version":"0","level":"0","task":"12545","opcode":"0","keywords":"0x8020000000000000","systemTime":"2023-12-03T15:35:21.5086814Z","eventRecordID":"1040912","processID":"1528","threadID":"1608","channel":"Security","computer":"DESKTOP-KHSEO47","severityValue":"AUDIT_SUCCESS","message":"\"An account was logged off.\r\n\r\nSubject:\r\n\tSecurity ID:\t\tS-1-5-21-2287882887-1249231905-139361478-1001\r\n\tAccount Name:\t\tevgen\r\n\tAccount Domain:\t\tDESKTOP-KHSEO47\r\n\tLogon ID:\t\t0xF69169E\r\n\r\nLogon Type:\t\t\t7\r\n\r\nThis event is generated when a logon session is destroyed. It may be positively correlated with a logon event using the Logon ID value. Logon IDs are only unique between reboots on the same computer.\""},"eventdata":{"targetUserSid":"S-1-5-21-2287882887-1249231905-139361478-1001","targetUserName":"evgen","targetDomainName":"DESKTOP-KHSEO47","targetLogonId":"0xf69169e","logonType":"7"}}}
win.system.providerName: Microsoft-Windows-Security-Auditing
win.system.providerGuid: {54849625-5478-4994-a5ba-3e3b0328c30d}
win.system.eventID: 4634
win.system.version: 0
win.system.level: 0
win.system.task: 12545
win.system.opcode: 0
win.system.keywords: 0x8020000000000000
win.system.systemTime: 2023-12-03T15:35:21.5086814Z
win.system.eventRecordID: 1040912
win.system.processID: 1528
win.system.threadID: 1608
win.system.channel: Security
win.system.computer: DESKTOP-KHSEO47
win.system.severityValue: AUDIT_SUCCESS
win.system.message: "An account was logged off.

Subject:
	Security ID:		S-1-5-21-2287882887-1249231905-139361478-1001
	Account Name:		evgen
	Account Domain:		DESKTOP-KHSEO47
	Logon ID:		0xF69169E

Logon Type:			7

This event is generated when a logon session is destroyed. It may be positively correlated with a logon event using the Logon ID value. Logon IDs are only unique between reboots on the same computer."
win.eventdata.targetUserSid: S-1-5-21-2287882887-1249231905-139361478-1001
win.eventdata.targetUserName: evgen
win.eventdata.targetDomainName: DESKTOP-KHSEO47
win.eventdata.targetLogonId: 0xf69169e
win.eventdata.logonType: 7

** Alert 1701629233.141171: - windows,windows_security,gdpr_IV_32.2,hipaa_164.312.b,nist_800_53_AC.7,nist_800_53_AU.14,pci_dss_10.2.5,tsc_CC6.8,tsc_CC7.2,tsc_CC7.3,
2023 Dec 03 20:47:13 (DESKTOP-KHSEO47) any->EventChannel
Rule: 60137 (level 3) -> 'Windows User Logoff.'
{"win":{"system":{"providerName":"Microsoft-Windows-Security-Auditing","providerGuid":"{54849625-5478-4994-a5ba-3e3b0328c30d}","eventID":"4634","version":"0","level":"0","task":"12545","opcode":"0","keywords":"0x8020000000000000","systemTime":"2023-12-03T15:35:21.5088539Z","eventRecordID":"1040913","processID":"1528","threadID":"18804","channel":"Security","computer":"DESKTOP-KHSEO47","severityValue":"AUDIT_SUCCESS","message":"\"An account was logged off.\r\n\r\nSubject:\r\n\tSecurity ID:\t\tS-1-5-21-2287882887-1249231905-139361478-1001\r\n\tAccount Name:\t\tevgen\r\n\tAccount Domain:\t\tDESKTOP-KHSEO47\r\n\tLogon ID:\t\t0xF690B65\r\n\r\nLogon Type:\t\t\t2\r\n\r\nThis event is generated when a logon session is destroyed. It may be positively correlated with a logon event using the Logon ID value. Logon IDs are only unique between reboots on the same computer.\""},"eventdata":{"targetUserSid":"S-1-5-21-2287882887-1249231905-139361478-1001","targetUserName":"evgen","targetDomainName":"DESKTOP-KHSEO47","targetLogonId":"0xf690b65","logonType":"2"}}}
win.system.providerName: Microsoft-Windows-Security-Auditing
win.system.providerGuid: {54849625-5478-4994-a5ba-3e3b0328c30d}
win.system.eventID: 4634
win.system.version: 0
win.system.level: 0
win.system.task: 12545
win.system.opcode: 0
win.system.keywords: 0x8020000000000000
win.system.systemTime: 2023-12-03T15:35:21.5088539Z
win.system.eventRecordID: 1040913
win.system.processID: 1528
win.system.threadID: 18804
win.system.channel: Security
win.system.computer: DESKTOP-KHSEO47
win.system.severityValue: AUDIT_SUCCESS
win.system.message: "An account was logged off.

Subject:
	Security ID:		S-1-5-21-2287882887-1249231905-139361478-1001
	Account Name:		evgen
	Account Domain:		DESKTOP-KHSEO47
	Logon ID:		0xF690B65

Logon Type:			2

This event is generated when a logon session is destroyed. It may be positively correlated with a logon event using the Logon ID value. Logon IDs are only unique between reboots on the same computer."
win.eventdata.targetUserSid: S-1-5-21-2287882887-1249231905-139361478-1001
win.eventdata.targetUserName: evgen
win.eventdata.targetDomainName: DESKTOP-KHSEO47
win.eventdata.targetLogonId: 0xf690b65
win.eventdata.logonType: 2

** Alert 1701629233.143677: - windows,windows_security,authentication_success,gdpr_IV_32.2,gpg13_7.1,gpg13_7.2,hipaa_164.312.b,nist_800_53_AC.7,nist_800_53_AU.14,pci_dss_10.2.5,tsc_CC6.8,tsc_CC7.2,tsc_CC7.3,
2023 Dec 03 20:47:13 (DESKTOP-KHSEO47) any->EventChannel
Rule: 60106 (level 3) -> 'Windows logon success.'
{"win":{"system":{"providerName":"Microsoft-Windows-Security-Auditing","providerGuid":"{54849625-5478-4994-a5ba-3e3b0328c30d}","eventID":"4624","version":"3","level":"0","task":"12544","opcode":"0","keywords":"0x8020000000000000","systemTime":"2023-12-03T15:35:22.4249104Z","eventRecordID":"1040914","processID":"1528","threadID":"18804","channel":"Security","computer":"DESKTOP-KHSEO47","severityValue":"AUDIT_SUCCESS","message":"\"An account was successfully logged on.\r\n\r\nSubject:\r\n\tSecurity ID:\t\tS-1-5-18\r\n\tAccount Name:\t\tDESKTOP-KHSEO47$\r\n\tAccount Domain:\t\tWORKGROUP\r\n\tLogon ID:\t\t0x3E7\r\n\r\nLogon Information:\r\n\tLogon Type:\t\t5\r\n\tRestricted Admin Mode:\t-\r\n\tRemote Credential Guard:\t-\r\n\tVirtual Account:\t\tNo\r\n\tElevated Token:\t\tYes\r\n\r\nImpersonation Level:\t\tImpersonation\r\n\r\nNew Logon:\r\n\tSecurity ID:\t\tS-1-5-18\r\n\tAccount Name:\t\tSYSTEM\r\n\tAccount Domain:\t\tNT AUTHORITY\r\n\tLogon ID:\t\t0x3E7\r\n\tLinked Logon ID:\t\t0x0\r\n\tNetwork Account Name:\t-\r\n\tNetwork Account Domain:\t-\r\n\tLogon GUID:\t\t{00000000-0000-0000-0000-000000000000}\r\n\r\nProcess Information:\r\n\tProcess ID:\t\t0x5cc\r\n\tProcess Name:\t\tC:\\Windows\\System32\\services.exe\r\n\r\nNetwork Information:\r\n\tWorkstation Name:\t-\r\n\tSource Network Address:\t-\r\n\tSource Port:\t\t-\r\n\r\nDetailed Authentication Information:\r\n\tLogon Process:\t\tAdvapi  \r\n\tAuthentication Package:\tNegotiate\r\n\tTransited Services:\t-\r\n\tPackage Name (NTLM only):\t-\r\n\tKey Length:\t\t0\r\n\r\nThis event is generated when a logon session is created. It is generated on the computer that was accessed.\r\n\r\nThe subject fields indicate the account on the local system which requested the logon. This is most commonly a service such as the Server service, or a local process such as Winlogon.exe or Services.exe.\r\n\r\nThe logon type field indicates the kind of logon that occurred. The most common types are 2 (interactive) and 3 (network).\r\n\r\nThe New Logon fields indicate the account for whom the new logon was created, i.e. the account that was logged on.\r\n\r\nThe network fields indicate where a remote logon request originated. Workstation name is not always available and may be left blank in some cases.\r\n\r\nThe impersonation level field indicates the extent to which a process in the logon session can impersonate.\r\n\r\nThe authentication information fields provide detailed information about this specific logon request.\r\n\t- Logon GUID is a unique identifier that can be used to correlate this event with a KDC event.\r\n\t- Transited services indicate which intermediate services have participated in this logon request.\r\n\t- Package name indicates which sub-protocol was used among the NTLM protocols.\r\n\t- Key length indicates the length of the generated session key. This will be 0 if no session key was requested.\""},"eventdata":{"subjectUserSid":"S-1-5-18","subjectUserName":"DESKTOP-KHSEO47$","subjectDomainName":"WORKGROUP","subjectLogonId":"0x3e7","targetUserSid":"S-1-5-18","targetUserName":"SYSTEM","targetDomainName":"NT AUTHORITY","targetLogonId":"0x3e7","logonType":"5","logonProcessName":"Advapi","authenticationPackageName":"Negotiate","logonGuid":"{00000000-0000-0000-0000-000000000000}","keyLength":"0","processId":"0x5cc","processName":"C:\\\\Windows\\\\System32\\\\services.exe","impersonationLevel":"%%1833","virtualAccount":"%%1843","targetLinkedLogonId":"0x0","elevatedToken":"%%1842"}}}
win.system.providerName: Microsoft-Windows-Security-Auditing
win.system.providerGuid: {54849625-5478-4994-a5ba-3e3b0328c30d}
win.system.eventID: 4624
win.system.version: 3
win.system.level: 0
win.system.task: 12544
win.system.opcode: 0
win.system.keywords: 0x8020000000000000
win.system.systemTime: 2023-12-03T15:35:22.4249104Z
win.system.eventRecordID: 1040914
win.system.processID: 1528
win.system.threadID: 18804
win.system.channel: Security
win.system.computer: DESKTOP-KHSEO47
win.system.severityValue: AUDIT_SUCCESS
win.system.message: "An account was successfully logged on.

Subject:
	Security ID:		S-1-5-18
	Account Name:		DESKTOP-KHSEO47$
	Account Domain:		WORKGROUP
	Logon ID:		0x3E7

Logon Information:
	Logon Type:		5
	Restricted Admin Mode:	-
	Remote Credential Guard:	-
	Virtual Account:		No
	Elevated Token:		Yes

Impersonation Level:		Impersonation

New Logon:
	Security ID:		S-1-5-18
	Account Name:		SYSTEM
	Account Domain:		NT AUTHORITY
	Logon ID:		0x3E7
	Linked Logon ID:		0x0
	Network Account Name:	-
	Network Account Domain:	-
	Logon GUID:		{00000000-0000-0000-0000-000000000000}

Process Information:
	Process ID:		0x5cc
	Process Name:		C:\Windows\System32\services.exe

Network Information:
	Workstation Name:	-
	Source Network Address:	-
	Source Port:		-

Detailed Authentication Information:
	Logon Process:		Advapi  
	Authentication Package:	Negotiate
	Transited Services:	-
	Package Name (NTLM only):	-
	Key Length:		0

This event is generated when a logon session is created. It is generated on the computer that was accessed.

The subject fields indicate the account on the local system which requested the logon. This is most commonly a service such as the Server service, or a local process such as Winlogon.exe or Services.exe.

The logon type field indicates the kind of logon that occurred. The most common types are 2 (interactive) and 3 (network).

The New Logon fields indicate the account for whom the new logon was created, i.e. the account that was logged on.

The network fields indicate where a remote logon request originated. Workstation name is not always available and may be left blank in some cases.

The impersonation level field indicates the extent to which a process in the logon session can impersonate.

The authentication information fields provide detailed information about this specific logon request.
	- Logon GUID is a unique identifier that can be used to correlate this event with a KDC event.
	- Transited services indicate which intermediate services have participated in this logon request.
	- Package name indicates which sub-protocol was used among the NTLM protocols.
	- Key length indicates the length of the generated session key. This will be 0 if no session key was requested."
win.eventdata.subjectUserSid: S-1-5-18
win.eventdata.subjectUserName: DESKTOP-KHSEO47$
win.eventdata.subjectDomainName: WORKGROUP
win.eventdata.subjectLogonId: 0x3e7
win.eventdata.targetUserSid: S-1-5-18
win.eventdata.targetUserName: SYSTEM
win.eventdata.targetDomainName: NT AUTHORITY
win.eventdata.targetLogonId: 0x3e7
win.eventdata.logonType: 5
win.eventdata.logonProcessName: Advapi
win.eventdata.authenticationPackageName: Negotiate
win.eventdata.logonGuid: {00000000-0000-0000-0000-000000000000}
win.eventdata.keyLength: 0
win.eventdata.processId: 0x5cc
win.eventdata.processName: C:\\Windows\\System32\\services.exe
win.eventdata.impersonationLevel: %%1833
win.eventdata.virtualAccount: %%1843
win.eventdata.targetLinkedLogonId: 0x0
win.eventdata.elevatedToken: %%1842

** Alert 1701629233.151070: - windows,windows_security,authentication_success,gdpr_IV_32.2,gpg13_7.1,gpg13_7.2,hipaa_164.312.b,nist_800_53_AC.7,nist_800_53_AU.14,pci_dss_10.2.5,tsc_CC6.8,tsc_CC7.2,tsc_CC7.3,
2023 Dec 03 20:47:13 (DESKTOP-KHSEO47) any->EventChannel
Rule: 60106 (level 3) -> 'Windows logon success.'
{"win":{"system":{"providerName":"Microsoft-Windows-Security-Auditing","providerGuid":"{54849625-5478-4994-a5ba-3e3b0328c30d}","eventID":"4624","version":"3","level":"0","task":"12544","opcode":"0","keywords":"0x8020000000000000","systemTime":"2023-12-03T15:43:50.9821036Z","eventRecordID":"1040990","processID":"1528","threadID":"18804","channel":"Security","computer":"DESKTOP-KHSEO47","severityValue":"AUDIT_SUCCESS","message":"\"An account was successfully logged on.\r\n\r\nSubject:\r\n\tSecurity ID:\t\tS-1-5-18\r\n\tAccount Name:\t\tDESKTOP-KHSEO47$\r\n\tAccount Domain:\t\tWORKGROUP\r\n\tLogon ID:\t\t0x3E7\r\n\r\nLogon Information:\r\n\tLogon Type:\t\t5\r\n\tRestricted Admin Mode:\t-\r\n\tRemote Credential Guard:\t-\r\n\tVirtual Account:\t\tNo\r\n\tElevated Token:\t\tYes\r\n\r\nImpersonation Level:\t\tImpersonation\r\n\r\nNew Logon:\r\n\tSecurity ID:\t\tS-1-5-18\r\n\tAccount Name:\t\tSYSTEM\r\n\tAccount Domain:\t\tNT AUTHORITY\r\n\tLogon ID:\t\t0x3E7\r\n\tLinked Logon ID:\t\t0x0\r\n\tNetwork Account Name:\t-\r\n\tNetwork Account Domain:\t-\r\n\tLogon GUID:\t\t{00000000-0000-0000-0000-000000000000}\r\n\r\nProcess Information:\r\n\tProcess ID:\t\t0x5cc\r\n\tProcess Name:\t\tC:\\Windows\\System32\\services.exe\r\n\r\nNetwork Information:\r\n\tWorkstation Name:\t-\r\n\tSource Network Address:\t-\r\n\tSource Port:\t\t-\r\n\r\nDetailed Authentication Information:\r\n\tLogon Process:\t\tAdvapi  \r\n\tAuthentication Package:\tNegotiate\r\n\tTransited Services:\t-\r\n\tPackage Name (NTLM only):\t-\r\n\tKey Length:\t\t0\r\n\r\nThis event is generated when a logon session is created. It is generated on the computer that was accessed.\r\n\r\nThe subject fields indicate the account on the local system which requested the logon. This is most commonly a service such as the Server service, or a local process such as Winlogon.exe or Services.exe.\r\n\r\nThe logon type field indicates the kind of logon that occurred. The most common types are 2 (interactive) and 3 (network).\r\n\r\nThe New Logon fields indicate the account for whom the new logon was created, i.e. the account that was logged on.\r\n\r\nThe network fields indicate where a remote logon request originated. Workstation name is not always available and may be left blank in some cases.\r\n\r\nThe impersonation level field indicates the extent to which a process in the logon session can impersonate.\r\n\r\nThe authentication information fields provide detailed information about this specific logon request.\r\n\t- Logon GUID is a unique identifier that can be used to correlate this event with a KDC event.\r\n\t- Transited services indicate which intermediate services have participated in this logon request.\r\n\t- Package name indicates which sub-protocol was used among the NTLM protocols.\r\n\t- Key length indicates the length of the generated session key. This will be 0 if no session key was requested.\""},"eventdata":{"subjectUserSid":"S-1-5-18","subjectUserName":"DESKTOP-KHSEO47$","subjectDomainName":"WORKGROUP","subjectLogonId":"0x3e7","targetUserSid":"S-1-5-18","targetUserName":"SYSTEM","targetDomainName":"NT AUTHORITY","targetLogonId":"0x3e7","logonType":"5","logonProcessName":"Advapi","authenticationPackageName":"Negotiate","logonGuid":"{00000000-0000-0000-0000-000000000000}","keyLength":"0","processId":"0x5cc","processName":"C:\\\\Windows\\\\System32\\\\services.exe","impersonationLevel":"%%1833","virtualAccount":"%%1843","targetLinkedLogonId":"0x0","elevatedToken":"%%1842"}}}
win.system.providerName: Microsoft-Windows-Security-Auditing
win.system.providerGuid: {54849625-5478-4994-a5ba-3e3b0328c30d}
win.system.eventID: 4624
win.system.version: 3
win.system.level: 0
win.system.task: 12544
win.system.opcode: 0
win.system.keywords: 0x8020000000000000
win.system.systemTime: 2023-12-03T15:43:50.9821036Z
win.system.eventRecordID: 1040990
win.system.processID: 1528
win.system.threadID: 18804
win.system.channel: Security
win.system.computer: DESKTOP-KHSEO47
win.system.severityValue: AUDIT_SUCCESS
win.system.message: "An account was successfully logged on.

Subject:
	Security ID:		S-1-5-18
	Account Name:		DESKTOP-KHSEO47$
	Account Domain:		WORKGROUP
	Logon ID:		0x3E7

Logon Information:
	Logon Type:		5
	Restricted Admin Mode:	-
	Remote Credential Guard:	-
	Virtual Account:		No
	Elevated Token:		Yes

Impersonation Level:		Impersonation

New Logon:
	Security ID:		S-1-5-18
	Account Name:		SYSTEM
	Account Domain:		NT AUTHORITY
	Logon ID:		0x3E7
	Linked Logon ID:		0x0
	Network Account Name:	-
	Network Account Domain:	-
	Logon GUID:		{00000000-0000-0000-0000-000000000000}

Process Information:
	Process ID:		0x5cc
	Process Name:		C:\Windows\System32\services.exe

Network Information:
	Workstation Name:	-
	Source Network Address:	-
	Source Port:		-

Detailed Authentication Information:
	Logon Process:		Advapi  
	Authentication Package:	Negotiate
	Transited Services:	-
	Package Name (NTLM only):	-
	Key Length:		0

This event is generated when a logon session is created. It is generated on the computer that was accessed.

The subject fields indicate the account on the local system which requested the logon. This is most commonly a service such as the Server service, or a local process such as Winlogon.exe or Services.exe.

The logon type field indicates the kind of logon that occurred. The most common types are 2 (interactive) and 3 (network).

The New Logon fields indicate the account for whom the new logon was created, i.e. the account that was logged on.

The network fields indicate where a remote logon request originated. Workstation name is not always available and may be left blank in some cases.

The impersonation level field indicates the extent to which a process in the logon session can impersonate.

The authentication information fields provide detailed information about this specific logon request.
	- Logon GUID is a unique identifier that can be used to correlate this event with a KDC event.
	- Transited services indicate which intermediate services have participated in this logon request.
	- Package name indicates which sub-protocol was used among the NTLM protocols.
	- Key length indicates the length of the generated session key. This will be 0 if no session key was requested."
win.eventdata.subjectUserSid: S-1-5-18
win.eventdata.subjectUserName: DESKTOP-KHSEO47$
win.eventdata.subjectDomainName: WORKGROUP
win.eventdata.subjectLogonId: 0x3e7
win.eventdata.targetUserSid: S-1-5-18
win.eventdata.targetUserName: SYSTEM
win.eventdata.targetDomainName: NT AUTHORITY
win.eventdata.targetLogonId: 0x3e7
win.eventdata.logonType: 5
win.eventdata.logonProcessName: Advapi
win.eventdata.authenticationPackageName: Negotiate
win.eventdata.logonGuid: {00000000-0000-0000-0000-000000000000}
win.eventdata.keyLength: 0
win.eventdata.processId: 0x5cc
win.eventdata.processName: C:\\Windows\\System32\\services.exe
win.eventdata.impersonationLevel: %%1833
win.eventdata.virtualAccount: %%1843
win.eventdata.targetLinkedLogonId: 0x0
win.eventdata.elevatedToken: %%1842

** Alert 1701629233.158463: - windows,windows_security,authentication_success,gdpr_IV_32.2,gpg13_7.1,gpg13_7.2,hipaa_164.312.b,nist_800_53_AC.7,nist_800_53_AU.14,pci_dss_10.2.5,tsc_CC6.8,tsc_CC7.2,tsc_CC7.3,
2023 Dec 03 20:47:13 (DESKTOP-KHSEO47) any->EventChannel
Rule: 60106 (level 3) -> 'Windows logon success.'
{"win":{"system":{"providerName":"Microsoft-Windows-Security-Auditing","providerGuid":"{54849625-5478-4994-a5ba-3e3b0328c30d}","eventID":"4624","version":"3","level":"0","task":"12544","opcode":"0","keywords":"0x8020000000000000","systemTime":"2023-12-03T15:44:26.2295954Z","eventRecordID":"1041007","processID":"1528","threadID":"1608","channel":"Security","computer":"DESKTOP-KHSEO47","severityValue":"AUDIT_SUCCESS","message":"\"An account was successfully logged on.\r\n\r\nSubject:\r\n\tSecurity ID:\t\tS-1-5-18\r\n\tAccount Name:\t\tDESKTOP-KHSEO47$\r\n\tAccount Domain:\t\tWORKGROUP\r\n\tLogon ID:\t\t0x3E7\r\n\r\nLogon Information:\r\n\tLogon Type:\t\t5\r\n\tRestricted Admin Mode:\t-\r\n\tRemote Credential Guard:\t-\r\n\tVirtual Account:\t\tNo\r\n\tElevated Token:\t\tYes\r\n\r\nImpersonation Level:\t\tImpersonation\r\n\r\nNew Logon:\r\n\tSecurity ID:\t\tS-1-5-18\r\n\tAccount Name:\t\tSYSTEM\r\n\tAccount Domain:\t\tNT AUTHORITY\r\n\tLogon ID:\t\t0x3E7\r\n\tLinked Logon ID:\t\t0x0\r\n\tNetwork Account Name:\t-\r\n\tNetwork Account Domain:\t-\r\n\tLogon GUID:\t\t{00000000-0000-0000-0000-000000000000}\r\n\r\nProcess Information:\r\n\tProcess ID:\t\t0x5cc\r\n\tProcess Name:\t\tC:\\Windows\\System32\\services.exe\r\n\r\nNetwork Information:\r\n\tWorkstation Name:\t-\r\n\tSource Network Address:\t-\r\n\tSource Port:\t\t-\r\n\r\nDetailed Authentication Information:\r\n\tLogon Process:\t\tAdvapi  \r\n\tAuthentication Package:\tNegotiate\r\n\tTransited Services:\t-\r\n\tPackage Name (NTLM only):\t-\r\n\tKey Length:\t\t0\r\n\r\nThis event is generated when a logon session is created. It is generated on the computer that was accessed.\r\n\r\nThe subject fields indicate the account on the local system which requested the logon. This is most commonly a service such as the Server service, or a local process such as Winlogon.exe or Services.exe.\r\n\r\nThe logon type field indicates the kind of logon that occurred. The most common types are 2 (interactive) and 3 (network).\r\n\r\nThe New Logon fields indicate the account for whom the new logon was created, i.e. the account that was logged on.\r\n\r\nThe network fields indicate where a remote logon request originated. Workstation name is not always available and may be left blank in some cases.\r\n\r\nThe impersonation level field indicates the extent to which a process in the logon session can impersonate.\r\n\r\nThe authentication information fields provide detailed information about this specific logon request.\r\n\t- Logon GUID is a unique identifier that can be used to correlate this event with a KDC event.\r\n\t- Transited services indicate which intermediate services have participated in this logon request.\r\n\t- Package name indicates which sub-protocol was used among the NTLM protocols.\r\n\t- Key length indicates the length of the generated session key. This will be 0 if no session key was requested.\""},"eventdata":{"subjectUserSid":"S-1-5-18","subjectUserName":"DESKTOP-KHSEO47$","subjectDomainName":"WORKGROUP","subjectLogonId":"0x3e7","targetUserSid":"S-1-5-18","targetUserName":"SYSTEM","targetDomainName":"NT AUTHORITY","targetLogonId":"0x3e7","logonType":"5","logonProcessName":"Advapi","authenticationPackageName":"Negotiate","logonGuid":"{00000000-0000-0000-0000-000000000000}","keyLength":"0","processId":"0x5cc","processName":"C:\\\\Windows\\\\System32\\\\services.exe","impersonationLevel":"%%1833","virtualAccount":"%%1843","targetLinkedLogonId":"0x0","elevatedToken":"%%1842"}}}
win.system.providerName: Microsoft-Windows-Security-Auditing
win.system.providerGuid: {54849625-5478-4994-a5ba-3e3b0328c30d}
win.system.eventID: 4624
win.system.version: 3
win.system.level: 0
win.system.task: 12544
win.system.opcode: 0
win.system.keywords: 0x8020000000000000
win.system.systemTime: 2023-12-03T15:44:26.2295954Z
win.system.eventRecordID: 1041007
win.system.processID: 1528
win.system.threadID: 1608
win.system.channel: Security
win.system.computer: DESKTOP-KHSEO47
win.system.severityValue: AUDIT_SUCCESS
win.system.message: "An account was successfully logged on.

Subject:
	Security ID:		S-1-5-18
	Account Name:		DESKTOP-KHSEO47$
	Account Domain:		WORKGROUP
	Logon ID:		0x3E7

Logon Information:
	Logon Type:		5
	Restricted Admin Mode:	-
	Remote Credential Guard:	-
	Virtual Account:		No
	Elevated Token:		Yes

Impersonation Level:		Impersonation

New Logon:
	Security ID:		S-1-5-18
	Account Name:		SYSTEM
	Account Domain:		NT AUTHORITY
	Logon ID:		0x3E7
	Linked Logon ID:		0x0
	Network Account Name:	-
	Network Account Domain:	-
	Logon GUID:		{00000000-0000-0000-0000-000000000000}

Process Information:
	Process ID:		0x5cc
	Process Name:		C:\Windows\System32\services.exe

Network Information:
	Workstation Name:	-
	Source Network Address:	-
	Source Port:		-

Detailed Authentication Information:
	Logon Process:		Advapi  
	Authentication Package:	Negotiate
	Transited Services:	-
	Package Name (NTLM only):	-
	Key Length:		0

This event is generated when a logon session is created. It is generated on the computer that was accessed.

The subject fields indicate the account on the local system which requested the logon. This is most commonly a service such as the Server service, or a local process such as Winlogon.exe or Services.exe.

The logon type field indicates the kind of logon that occurred. The most common types are 2 (interactive) and 3 (network).

The New Logon fields indicate the account for whom the new logon was created, i.e. the account that was logged on.

The network fields indicate where a remote logon request originated. Workstation name is not always available and may be left blank in some cases.

The impersonation level field indicates the extent to which a process in the logon session can impersonate.

The authentication information fields provide detailed information about this specific logon request.
	- Logon GUID is a unique identifier that can be used to correlate this event with a KDC event.
	- Transited services indicate which intermediate services have participated in this logon request.
	- Package name indicates which sub-protocol was used among the NTLM protocols.
	- Key length indicates the length of the generated session key. This will be 0 if no session key was requested."
win.eventdata.subjectUserSid: S-1-5-18
win.eventdata.subjectUserName: DESKTOP-KHSEO47$
win.eventdata.subjectDomainName: WORKGROUP
win.eventdata.subjectLogonId: 0x3e7
win.eventdata.targetUserSid: S-1-5-18
win.eventdata.targetUserName: SYSTEM
win.eventdata.targetDomainName: NT AUTHORITY
win.eventdata.targetLogonId: 0x3e7
win.eventdata.logonType: 5
win.eventdata.logonProcessName: Advapi
win.eventdata.authenticationPackageName: Negotiate
win.eventdata.logonGuid: {00000000-0000-0000-0000-000000000000}
win.eventdata.keyLength: 0
win.eventdata.processId: 0x5cc
win.eventdata.processName: C:\\Windows\\System32\\services.exe
win.eventdata.impersonationLevel: %%1833
win.eventdata.virtualAccount: %%1843
win.eventdata.targetLinkedLogonId: 0x0
win.eventdata.elevatedToken: %%1842

** Alert 1701629233.165854: - windows,windows_security,authentication_success,gdpr_IV_32.2,gpg13_7.1,gpg13_7.2,hipaa_164.312.b,nist_800_53_AC.7,nist_800_53_AU.14,pci_dss_10.2.5,tsc_CC6.8,tsc_CC7.2,tsc_CC7.3,
2023 Dec 03 20:47:13 (DESKTOP-KHSEO47) any->EventChannel
Rule: 60106 (level 3) -> 'Windows logon success.'
{"win":{"system":{"providerName":"Microsoft-Windows-Security-Auditing","providerGuid":"{54849625-5478-4994-a5ba-3e3b0328c30d}","eventID":"4624","version":"3","level":"0","task":"12544","opcode":"0","keywords":"0x8020000000000000","systemTime":"2023-12-03T15:49:01.5728833Z","eventRecordID":"1041011","processID":"1528","threadID":"18804","channel":"Security","computer":"DESKTOP-KHSEO47","severityValue":"AUDIT_SUCCESS","message":"\"An account was successfully logged on.\r\n\r\nSubject:\r\n\tSecurity ID:\t\tS-1-5-18\r\n\tAccount Name:\t\tDESKTOP-KHSEO47$\r\n\tAccount Domain:\t\tWORKGROUP\r\n\tLogon ID:\t\t0x3E7\r\n\r\nLogon Information:\r\n\tLogon Type:\t\t5\r\n\tRestricted Admin Mode:\t-\r\n\tRemote Credential Guard:\t-\r\n\tVirtual Account:\t\tNo\r\n\tElevated Token:\t\tYes\r\n\r\nImpersonation Level:\t\tImpersonation\r\n\r\nNew Logon:\r\n\tSecurity ID:\t\tS-1-5-18\r\n\tAccount Name:\t\tSYSTEM\r\n\tAccount Domain:\t\tNT AUTHORITY\r\n\tLogon ID:\t\t0x3E7\r\n\tLinked Logon ID:\t\t0x0\r\n\tNetwork Account Name:\t-\r\n\tNetwork Account Domain:\t-\r\n\tLogon GUID:\t\t{00000000-0000-0000-0000-000000000000}\r\n\r\nProcess Information:\r\n\tProcess ID:\t\t0x5cc\r\n\tProcess Name:\t\tC:\\Windows\\System32\\services.exe\r\n\r\nNetwork Information:\r\n\tWorkstation Name:\t-\r\n\tSource Network Address:\t-\r\n\tSource Port:\t\t-\r\n\r\nDetailed Authentication Information:\r\n\tLogon Process:\t\tAdvapi  \r\n\tAuthentication Package:\tNegotiate\r\n\tTransited Services:\t-\r\n\tPackage Name (NTLM only):\t-\r\n\tKey Length:\t\t0\r\n\r\nThis event is generated when a logon session is created. It is generated on the computer that was accessed.\r\n\r\nThe subject fields indicate the account on the local system which requested the logon. This is most commonly a service such as the Server service, or a local process such as Winlogon.exe or Services.exe.\r\n\r\nThe logon type field indicates the kind of logon that occurred. The most common types are 2 (interactive) and 3 (network).\r\n\r\nThe New Logon fields indicate the account for whom the new logon was created, i.e. the account that was logged on.\r\n\r\nThe network fields indicate where a remote logon request originated. Workstation name is not always available and may be left blank in some cases.\r\n\r\nThe impersonation level field indicates the extent to which a process in the logon session can impersonate.\r\n\r\nThe authentication information fields provide detailed information about this specific logon request.\r\n\t- Logon GUID is a unique identifier that can be used to correlate this event with a KDC event.\r\n\t- Transited services indicate which intermediate services have participated in this logon request.\r\n\t- Package name indicates which sub-protocol was used among the NTLM protocols.\r\n\t- Key length indicates the length of the generated session key. This will be 0 if no session key was requested.\""},"eventdata":{"subjectUserSid":"S-1-5-18","subjectUserName":"DESKTOP-KHSEO47$","subjectDomainName":"WORKGROUP","subjectLogonId":"0x3e7","targetUserSid":"S-1-5-18","targetUserName":"SYSTEM","targetDomainName":"NT AUTHORITY","targetLogonId":"0x3e7","logonType":"5","logonProcessName":"Advapi","authenticationPackageName":"Negotiate","logonGuid":"{00000000-0000-0000-0000-000000000000}","keyLength":"0","processId":"0x5cc","processName":"C:\\\\Windows\\\\System32\\\\services.exe","impersonationLevel":"%%1833","virtualAccount":"%%1843","targetLinkedLogonId":"0x0","elevatedToken":"%%1842"}}}
win.system.providerName: Microsoft-Windows-Security-Auditing
win.system.providerGuid: {54849625-5478-4994-a5ba-3e3b0328c30d}
win.system.eventID: 4624
win.system.version: 3
win.system.level: 0
win.system.task: 12544
win.system.opcode: 0
win.system.keywords: 0x8020000000000000
win.system.systemTime: 2023-12-03T15:49:01.5728833Z
win.system.eventRecordID: 1041011
win.system.processID: 1528
win.system.threadID: 18804
win.system.channel: Security
win.system.computer: DESKTOP-KHSEO47
win.system.severityValue: AUDIT_SUCCESS
win.system.message: "An account was successfully logged on.

Subject:
	Security ID:		S-1-5-18
	Account Name:		DESKTOP-KHSEO47$
	Account Domain:		WORKGROUP
	Logon ID:		0x3E7

Logon Information:
	Logon Type:		5
	Restricted Admin Mode:	-
	Remote Credential Guard:	-
	Virtual Account:		No
	Elevated Token:		Yes

Impersonation Level:		Impersonation

New Logon:
	Security ID:		S-1-5-18
	Account Name:		SYSTEM
	Account Domain:		NT AUTHORITY
	Logon ID:		0x3E7
	Linked Logon ID:		0x0
	Network Account Name:	-
	Network Account Domain:	-
	Logon GUID:		{00000000-0000-0000-0000-000000000000}

Process Information:
	Process ID:		0x5cc
	Process Name:		C:\Windows\System32\services.exe

Network Information:
	Workstation Name:	-
	Source Network Address:	-
	Source Port:		-

Detailed Authentication Information:
	Logon Process:		Advapi  
	Authentication Package:	Negotiate
	Transited Services:	-
	Package Name (NTLM only):	-
	Key Length:		0

This event is generated when a logon session is created. It is generated on the computer that was accessed.

The subject fields indicate the account on the local system which requested the logon. This is most commonly a service such as the Server service, or a local process such as Winlogon.exe or Services.exe.

The logon type field indicates the kind of logon that occurred. The most common types are 2 (interactive) and 3 (network).

The New Logon fields indicate the account for whom the new logon was created, i.e. the account that was logged on.

The network fields indicate where a remote logon request originated. Workstation name is not always available and may be left blank in some cases.

The impersonation level field indicates the extent to which a process in the logon session can impersonate.

The authentication information fields provide detailed information about this specific logon request.
	- Logon GUID is a unique identifier that can be used to correlate this event with a KDC event.
	- Transited services indicate which intermediate services have participated in this logon request.
	- Package name indicates which sub-protocol was used among the NTLM protocols.
	- Key length indicates the length of the generated session key. This will be 0 if no session key was requested."
win.eventdata.subjectUserSid: S-1-5-18
win.eventdata.subjectUserName: DESKTOP-KHSEO47$
win.eventdata.subjectDomainName: WORKGROUP
win.eventdata.subjectLogonId: 0x3e7
win.eventdata.targetUserSid: S-1-5-18
win.eventdata.targetUserName: SYSTEM
win.eventdata.targetDomainName: NT AUTHORITY
win.eventdata.targetLogonId: 0x3e7
win.eventdata.logonType: 5
win.eventdata.logonProcessName: Advapi
win.eventdata.authenticationPackageName: Negotiate
win.eventdata.logonGuid: {00000000-0000-0000-0000-000000000000}
win.eventdata.keyLength: 0
win.eventdata.processId: 0x5cc
win.eventdata.processName: C:\\Windows\\System32\\services.exe
win.eventdata.impersonationLevel: %%1833
win.eventdata.virtualAccount: %%1843
win.eventdata.targetLinkedLogonId: 0x0
win.eventdata.elevatedToken: %%1842

** Alert 1701629233.173247: - windows,windows_security,authentication_success,gdpr_IV_32.2,gpg13_7.1,gpg13_7.2,hipaa_164.312.b,nist_800_53_AC.7,nist_800_53_AU.14,pci_dss_10.2.5,tsc_CC6.8,tsc_CC7.2,tsc_CC7.3,
2023 Dec 03 20:47:13 (DESKTOP-KHSEO47) any->EventChannel
Rule: 60106 (level 3) -> 'Windows logon success.'
{"win":{"system":{"providerName":"Microsoft-Windows-Security-Auditing","providerGuid":"{54849625-5478-4994-a5ba-3e3b0328c30d}","eventID":"4624","version":"3","level":"0","task":"12544","opcode":"0","keywords":"0x8020000000000000","systemTime":"2023-12-03T15:44:54.1734013Z","eventRecordID":"1041009","processID":"1528","threadID":"1608","channel":"Security","computer":"DESKTOP-KHSEO47","severityValue":"AUDIT_SUCCESS","message":"\"An account was successfully logged on.\r\n\r\nSubject:\r\n\tSecurity ID:\t\tS-1-5-18\r\n\tAccount Name:\t\tDESKTOP-KHSEO47$\r\n\tAccount Domain:\t\tWORKGROUP\r\n\tLogon ID:\t\t0x3E7\r\n\r\nLogon Information:\r\n\tLogon Type:\t\t5\r\n\tRestricted Admin Mode:\t-\r\n\tRemote Credential Guard:\t-\r\n\tVirtual Account:\t\tNo\r\n\tElevated Token:\t\tYes\r\n\r\nImpersonation Level:\t\tImpersonation\r\n\r\nNew Logon:\r\n\tSecurity ID:\t\tS-1-5-18\r\n\tAccount Name:\t\tSYSTEM\r\n\tAccount Domain:\t\tNT AUTHORITY\r\n\tLogon ID:\t\t0x3E7\r\n\tLinked Logon ID:\t\t0x0\r\n\tNetwork Account Name:\t-\r\n\tNetwork Account Domain:\t-\r\n\tLogon GUID:\t\t{00000000-0000-0000-0000-000000000000}\r\n\r\nProcess Information:\r\n\tProcess ID:\t\t0x5cc\r\n\tProcess Name:\t\tC:\\Windows\\System32\\services.exe\r\n\r\nNetwork Information:\r\n\tWorkstation Name:\t-\r\n\tSource Network Address:\t-\r\n\tSource Port:\t\t-\r\n\r\nDetailed Authentication Information:\r\n\tLogon Process:\t\tAdvapi  \r\n\tAuthentication Package:\tNegotiate\r\n\tTransited Services:\t-\r\n\tPackage Name (NTLM only):\t-\r\n\tKey Length:\t\t0\r\n\r\nThis event is generated when a logon session is created. It is generated on the computer that was accessed.\r\n\r\nThe subject fields indicate the account on the local system which requested the logon. This is most commonly a service such as the Server service, or a local process such as Winlogon.exe or Services.exe.\r\n\r\nThe logon type field indicates the kind of logon that occurred. The most common types are 2 (interactive) and 3 (network).\r\n\r\nThe New Logon fields indicate the account for whom the new logon was created, i.e. the account that was logged on.\r\n\r\nThe network fields indicate where a remote logon request originated. Workstation name is not always available and may be left blank in some cases.\r\n\r\nThe impersonation level field indicates the extent to which a process in the logon session can impersonate.\r\n\r\nThe authentication information fields provide detailed information about this specific logon request.\r\n\t- Logon GUID is a unique identifier that can be used to correlate this event with a KDC event.\r\n\t- Transited services indicate which intermediate services have participated in this logon request.\r\n\t- Package name indicates which sub-protocol was used among the NTLM protocols.\r\n\t- Key length indicates the length of the generated session key. This will be 0 if no session key was requested.\""},"eventdata":{"subjectUserSid":"S-1-5-18","subjectUserName":"DESKTOP-KHSEO47$","subjectDomainName":"WORKGROUP","subjectLogonId":"0x3e7","targetUserSid":"S-1-5-18","targetUserName":"SYSTEM","targetDomainName":"NT AUTHORITY","targetLogonId":"0x3e7","logonType":"5","logonProcessName":"Advapi","authenticationPackageName":"Negotiate","logonGuid":"{00000000-0000-0000-0000-000000000000}","keyLength":"0","processId":"0x5cc","processName":"C:\\\\Windows\\\\System32\\\\services.exe","impersonationLevel":"%%1833","virtualAccount":"%%1843","targetLinkedLogonId":"0x0","elevatedToken":"%%1842"}}}
win.system.providerName: Microsoft-Windows-Security-Auditing
win.system.providerGuid: {54849625-5478-4994-a5ba-3e3b0328c30d}
win.system.eventID: 4624
win.system.version: 3
win.system.level: 0
win.system.task: 12544
win.system.opcode: 0
win.system.keywords: 0x8020000000000000
win.system.systemTime: 2023-12-03T15:44:54.1734013Z
win.system.eventRecordID: 1041009
win.system.processID: 1528
win.system.threadID: 1608
win.system.channel: Security
win.system.computer: DESKTOP-KHSEO47
win.system.severityValue: AUDIT_SUCCESS
win.system.message: "An account was successfully logged on.

Subject:
	Security ID:		S-1-5-18
	Account Name:		DESKTOP-KHSEO47$
	Account Domain:		WORKGROUP
	Logon ID:		0x3E7

Logon Information:
	Logon Type:		5
	Restricted Admin Mode:	-
	Remote Credential Guard:	-
	Virtual Account:		No
	Elevated Token:		Yes

Impersonation Level:		Impersonation

New Logon:
	Security ID:		S-1-5-18
	Account Name:		SYSTEM
	Account Domain:		NT AUTHORITY
	Logon ID:		0x3E7
	Linked Logon ID:		0x0
	Network Account Name:	-
	Network Account Domain:	-
	Logon GUID:		{00000000-0000-0000-0000-000000000000}

Process Information:
	Process ID:		0x5cc
	Process Name:		C:\Windows\System32\services.exe

Network Information:
	Workstation Name:	-
	Source Network Address:	-
	Source Port:		-

Detailed Authentication Information:
	Logon Process:		Advapi  
	Authentication Package:	Negotiate
	Transited Services:	-
	Package Name (NTLM only):	-
	Key Length:		0

This event is generated when a logon session is created. It is generated on the computer that was accessed.

The subject fields indicate the account on the local system which requested the logon. This is most commonly a service such as the Server service, or a local process such as Winlogon.exe or Services.exe.

The logon type field indicates the kind of logon that occurred. The most common types are 2 (interactive) and 3 (network).

The New Logon fields indicate the account for whom the new logon was created, i.e. the account that was logged on.

The network fields indicate where a remote logon request originated. Workstation name is not always available and may be left blank in some cases.

The impersonation level field indicates the extent to which a process in the logon session can impersonate.

The authentication information fields provide detailed information about this specific logon request.
	- Logon GUID is a unique identifier that can be used to correlate this event with a KDC event.
	- Transited services indicate which intermediate services have participated in this logon request.
	- Package name indicates which sub-protocol was used among the NTLM protocols.
	- Key length indicates the length of the generated session key. This will be 0 if no session key was requested."
win.eventdata.subjectUserSid: S-1-5-18
win.eventdata.subjectUserName: DESKTOP-KHSEO47$
win.eventdata.subjectDomainName: WORKGROUP
win.eventdata.subjectLogonId: 0x3e7
win.eventdata.targetUserSid: S-1-5-18
win.eventdata.targetUserName: SYSTEM
win.eventdata.targetDomainName: NT AUTHORITY
win.eventdata.targetLogonId: 0x3e7
win.eventdata.logonType: 5
win.eventdata.logonProcessName: Advapi
win.eventdata.authenticationPackageName: Negotiate
win.eventdata.logonGuid: {00000000-0000-0000-0000-000000000000}
win.eventdata.keyLength: 0
win.eventdata.processId: 0x5cc
win.eventdata.processName: C:\\Windows\\System32\\services.exe
win.eventdata.impersonationLevel: %%1833
win.eventdata.virtualAccount: %%1843
win.eventdata.targetLinkedLogonId: 0x0
win.eventdata.elevatedToken: %%1842

