{"timestamp":"2023-12-03T20:47:14.465+0200","rule":{"level":3,"description":"Windows logon success.","id":"60106","mitre":{"id":["T1078"],"tactic":["Defense Evasion","Persistence","Privilege Escalation","Initial Access"],"technique":["Valid Accounts"]},"firedtimes":36,"mail":false,"groups":["windows","windows_security","authentication_success"],"gdpr":["IV_32.2"],"gpg13":["7.1","7.2"],"hipaa":["164.312.b"],"nist_800_53":["AC.7","AU.14"],"pci_dss":["10.2.5"],"tsc":["CC6.8","CC7.2","CC7.3"]},"agent":{"id":"003","name":"DESKTOP-KHSEO47","ip":"192.168.1.19"},"manager":{"name":"wazuh"},"id":"1701629234.307420","decoder":{"name":"windows_eventchannel"},"data":{"win":{"system":{"providerName":"Microsoft-Windows-Security-Auditing","providerGuid":"{54849625-5478-4994-a5ba-3e3b0328c30d}","eventID":"4624","version":"3","level":"0","task":"12544","opcode":"0","keywords":"0x8020000000000000","systemTime":"2023-12-03T18:43:06.4826232Z","eventRecordID":"1041307","processID":"1528","threadID":"992","channel":"Security","computer":"DESKTOP-KHSEO47","severityValue":"AUDIT_SUCCESS","message":"\"An account was successfully logged on.\r\n\r\nSubject:\r\n\tSecurity ID:\t\tS-1-5-18\r\n\tAccount Name:\t\tDESKTOP-KHSEO47$\r\n\tAccount Domain:\t\tWORKGROUP\r\n\tLogon ID:\t\t0x3E7\r\n\r\nLogon Information:\r\n\tLogon Type:\t\t7\r\n\tRestricted Admin Mode:\t-\r\n\tRemote Credential Guard:\t-\r\n\tVirtual Account:\t\tNo\r\n\tElevated Token:\t\tYes\r\n\r\nImpersonation Level:\t\tImpersonation\r\n\r\nNew Logon:\r\n\tSecurity ID:\t\tS-1-5-21-2287882887-1249231905-139361478-1001\r\n\tAccount Name:\t\tevgeniq.grigorova99@gmail.com\r\n\tAccount Domain:\t\tMicrosoftAccount\r\n\tLogon ID:\t\t0xFAC8294\r\n\tLinked Logon ID:\t\t0xFAC844D\r\n\tNetwork Account Name:\t-\r\n\tNetwork Account Domain:\t-\r\n\tLogon GUID:\t\t{00000000-0000-0000-0000-000000000000}\r\n\r\nProcess Information:\r\n\tProcess ID:\t\t0x5f8\r\n\tProcess Name:\t\tC:\\Windows\\System32\\lsass.exe\r\n\r\nNetwork Information:\r\n\tWorkstation Name:\tDESKTOP-KHSEO47\r\n\tSource Network Address:\t-\r\n\tSource Port:\t\t-\r\n\r\nDetailed Authentication Information:\r\n\tLogon Process:\t\tNegotiat\r\n\tAuthentication Package:\tNegotiate\r\n\tTransited Services:\t-\r\n\tPackage Name (NTLM only):\t-\r\n\tKey Length:\t\t0\r\n\r\nThis event is generated when a logon session is created. It is generated on the computer that was accessed.\r\n\r\nThe subject fields indicate the account on the local system which requested the logon. This is most commonly a service such as the Server service, or a local process such as Winlogon.exe or Services.exe.\r\n\r\nThe logon type field indicates the kind of logon that occurred. The most common types are 2 (interactive) and 3 (network).\r\n\r\nThe New Logon fields indicate the account for whom the new logon was created, i.e. the account that was logged on.\r\n\r\nThe network fields indicate where a remote logon request originated. Workstation name is not always available and may be left blank in some cases.\r\n\r\nThe impersonation level field indicates the extent to which a process in the logon session can impersonate.\r\n\r\nThe authentication information fields provide detailed information about this specific logon request.\r\n\t- Logon GUID is a unique identifier that can be used to correlate this event with a KDC event.\r\n\t- Transited services indicate which intermediate services have participated in this logon request.\r\n\t- Package name indicates which sub-protocol was used among the NTLM protocols.\r\n\t- Key length indicates the length of the generated session key. This will be 0 if no session key was requested.\""},"eventdata":{"subjectUserSid":"S-1-5-18","subjectUserName":"DESKTOP-KHSEO47$","subjectDomainName":"WORKGROUP","subjectLogonId":"0x3e7","targetUserSid":"S-1-5-21-2287882887-1249231905-139361478-1001","targetUserName":"evgeniq.grigorova99@gmail.com","targetDomainName":"MicrosoftAccount","targetLogonId":"0xfac8294","logonType":"7","logonProcessName":"Negotiat","authenticationPackageName":"Negotiate","workstationName":"DESKTOP-KHSEO47","logonGuid":"{00000000-0000-0000-0000-000000000000}","keyLength":"0","processId":"0x5f8","processName":"C:\\\\Windows\\\\System32\\\\lsass.exe","impersonationLevel":"%%1833","virtualAccount":"%%1843","targetLinkedLogonId":"0xfac844d","elevatedToken":"%%1842"}}},"location":"EventChannel"}
{"timestamp":"2023-12-03T20:47:14.472+0200","rule":{"level":3,"description":"Windows logon success.","id":"60106","mitre":{"id":["T1078"],"tactic":["Defense Evasion","Persistence","Privilege Escalation","Initial Access"],"technique":["Valid Accounts"]},"firedtimes":37,"mail":false,"groups":["windows","windows_security","authentication_success"],"gdpr":["IV_32.2"],"gpg13":["7.1","7.2"],"hipaa":["164.312.b"],"nist_800_53":["AC.7","AU.14"],"pci_dss":["10.2.5"],"tsc":["CC6.8","CC7.2","CC7.3"]},"agent":{"id":"003","name":"DESKTOP-KHSEO47","ip":"192.168.1.19"},"manager":{"name":"wazuh"},"id":"1701629234.315208","decoder":{"name":"windows_eventchannel"},"data":{"win":{"system":{"providerName":"Microsoft-Windows-Security-Auditing","providerGuid":"{54849625-5478-4994-a5ba-3e3b0328c30d}","eventID":"4624","version":"3","level":"0","task":"12544","opcode":"0","keywords":"0x8020000000000000","systemTime":"2023-12-03T18:43:06.4826546Z","eventRecordID":"1041308","processID":"1528","threadID":"992","channel":"Security","computer":"DESKTOP-KHSEO47","severityValue":"AUDIT_SUCCESS","message":"\"An account was successfully logged on.\r\n\r\nSubject:\r\n\tSecurity ID:\t\tS-1-5-18\r\n\tAccount Name:\t\tDESKTOP-KHSEO47$\r\n\tAccount Domain:\t\tWORKGROUP\r\n\tLogon ID:\t\t0x3E7\r\n\r\nLogon Information:\r\n\tLogon Type:\t\t7\r\n\tRestricted Admin Mode:\t-\r\n\tRemote Credential Guard:\t-\r\n\tVirtual Account:\t\tNo\r\n\tElevated Token:\t\tNo\r\n\r\nImpersonation Level:\t\tImpersonation\r\n\r\nNew Logon:\r\n\tSecurity ID:\t\tS-1-5-21-2287882887-1249231905-139361478-1001\r\n\tAccount Name:\t\tevgeniq.grigorova99@gmail.com\r\n\tAccount Domain:\t\tMicrosoftAccount\r\n\tLogon ID:\t\t0xFAC844D\r\n\tLinked Logon ID:\t\t0xFAC8294\r\n\tNetwork Account Name:\t-\r\n\tNetwork Account Domain:\t-\r\n\tLogon GUID:\t\t{00000000-0000-0000-0000-000000000000}\r\n\r\nProcess Information:\r\n\tProcess ID:\t\t0x5f8\r\n\tProcess Name:\t\tC:\\Windows\\System32\\lsass.exe\r\n\r\nNetwork Information:\r\n\tWorkstation Name:\tDESKTOP-KHSEO47\r\n\tSource Network Address:\t-\r\n\tSource Port:\t\t-\r\n\r\nDetailed Authentication Information:\r\n\tLogon Process:\t\tNegotiat\r\n\tAuthentication Package:\tNegotiate\r\n\tTransited Services:\t-\r\n\tPackage Name (NTLM only):\t-\r\n\tKey Length:\t\t0\r\n\r\nThis event is generated when a logon session is created. It is generated on the computer that was accessed.\r\n\r\nThe subject fields indicate the account on the local system which requested the logon. This is most commonly a service such as the Server service, or a local process such as Winlogon.exe or Services.exe.\r\n\r\nThe logon type field indicates the kind of logon that occurred. The most common types are 2 (interactive) and 3 (network).\r\n\r\nThe New Logon fields indicate the account for whom the new logon was created, i.e. the account that was logged on.\r\n\r\nThe network fields indicate where a remote logon request originated. Workstation name is not always available and may be left blank in some cases.\r\n\r\nThe impersonation level field indicates the extent to which a process in the logon session can impersonate.\r\n\r\nThe authentication information fields provide detailed information about this specific logon request.\r\n\t- Logon GUID is a unique identifier that can be used to correlate this event with a KDC event.\r\n\t- Transited services indicate which intermediate services have participated in this logon request.\r\n\t- Package name indicates which sub-protocol was used among the NTLM protocols.\r\n\t- Key length indicates the length of the generated session key. This will be 0 if no session key was requested.\""},"eventdata":{"subjectUserSid":"S-1-5-18","subjectUserName":"DESKTOP-KHSEO47$","subjectDomainName":"WORKGROUP","subjectLogonId":"0x3e7","targetUserSid":"S-1-5-21-2287882887-1249231905-139361478-1001","targetUserName":"evgeniq.grigorova99@gmail.com","targetDomainName":"MicrosoftAccount","targetLogonId":"0xfac844d","logonType":"7","logonProcessName":"Negotiat","authenticationPackageName":"Negotiate","workstationName":"DESKTOP-KHSEO47","logonGuid":"{00000000-0000-0000-0000-000000000000}","keyLength":"0","processId":"0x5f8","processName":"C:\\\\Windows\\\\System32\\\\lsass.exe","impersonationLevel":"%%1833","virtualAccount":"%%1843","targetLinkedLogonId":"0xfac8294","elevatedToken":"%%1843"}}},"location":"EventChannel"}
{"timestamp":"2023-12-03T20:47:14.477+0200","rule":{"level":3,"description":"Windows User Logoff.","id":"60137","firedtimes":5,"mail":false,"groups":["windows","windows_security"],"gdpr":["IV_32.2"],"hipaa":["164.312.b"],"nist_800_53":["AC.7","AU.14"],"pci_dss":["10.2.5"],"tsc":["CC6.8","CC7.2","CC7.3"]},"agent":{"id":"003","name":"DESKTOP-KHSEO47","ip":"192.168.1.19"},"manager":{"name":"wazuh"},"id":"1701629234.322994","decoder":{"name":"windows_eventchannel"},"data":{"win":{"system":{"providerName":"Microsoft-Windows-Security-Auditing","providerGuid":"{54849625-5478-4994-a5ba-3e3b0328c30d}","eventID":"4634","version":"0","level":"0","task":"12545","opcode":"0","keywords":"0x8020000000000000","systemTime":"2023-12-03T18:43:06.4829055Z","eventRecordID":"1041310","processID":"1528","threadID":"28928","channel":"Security","computer":"DESKTOP-KHSEO47","severityValue":"AUDIT_SUCCESS","message":"\"An account was logged off.\r\n\r\nSubject:\r\n\tSecurity ID:\t\tS-1-5-21-2287882887-1249231905-139361478-1001\r\n\tAccount Name:\t\tevgen\r\n\tAccount Domain:\t\tDESKTOP-KHSEO47\r\n\tLogon ID:\t\t0xFAC844D\r\n\r\nLogon Type:\t\t\t7\r\n\r\nThis event is generated when a logon session is destroyed. It may be positively correlated with a logon event using the Logon ID value. Logon IDs are only unique between reboots on the same computer.\""},"eventdata":{"targetUserSid":"S-1-5-21-2287882887-1249231905-139361478-1001","targetUserName":"evgen","targetDomainName":"DESKTOP-KHSEO47","targetLogonId":"0xfac844d","logonType":"7"}}},"location":"EventChannel"}
{"timestamp":"2023-12-03T20:47:14.478+0200","rule":{"level":3,"description":"Windows User Logoff.","id":"60137","firedtimes":6,"mail":false,"groups":["windows","windows_security"],"gdpr":["IV_32.2"],"hipaa":["164.312.b"],"nist_800_53":["AC.7","AU.14"],"pci_dss":["10.2.5"],"tsc":["CC6.8","CC7.2","CC7.3"]},"agent":{"id":"003","name":"DESKTOP-KHSEO47","ip":"192.168.1.19"},"manager":{"name":"wazuh"},"id":"1701629234.325500","decoder":{"name":"windows_eventchannel"},"data":{"win":{"system":{"providerName":"Microsoft-Windows-Security-Auditing","providerGuid":"{54849625-5478-4994-a5ba-3e3b0328c30d}","eventID":"4634","version":"0","level":"0","task":"12545","opcode":"0","keywords":"0x8020000000000000","systemTime":"2023-12-03T18:43:06.4830418Z","eventRecordID":"1041311","processID":"1528","threadID":"1608","channel":"Security","computer":"DESKTOP-KHSEO47","severityValue":"AUDIT_SUCCESS","message":"\"An account was logged off.\r\n\r\nSubject:\r\n\tSecurity ID:\t\tS-1-5-21-2287882887-1249231905-139361478-1001\r\n\tAccount Name:\t\tevgen\r\n\tAccount Domain:\t\tDESKTOP-KHSEO47\r\n\tLogon ID:\t\t0xFAC7B0F\r\n\r\nLogon Type:\t\t\t2\r\n\r\nThis event is generated when a logon session is destroyed. It may be positively correlated with a logon event using the Logon ID value. Logon IDs are only unique between reboots on the same computer.\""},"eventdata":{"targetUserSid":"S-1-5-21-2287882887-1249231905-139361478-1001","targetUserName":"evgen","targetDomainName":"DESKTOP-KHSEO47","targetLogonId":"0xfac7b0f","logonType":"2"}}},"location":"EventChannel"}
{"timestamp":"2023-12-03T20:47:14.482+0200","rule":{"level":3,"description":"Windows User Logoff.","id":"60137","firedtimes":7,"mail":false,"groups":["windows","windows_security"],"gdpr":["IV_32.2"],"hipaa":["164.312.b"],"nist_800_53":["AC.7","AU.14"],"pci_dss":["10.2.5"],"tsc":["CC6.8","CC7.2","CC7.3"]},"agent":{"id":"003","name":"DESKTOP-KHSEO47","ip":"192.168.1.19"},"manager":{"name":"wazuh"},"id":"1701629234.328004","decoder":{"name":"windows_eventchannel"},"data":{"win":{"system":{"providerName":"Microsoft-Windows-Security-Auditing","providerGuid":"{54849625-5478-4994-a5ba-3e3b0328c30d}","eventID":"4634","version":"0","level":"0","task":"12545","opcode":"0","keywords":"0x8020000000000000","systemTime":"2023-12-03T18:43:06.4833021Z","eventRecordID":"1041312","processID":"1528","threadID":"28928","channel":"Security","computer":"DESKTOP-KHSEO47","severityValue":"AUDIT_SUCCESS","message":"\"An account was logged off.\r\n\r\nSubject:\r\n\tSecurity ID:\t\tS-1-5-21-2287882887-1249231905-139361478-1001\r\n\tAccount Name:\t\tevgen\r\n\tAccount Domain:\t\tDESKTOP-KHSEO47\r\n\tLogon ID:\t\t0xFAC8294\r\n\r\nLogon Type:\t\t\t7\r\n\r\nThis event is generated when a logon session is destroyed. It may be positively correlated with a logon event using the Logon ID value. Logon IDs are only unique between reboots on the same computer.\""},"eventdata":{"targetUserSid":"S-1-5-21-2287882887-1249231905-139361478-1001","targetUserName":"evgen","targetDomainName":"DESKTOP-KHSEO47","targetLogonId":"0xfac8294","logonType":"7"}}},"location":"EventChannel"}
{"timestamp":"2023-12-03T20:47:14.485+0200","rule":{"level":3,"description":"Windows User Logoff.","id":"60137","firedtimes":8,"mail":false,"groups":["windows","windows_security"],"gdpr":["IV_32.2"],"hipaa":["164.312.b"],"nist_800_53":["AC.7","AU.14"],"pci_dss":["10.2.5"],"tsc":["CC6.8","CC7.2","CC7.3"]},"agent":{"id":"003","name":"DESKTOP-KHSEO47","ip":"192.168.1.19"},"manager":{"name":"wazuh"},"id":"1701629234.330510","decoder":{"name":"windows_eventchannel"},"data":{"win":{"system":{"providerName":"Microsoft-Windows-Security-Auditing","providerGuid":"{54849625-5478-4994-a5ba-3e3b0328c30d}","eventID":"4634","version":"0","level":"0","task":"12545","opcode":"0","keywords":"0x8020000000000000","systemTime":"2023-12-03T18:43:06.4834006Z","eventRecordID":"1041313","processID":"1528","threadID":"7116","channel":"Security","computer":"DESKTOP-KHSEO47","severityValue":"AUDIT_SUCCESS","message":"\"An account was logged off.\r\n\r\nSubject:\r\n\tSecurity ID:\t\tS-1-5-21-2287882887-1249231905-139361478-1001\r\n\tAccount Name:\t\tevgen\r\n\tAccount Domain:\t\tDESKTOP-KHSEO47\r\n\tLogon ID:\t\t0xFAC7ACA\r\n\r\nLogon Type:\t\t\t2\r\n\r\nThis event is generated when a logon session is destroyed. It may be positively correlated with a logon event using the Logon ID value. Logon IDs are only unique between reboots on the same computer.\""},"eventdata":{"targetUserSid":"S-1-5-21-2287882887-1249231905-139361478-1001","targetUserName":"evgen","targetDomainName":"DESKTOP-KHSEO47","targetLogonId":"0xfac7aca","logonType":"2"}}},"location":"EventChannel"}
{"timestamp":"2023-12-03T20:47:14.486+0200","rule":{"level":3,"description":"Windows logon success.","id":"60106","mitre":{"id":["T1078"],"tactic":["Defense Evasion","Persistence","Privilege Escalation","Initial Access"],"technique":["Valid Accounts"]},"firedtimes":38,"mail":false,"groups":["windows","windows_security","authentication_success"],"gdpr":["IV_32.2"],"gpg13":["7.1","7.2"],"hipaa":["164.312.b"],"nist_800_53":["AC.7","AU.14"],"pci_dss":["10.2.5"],"tsc":["CC6.8","CC7.2","CC7.3"]},"agent":{"id":"003","name":"DESKTOP-KHSEO47","ip":"192.168.1.19"},"manager":{"name":"wazuh"},"id":"1701629234.333014","decoder":{"name":"windows_eventchannel"},"data":{"win":{"system":{"providerName":"Microsoft-Windows-Security-Auditing","providerGuid":"{54849625-5478-4994-a5ba-3e3b0328c30d}","eventID":"4624","version":"3","level":"0","task":"12544","opcode":"0","keywords":"0x8020000000000000","systemTime":"2023-12-03T18:43:07.3953861Z","eventRecordID":"1041314","processID":"1528","threadID":"28928","channel":"Security","computer":"DESKTOP-KHSEO47","severityValue":"AUDIT_SUCCESS","message":"\"An account was successfully logged on.\r\n\r\nSubject:\r\n\tSecurity ID:\t\tS-1-5-18\r\n\tAccount Name:\t\tDESKTOP-KHSEO47$\r\n\tAccount Domain:\t\tWORKGROUP\r\n\tLogon ID:\t\t0x3E7\r\n\r\nLogon Information:\r\n\tLogon Type:\t\t5\r\n\tRestricted Admin Mode:\t-\r\n\tRemote Credential Guard:\t-\r\n\tVirtual Account:\t\tNo\r\n\tElevated Token:\t\tYes\r\n\r\nImpersonation Level:\t\tImpersonation\r\n\r\nNew Logon:\r\n\tSecurity ID:\t\tS-1-5-18\r\n\tAccount Name:\t\tSYSTEM\r\n\tAccount Domain:\t\tNT AUTHORITY\r\n\tLogon ID:\t\t0x3E7\r\n\tLinked Logon ID:\t\t0x0\r\n\tNetwork Account Name:\t-\r\n\tNetwork Account Domain:\t-\r\n\tLogon GUID:\t\t{00000000-0000-0000-0000-000000000000}\r\n\r\nProcess Information:\r\n\tProcess ID:\t\t0x5cc\r\n\tProcess Name:\t\tC:\\Windows\\System32\\services.exe\r\n\r\nNetwork Information:\r\n\tWorkstation Name:\t-\r\n\tSource Network Address:\t-\r\n\tSource Port:\t\t-\r\n\r\nDetailed Authentication Information:\r\n\tLogon Process:\t\tAdvapi  \r\n\tAuthentication Package:\tNegotiate\r\n\tTransited Services:\t-\r\n\tPackage Name (NTLM only):\t-\r\n\tKey Length:\t\t0\r\n\r\nThis event is generated when a logon session is created. It is generated on the computer that was accessed.\r\n\r\nThe subject fields indicate the account on the local system which requested the logon. This is most commonly a service such as the Server service, or a local process such as Winlogon.exe or Services.exe.\r\n\r\nThe logon type field indicates the kind of logon that occurred. The most common types are 2 (interactive) and 3 (network).\r\n\r\nThe New Logon fields indicate the account for whom the new logon was created, i.e. the account that was logged on.\r\n\r\nThe network fields indicate where a remote logon request originated. Workstation name is not always available and may be left blank in some cases.\r\n\r\nThe impersonation level field indicates the extent to which a process in the logon session can impersonate.\r\n\r\nThe authentication information fields provide detailed information about this specific logon request.\r\n\t- Logon GUID is a unique identifier that can be used to correlate this event with a KDC event.\r\n\t- Transited services indicate which intermediate services have participated in this logon request.\r\n\t- Package name indicates which sub-protocol was used among the NTLM protocols.\r\n\t- Key length indicates the length of the generated session key. This will be 0 if no session key was requested.\""},"eventdata":{"subjectUserSid":"S-1-5-18","subjectUserName":"DESKTOP-KHSEO47$","subjectDomainName":"WORKGROUP","subjectLogonId":"0x3e7","targetUserSid":"S-1-5-18","targetUserName":"SYSTEM","targetDomainName":"NT AUTHORITY","targetLogonId":"0x3e7","logonType":"5","logonProcessName":"Advapi","authenticationPackageName":"Negotiate","logonGuid":"{00000000-0000-0000-0000-000000000000}","keyLength":"0","processId":"0x5cc","processName":"C:\\\\Windows\\\\System32\\\\services.exe","impersonationLevel":"%%1833","virtualAccount":"%%1843","targetLinkedLogonId":"0x0","elevatedToken":"%%1842"}}},"location":"EventChannel"}
{"timestamp":"2023-12-03T20:47:14.865+0200","rule":{"level":3,"description":"Windows logon success.","id":"60106","mitre":{"id":["T1078"],"tactic":["Defense Evasion","Persistence","Privilege Escalation","Initial Access"],"technique":["Valid Accounts"]},"firedtimes":39,"mail":false,"groups":["windows","windows_security","authentication_success"],"gdpr":["IV_32.2"],"gpg13":["7.1","7.2"],"hipaa":["164.312.b"],"nist_800_53":["AC.7","AU.14"],"pci_dss":["10.2.5"],"tsc":["CC6.8","CC7.2","CC7.3"]},"agent":{"id":"003","name":"DESKTOP-KHSEO47","ip":"192.168.1.19"},"manager":{"name":"wazuh"},"id":"1701629234.340407","decoder":{"name":"windows_eventchannel"},"data":{"win":{"system":{"providerName":"Microsoft-Windows-Security-Auditing","providerGuid":"{54849625-5478-4994-a5ba-3e3b0328c30d}","eventID":"4624","version":"3","level":"0","task":"12544","opcode":"0","keywords":"0x8020000000000000","systemTime":"2023-12-03T18:44:17.9388188Z","eventRecordID":"1041445","processID":"1528","threadID":"28928","channel":"Security","computer":"DESKTOP-KHSEO47","severityValue":"AUDIT_SUCCESS","message":"\"An account was successfully logged on.\r\n\r\nSubject:\r\n\tSecurity ID:\t\tS-1-5-18\r\n\tAccount Name:\t\tDESKTOP-KHSEO47$\r\n\tAccount Domain:\t\tWORKGROUP\r\n\tLogon ID:\t\t0x3E7\r\n\r\nLogon Information:\r\n\tLogon Type:\t\t5\r\n\tRestricted Admin Mode:\t-\r\n\tRemote Credential Guard:\t-\r\n\tVirtual Account:\t\tNo\r\n\tElevated Token:\t\tYes\r\n\r\nImpersonation Level:\t\tImpersonation\r\n\r\nNew Logon:\r\n\tSecurity ID:\t\tS-1-5-18\r\n\tAccount Name:\t\tSYSTEM\r\n\tAccount Domain:\t\tNT AUTHORITY\r\n\tLogon ID:\t\t0x3E7\r\n\tLinked Logon ID:\t\t0x0\r\n\tNetwork Account Name:\t-\r\n\tNetwork Account Domain:\t-\r\n\tLogon GUID:\t\t{00000000-0000-0000-0000-000000000000}\r\n\r\nProcess Information:\r\n\tProcess ID:\t\t0x5cc\r\n\tProcess Name:\t\tC:\\Windows\\System32\\services.exe\r\n\r\nNetwork Information:\r\n\tWorkstation Name:\t-\r\n\tSource Network Address:\t-\r\n\tSource Port:\t\t-\r\n\r\nDetailed Authentication Information:\r\n\tLogon Process:\t\tAdvapi  \r\n\tAuthentication Package:\tNegotiate\r\n\tTransited Services:\t-\r\n\tPackage Name (NTLM only):\t-\r\n\tKey Length:\t\t0\r\n\r\nThis event is generated when a logon session is created. It is generated on the computer that was accessed.\r\n\r\nThe subject fields indicate the account on the local system which requested the logon. This is most commonly a service such as the Server service, or a local process such as Winlogon.exe or Services.exe.\r\n\r\nThe logon type field indicates the kind of logon that occurred. The most common types are 2 (interactive) and 3 (network).\r\n\r\nThe New Logon fields indicate the account for whom the new logon was created, i.e. the account that was logged on.\r\n\r\nThe network fields indicate where a remote logon request originated. Workstation name is not always available and may be left blank in some cases.\r\n\r\nThe impersonation level field indicates the extent to which a process in the logon session can impersonate.\r\n\r\nThe authentication information fields provide detailed information about this specific logon request.\r\n\t- Logon GUID is a unique identifier that can be used to correlate this event with a KDC event.\r\n\t- Transited services indicate which intermediate services have participated in this logon request.\r\n\t- Package name indicates which sub-protocol was used among the NTLM protocols.\r\n\t- Key length indicates the length of the generated session key. This will be 0 if no session key was requested.\""},"eventdata":{"subjectUserSid":"S-1-5-18","subjectUserName":"DESKTOP-KHSEO47$","subjectDomainName":"WORKGROUP","subjectLogonId":"0x3e7","targetUserSid":"S-1-5-18","targetUserName":"SYSTEM","targetDomainName":"NT AUTHORITY","targetLogonId":"0x3e7","logonType":"5","logonProcessName":"Advapi","authenticationPackageName":"Negotiate","logonGuid":"{00000000-0000-0000-0000-000000000000}","keyLength":"0","processId":"0x5cc","processName":"C:\\\\Windows\\\\System32\\\\services.exe","impersonationLevel":"%%1833","virtualAccount":"%%1843","targetLinkedLogonId":"0x0","elevatedToken":"%%1842"}}},"location":"EventChannel"}
{"timestamp":"2023-12-03T20:47:15.053+0200","rule":{"level":3,"description":"Windows logon success.","id":"60106","mitre":{"id":["T1078"],"tactic":["Defense Evasion","Persistence","Privilege Escalation","Initial Access"],"technique":["Valid Accounts"]},"firedtimes":40,"mail":false,"groups":["windows","windows_security","authentication_success"],"gdpr":["IV_32.2"],"gpg13":["7.1","7.2"],"hipaa":["164.312.b"],"nist_800_53":["AC.7","AU.14"],"pci_dss":["10.2.5"],"tsc":["CC6.8","CC7.2","CC7.3"]},"agent":{"id":"003","name":"DESKTOP-KHSEO47","ip":"192.168.1.19"},"manager":{"name":"wazuh"},"id":"1701629235.347800","decoder":{"name":"windows_eventchannel"},"data":{"win":{"system":{"providerName":"Microsoft-Windows-Security-Auditing","providerGuid":"{54849625-5478-4994-a5ba-3e3b0328c30d}","eventID":"4624","version":"3","level":"0","task":"12544","opcode":"0","keywords":"0x8020000000000000","systemTime":"2023-12-03T18:45:13.6163213Z","eventRecordID":"1041504","processID":"1528","threadID":"11352","channel":"Security","computer":"DESKTOP-KHSEO47","severityValue":"AUDIT_SUCCESS","message":"\"An account was successfully logged on.\r\n\r\nSubject:\r\n\tSecurity ID:\t\tS-1-5-18\r\n\tAccount Name:\t\tDESKTOP-KHSEO47$\r\n\tAccount Domain:\t\tWORKGROUP\r\n\tLogon ID:\t\t0x3E7\r\n\r\nLogon Information:\r\n\tLogon Type:\t\t5\r\n\tRestricted Admin Mode:\t-\r\n\tRemote Credential Guard:\t-\r\n\tVirtual Account:\t\tNo\r\n\tElevated Token:\t\tYes\r\n\r\nImpersonation Level:\t\tImpersonation\r\n\r\nNew Logon:\r\n\tSecurity ID:\t\tS-1-5-18\r\n\tAccount Name:\t\tSYSTEM\r\n\tAccount Domain:\t\tNT AUTHORITY\r\n\tLogon ID:\t\t0x3E7\r\n\tLinked Logon ID:\t\t0x0\r\n\tNetwork Account Name:\t-\r\n\tNetwork Account Domain:\t-\r\n\tLogon GUID:\t\t{00000000-0000-0000-0000-000000000000}\r\n\r\nProcess Information:\r\n\tProcess ID:\t\t0x5cc\r\n\tProcess Name:\t\tC:\\Windows\\System32\\services.exe\r\n\r\nNetwork Information:\r\n\tWorkstation Name:\t-\r\n\tSource Network Address:\t-\r\n\tSource Port:\t\t-\r\n\r\nDetailed Authentication Information:\r\n\tLogon Process:\t\tAdvapi  \r\n\tAuthentication Package:\tNegotiate\r\n\tTransited Services:\t-\r\n\tPackage Name (NTLM only):\t-\r\n\tKey Length:\t\t0\r\n\r\nThis event is generated when a logon session is created. It is generated on the computer that was accessed.\r\n\r\nThe subject fields indicate the account on the local system which requested the logon. This is most commonly a service such as the Server service, or a local process such as Winlogon.exe or Services.exe.\r\n\r\nThe logon type field indicates the kind of logon that occurred. The most common types are 2 (interactive) and 3 (network).\r\n\r\nThe New Logon fields indicate the account for whom the new logon was created, i.e. the account that was logged on.\r\n\r\nThe network fields indicate where a remote logon request originated. Workstation name is not always available and may be left blank in some cases.\r\n\r\nThe impersonation level field indicates the extent to which a process in the logon session can impersonate.\r\n\r\nThe authentication information fields provide detailed information about this specific logon request.\r\n\t- Logon GUID is a unique identifier that can be used to correlate this event with a KDC event.\r\n\t- Transited services indicate which intermediate services have participated in this logon request.\r\n\t- Package name indicates which sub-protocol was used among the NTLM protocols.\r\n\t- Key length indicates the length of the generated session key. This will be 0 if no session key was requested.\""},"eventdata":{"subjectUserSid":"S-1-5-18","subjectUserName":"DESKTOP-KHSEO47$","subjectDomainName":"WORKGROUP","subjectLogonId":"0x3e7","targetUserSid":"S-1-5-18","targetUserName":"SYSTEM","targetDomainName":"NT AUTHORITY","targetLogonId":"0x3e7","logonType":"5","logonProcessName":"Advapi","authenticationPackageName":"Negotiate","logonGuid":"{00000000-0000-0000-0000-000000000000}","keyLength":"0","processId":"0x5cc","processName":"C:\\\\Windows\\\\System32\\\\services.exe","impersonationLevel":"%%1833","virtualAccount":"%%1843","targetLinkedLogonId":"0x0","elevatedToken":"%%1842"}}},"location":"EventChannel"}
{"timestamp":"2023-12-03T20:47:16.344+0200","rule":{"level":3,"description":"Wazuh server started.","id":"502","firedtimes":1,"mail":false,"groups":["ossec"],"pci_dss":["10.6.1"],"gpg13":["10.1"],"gdpr":["IV_35.7.d"],"hipaa":["164.312.b"],"nist_800_53":["AU.6"],"tsc":["CC7.2","CC7.3"]},"agent":{"id":"000","name":"wazuh"},"manager":{"name":"wazuh"},"id":"1701629236.355193","full_log":"ossec: Manager started.","decoder":{"name":"ossec"},"location":"wazuh-monitord"}
{"timestamp":"2023-12-03T20:47:19.105+0200","rule":{"level":3,"description":"PAM: Login session opened.","id":"5501","mitre":{"id":["T1078"],"tactic":["Defense Evasion","Persistence","Privilege Escalation","Initial Access"],"technique":["Valid Accounts"]},"firedtimes":1,"mail":false,"groups":["pam","syslog","authentication_success"],"pci_dss":["10.2.5"],"gpg13":["7.8","7.9"],"gdpr":["IV_32.2"],"hipaa":["164.312.b"],"nist_800_53":["AU.14","AC.7"],"tsc":["CC6.8","CC7.2","CC7.3"]},"agent":{"id":"000","name":"wazuh"},"manager":{"name":"wazuh"},"id":"1701629239.355439","full_log":"Dec  3 20:47:17 wazuh systemd: pam_unix(systemd-user:session): session opened for user wazuh(uid=1000) by (uid=0)","predecoder":{"program_name":"systemd","timestamp":"Dec  3 20:47:17","hostname":"wazuh"},"decoder":{"parent":"pam","name":"pam"},"data":{"dstuser":"wazuh(uid=1000)","uid":"0"},"location":"/var/log/auth.log"}
{"timestamp":"2023-12-03T20:47:21.109+0200","rule":{"level":3,"description":"Apparmor DENIED","id":"52002","firedtimes":1,"mail":false,"groups":["local","syslog","apparmor"]},"agent":{"id":"000","name":"wazuh"},"manager":{"name":"wazuh"},"id":"1701629241.355876","full_log":"Dec  3 20:47:19 wazuh kernel: [   52.171894] audit: type=1400 audit(1701629239.921:51): apparmor=\"DENIED\" operation=\"capable\" class=\"cap\" profile=\"/snap/snapd/20290/usr/lib/snapd/snap-confine\" pid=2553 comm=\"snap-confine\" capability=12  capname=\"net_admin\"","predecoder":{"program_name":"kernel","timestamp":"Dec  3 20:47:19","hostname":"wazuh"},"decoder":{"parent":"kernel","name":"kernel"},"data":{"status":"DENIED","extra_data":"capable"},"location":"/var/log/syslog"}
{"timestamp":"2023-12-03T20:47:21.109+0200","rule":{"level":3,"description":"Apparmor DENIED","id":"52002","firedtimes":2,"mail":false,"groups":["local","syslog","apparmor"]},"agent":{"id":"000","name":"wazuh"},"manager":{"name":"wazuh"},"id":"1701629241.356274","full_log":"Dec  3 20:47:19 wazuh kernel: [   52.173866] audit: type=1400 audit(1701629239.925:52): apparmor=\"DENIED\" operation=\"capable\" class=\"cap\" profile=\"/snap/snapd/20290/usr/lib/snapd/snap-confine\" pid=2553 comm=\"snap-confine\" capability=38  capname=\"perfmon\"","predecoder":{"program_name":"kernel","timestamp":"Dec  3 20:47:19","hostname":"wazuh"},"decoder":{"parent":"kernel","name":"kernel"},"data":{"status":"DENIED","extra_data":"capable"},"location":"/var/log/syslog"}
{"timestamp":"2023-12-03T20:47:21.113+0200","rule":{"level":3,"description":"Apparmor DENIED","id":"52002","firedtimes":3,"mail":false,"groups":["local","syslog","apparmor"]},"agent":{"id":"000","name":"wazuh"},"manager":{"name":"wazuh"},"id":"1701629241.356670","full_log":"Dec  3 20:47:19 wazuh kernel: [   52.171894] audit: type=1400 audit(1701629239.921:51): apparmor=\"DENIED\" operation=\"capable\" class=\"cap\" profile=\"/snap/snapd/20290/usr/lib/snapd/snap-confine\" pid=2553 comm=\"snap-confine\" capability=12  capname=\"net_admin\"","predecoder":{"program_name":"kernel","timestamp":"Dec  3 20:47:19","hostname":"wazuh"},"decoder":{"parent":"kernel","name":"kernel"},"data":{"status":"DENIED","extra_data":"capable"},"location":"/var/log/kern.log"}
{"timestamp":"2023-12-03T20:47:21.114+0200","rule":{"level":3,"description":"Apparmor DENIED","id":"52002","firedtimes":4,"mail":false,"groups":["local","syslog","apparmor"]},"agent":{"id":"000","name":"wazuh"},"manager":{"name":"wazuh"},"id":"1701629241.357070","full_log":"Dec  3 20:47:19 wazuh kernel: [   52.173866] audit: type=1400 audit(1701629239.925:52): apparmor=\"DENIED\" operation=\"capable\" class=\"cap\" profile=\"/snap/snapd/20290/usr/lib/snapd/snap-confine\" pid=2553 comm=\"snap-confine\" capability=38  capname=\"perfmon\"","predecoder":{"program_name":"kernel","timestamp":"Dec  3 20:47:19","hostname":"wazuh"},"decoder":{"parent":"kernel","name":"kernel"},"data":{"status":"DENIED","extra_data":"capable"},"location":"/var/log/kern.log"}
{"timestamp":"2023-12-03T20:47:22.037+0200","rule":{"level":3,"description":"Active response: restart-wazuh.exe - add","id":"657","firedtimes":1,"mail":false,"groups":["ossec","active_response"],"pci_dss":["11.4"],"gdpr":["IV_35.7.d"],"nist_800_53":["SI.4"],"tsc":["CC6.1","CC6.8","CC7.2","CC7.3","CC7.4"]},"agent":{"id":"003","name":"DESKTOP-KHSEO47","ip":"192.168.1.19"},"manager":{"name":"wazuh"},"id":"1701629242.357468","full_log":"2023/12/03 20:47:20 active-response/bin/restart-wazuh.exe: {\"version\":1,\"origin\":{\"name\":\"\",\"module\":\"wazuh-execd\"},\"command\":\"add\",\"parameters\":{\"extra_args\":[],\"alert\":{},\"program\":\"restart-wazuh.exe\"}}","decoder":{"parent":"ar_log_json","name":"ar_log_json"},"data":{"version":"1","origin":{"module":"wazuh-execd"},"command":"add","parameters":{"extra_args":[],"program":"restart-wazuh.exe"}},"location":"active-response\\active-responses.log"}
{"timestamp":"2023-12-03T20:47:22.192+0200","rule":{"level":3,"description":"Wazuh agent stopped.","id":"506","mitre":{"id":["T1562.001"],"tactic":["Defense Evasion"],"technique":["Disable or Modify Tools"]},"firedtimes":1,"mail":false,"groups":["ossec"],"pci_dss":["10.6.1","10.2.6"],"gpg13":["10.1"],"gdpr":["IV_35.7.d"],"hipaa":["164.312.b"],"nist_800_53":["AU.6","AU.14","AU.5"],"tsc":["CC7.2","CC7.3","CC6.8"]},"agent":{"id":"003","name":"DESKTOP-KHSEO47","ip":"192.168.1.19"},"manager":{"name":"wazuh"},"id":"1701629242.358084","full_log":"ossec: Agent stopped: 'DESKTOP-KHSEO47->any'.","decoder":{"parent":"ossec","name":"ossec"},"data":{"extra_data":"DESKTOP-KHSEO47->any"},"location":"wazuh-remoted"}
{"timestamp":"2023-12-03T20:47:37.879+0200","rule":{"level":3,"description":"Wazuh agent started.","id":"503","firedtimes":1,"mail":false,"groups":["ossec"],"pci_dss":["10.6.1","10.2.6"],"gpg13":["10.1"],"gdpr":["IV_35.7.d"],"hipaa":["164.312.b"],"nist_800_53":["AU.6","AU.14","AU.5"],"tsc":["CC7.2","CC7.3","CC6.8"]},"agent":{"id":"003","name":"DESKTOP-KHSEO47","ip":"192.168.1.19"},"manager":{"name":"wazuh"},"id":"1701629257.358426","full_log":"ossec: Agent started: 'DESKTOP-KHSEO47->any'.","decoder":{"parent":"ossec","name":"ossec"},"data":{"extra_data":"DESKTOP-KHSEO47->any"},"location":"wazuh-agent"}
{"timestamp":"2023-12-03T20:47:45.140+0200","rule":{"level":5,"description":"Systemd: Service exited due to a failure.","id":"40704","firedtimes":1,"mail":false,"groups":["local","systemd"],"gpg13":["4.3"],"gdpr":["IV_35.7.d"]},"agent":{"id":"000","name":"wazuh"},"manager":{"name":"wazuh"},"id":"1701629265.358766","full_log":"Dec  3 20:47:43 wazuh systemd[1349]: xdg-permission-store.service: Main process exited, code=exited, status=1/FAILURE","predecoder":{"program_name":"systemd","timestamp":"Dec  3 20:47:43","hostname":"wazuh"},"decoder":{"name":"systemd"},"location":"/var/log/syslog"}
{"timestamp":"2023-12-03T20:48:05.330+0200","rule":{"level":3,"description":"Windows logon success.","id":"60106","mitre":{"id":["T1078"],"tactic":["Defense Evasion","Persistence","Privilege Escalation","Initial Access"],"technique":["Valid Accounts"]},"firedtimes":41,"mail":false,"groups":["windows","windows_security","authentication_success"],"gdpr":["IV_32.2"],"gpg13":["7.1","7.2"],"hipaa":["164.312.b"],"nist_800_53":["AC.7","AU.14"],"pci_dss":["10.2.5"],"tsc":["CC6.8","CC7.2","CC7.3"]},"agent":{"id":"003","name":"DESKTOP-KHSEO47","ip":"192.168.1.19"},"manager":{"name":"wazuh"},"id":"1701629285.359068","decoder":{"name":"windows_eventchannel"},"data":{"win":{"system":{"providerName":"Microsoft-Windows-Security-Auditing","providerGuid":"{54849625-5478-4994-a5ba-3e3b0328c30d}","eventID":"4624","version":"3","level":"0","task":"12544","opcode":"0","keywords":"0x8020000000000000","systemTime":"2023-12-03T18:48:03.6630146Z","eventRecordID":"1041520","processID":"1528","threadID":"1608","channel":"Security","computer":"DESKTOP-KHSEO47","severityValue":"AUDIT_SUCCESS","message":"\"An account was successfully logged on.\r\n\r\nSubject:\r\n\tSecurity ID:\t\tS-1-5-18\r\n\tAccount Name:\t\tDESKTOP-KHSEO47$\r\n\tAccount Domain:\t\tWORKGROUP\r\n\tLogon ID:\t\t0x3E7\r\n\r\nLogon Information:\r\n\tLogon Type:\t\t5\r\n\tRestricted Admin Mode:\t-\r\n\tRemote Credential Guard:\t-\r\n\tVirtual Account:\t\tNo\r\n\tElevated Token:\t\tYes\r\n\r\nImpersonation Level:\t\tImpersonation\r\n\r\nNew Logon:\r\n\tSecurity ID:\t\tS-1-5-18\r\n\tAccount Name:\t\tSYSTEM\r\n\tAccount Domain:\t\tNT AUTHORITY\r\n\tLogon ID:\t\t0x3E7\r\n\tLinked Logon ID:\t\t0x0\r\n\tNetwork Account Name:\t-\r\n\tNetwork Account Domain:\t-\r\n\tLogon GUID:\t\t{00000000-0000-0000-0000-000000000000}\r\n\r\nProcess Information:\r\n\tProcess ID:\t\t0x5cc\r\n\tProcess Name:\t\tC:\\Windows\\System32\\services.exe\r\n\r\nNetwork Information:\r\n\tWorkstation Name:\t-\r\n\tSource Network Address:\t-\r\n\tSource Port:\t\t-\r\n\r\nDetailed Authentication Information:\r\n\tLogon Process:\t\tAdvapi  \r\n\tAuthentication Package:\tNegotiate\r\n\tTransited Services:\t-\r\n\tPackage Name (NTLM only):\t-\r\n\tKey Length:\t\t0\r\n\r\nThis event is generated when a logon session is created. It is generated on the computer that was accessed.\r\n\r\nThe subject fields indicate the account on the local system which requested the logon. This is most commonly a service such as the Server service, or a local process such as Winlogon.exe or Services.exe.\r\n\r\nThe logon type field indicates the kind of logon that occurred. The most common types are 2 (interactive) and 3 (network).\r\n\r\nThe New Logon fields indicate the account for whom the new logon was created, i.e. the account that was logged on.\r\n\r\nThe network fields indicate where a remote logon request originated. Workstation name is not always available and may be left blank in some cases.\r\n\r\nThe impersonation level field indicates the extent to which a process in the logon session can impersonate.\r\n\r\nThe authentication information fields provide detailed information about this specific logon request.\r\n\t- Logon GUID is a unique identifier that can be used to correlate this event with a KDC event.\r\n\t- Transited services indicate which intermediate services have participated in this logon request.\r\n\t- Package name indicates which sub-protocol was used among the NTLM protocols.\r\n\t- Key length indicates the length of the generated session key. This will be 0 if no session key was requested.\""},"eventdata":{"subjectUserSid":"S-1-5-18","subjectUserName":"DESKTOP-KHSEO47$","subjectDomainName":"WORKGROUP","subjectLogonId":"0x3e7","targetUserSid":"S-1-5-18","targetUserName":"SYSTEM","targetDomainName":"NT AUTHORITY","targetLogonId":"0x3e7","logonType":"5","logonProcessName":"Advapi","authenticationPackageName":"Negotiate","logonGuid":"{00000000-0000-0000-0000-000000000000}","keyLength":"0","processId":"0x5cc","processName":"C:\\\\Windows\\\\System32\\\\services.exe","impersonationLevel":"%%1833","virtualAccount":"%%1843","targetLinkedLogonId":"0x0","elevatedToken":"%%1842"}}},"location":"EventChannel"}
{"timestamp":"2023-12-03T20:48:35.276+0200","rule":{"level":3,"description":"PAM: Login session opened.","id":"5501","mitre":{"id":["T1078"],"tactic":["Defense Evasion","Persistence","Privilege Escalation","Initial Access"],"technique":["Valid Accounts"]},"firedtimes":2,"mail":false,"groups":["pam","syslog","authentication_success"],"pci_dss":["10.2.5"],"gpg13":["7.8","7.9"],"gdpr":["IV_32.2"],"hipaa":["164.312.b"],"nist_800_53":["AU.14","AC.7"],"tsc":["CC6.8","CC7.2","CC7.3"]},"agent":{"id":"000","name":"wazuh"},"manager":{"name":"wazuh"},"id":"1701629315.366459","full_log":"Dec  3 20:48:35 wazuh pkexec: pam_unix(polkit-1:session): session opened for user root(uid=0) by (uid=1000)","predecoder":{"program_name":"pkexec","timestamp":"Dec  3 20:48:35","hostname":"wazuh"},"decoder":{"parent":"pam","name":"pam"},"data":{"dstuser":"root(uid=0)","uid":"1000"},"location":"/var/log/auth.log"}
{"timestamp":"2023-12-03T20:51:38.281+0200","rule":{"level":3,"description":"Apparmor DENIED","id":"52002","firedtimes":5,"mail":false,"groups":["local","syslog","apparmor"]},"agent":{"id":"000","name":"wazuh"},"manager":{"name":"wazuh"},"id":"1701629498.366889","full_log":"Dec  3 20:51:38 wazuh kernel: [  310.513948] audit: type=1400 audit(1701629498.224:53): apparmor=\"DENIED\" operation=\"open\" class=\"file\" profile=\"snap-update-ns.firefox\" name=\"/var/lib/\" pid=5001 comm=\"5\" requested_mask=\"r\" denied_mask=\"r\" fsuid=0 ouid=0","predecoder":{"program_name":"kernel","timestamp":"Dec  3 20:51:38","hostname":"wazuh"},"decoder":{"parent":"kernel","name":"kernel"},"data":{"status":"DENIED","extra_data":"open"},"location":"/var/log/syslog"}
{"timestamp":"2023-12-03T20:51:38.283+0200","rule":{"level":3,"description":"Apparmor DENIED","id":"52002","firedtimes":6,"mail":false,"groups":["local","syslog","apparmor"]},"agent":{"id":"000","name":"wazuh"},"manager":{"name":"wazuh"},"id":"1701629498.367284","full_log":"Dec  3 20:51:38 wazuh kernel: [  310.523891] audit: type=1400 audit(1701629498.236:54): apparmor=\"DENIED\" operation=\"open\" class=\"file\" profile=\"snap-update-ns.firefox\" name=\"/var/lib/\" pid=5001 comm=\"5\" requested_mask=\"r\" denied_mask=\"r\" fsuid=0 ouid=0","predecoder":{"program_name":"kernel","timestamp":"Dec  3 20:51:38","hostname":"wazuh"},"decoder":{"parent":"kernel","name":"kernel"},"data":{"status":"DENIED","extra_data":"open"},"location":"/var/log/syslog"}
{"timestamp":"2023-12-03T20:51:38.284+0200","rule":{"level":3,"description":"Apparmor DENIED","id":"52002","firedtimes":7,"mail":false,"groups":["local","syslog","apparmor"]},"agent":{"id":"000","name":"wazuh"},"manager":{"name":"wazuh"},"id":"1701629498.367679","full_log":"Dec  3 20:51:38 wazuh kernel: [  310.513948] audit: type=1400 audit(1701629498.224:53): apparmor=\"DENIED\" operation=\"open\" class=\"file\" profile=\"snap-update-ns.firefox\" name=\"/var/lib/\" pid=5001 comm=\"5\" requested_mask=\"r\" denied_mask=\"r\" fsuid=0 ouid=0","predecoder":{"program_name":"kernel","timestamp":"Dec  3 20:51:38","hostname":"wazuh"},"decoder":{"parent":"kernel","name":"kernel"},"data":{"status":"DENIED","extra_data":"open"},"location":"/var/log/kern.log"}
{"timestamp":"2023-12-03T20:51:38.284+0200","rule":{"level":3,"description":"Apparmor DENIED","id":"52002","firedtimes":8,"mail":false,"groups":["local","syslog","apparmor"]},"agent":{"id":"000","name":"wazuh"},"manager":{"name":"wazuh"},"id":"1701629498.368076","full_log":"Dec  3 20:51:38 wazuh kernel: [  310.523891] audit: type=1400 audit(1701629498.236:54): apparmor=\"DENIED\" operation=\"open\" class=\"file\" profile=\"snap-update-ns.firefox\" name=\"/var/lib/\" pid=5001 comm=\"5\" requested_mask=\"r\" denied_mask=\"r\" fsuid=0 ouid=0","predecoder":{"program_name":"kernel","timestamp":"Dec  3 20:51:38","hostname":"wazuh"},"decoder":{"parent":"kernel","name":"kernel"},"data":{"status":"DENIED","extra_data":"open"},"location":"/var/log/kern.log"}
{"timestamp":"2023-12-03T20:51:56.855+0200","rule":{"level":3,"description":"Windows logon success.","id":"60106","mitre":{"id":["T1078"],"tactic":["Defense Evasion","Persistence","Privilege Escalation","Initial Access"],"technique":["Valid Accounts"]},"firedtimes":42,"mail":false,"groups":["windows","windows_security","authentication_success"],"gdpr":["IV_32.2"],"gpg13":["7.1","7.2"],"hipaa":["164.312.b"],"nist_800_53":["AC.7","AU.14"],"pci_dss":["10.2.5"],"tsc":["CC6.8","CC7.2","CC7.3"]},"agent":{"id":"003","name":"DESKTOP-KHSEO47","ip":"192.168.1.19"},"manager":{"name":"wazuh"},"id":"1701629516.368473","decoder":{"name":"windows_eventchannel"},"data":{"win":{"system":{"providerName":"Microsoft-Windows-Security-Auditing","providerGuid":"{54849625-5478-4994-a5ba-3e3b0328c30d}","eventID":"4624","version":"3","level":"0","task":"12544","opcode":"0","keywords":"0x8020000000000000","systemTime":"2023-12-03T18:51:55.2071879Z","eventRecordID":"1041528","processID":"1528","threadID":"11352","channel":"Security","computer":"DESKTOP-KHSEO47","severityValue":"AUDIT_SUCCESS","message":"\"An account was successfully logged on.\r\n\r\nSubject:\r\n\tSecurity ID:\t\tS-1-5-18\r\n\tAccount Name:\t\tDESKTOP-KHSEO47$\r\n\tAccount Domain:\t\tWORKGROUP\r\n\tLogon ID:\t\t0x3E7\r\n\r\nLogon Information:\r\n\tLogon Type:\t\t5\r\n\tRestricted Admin Mode:\t-\r\n\tRemote Credential Guard:\t-\r\n\tVirtual Account:\t\tNo\r\n\tElevated Token:\t\tYes\r\n\r\nImpersonation Level:\t\tImpersonation\r\n\r\nNew Logon:\r\n\tSecurity ID:\t\tS-1-5-18\r\n\tAccount Name:\t\tSYSTEM\r\n\tAccount Domain:\t\tNT AUTHORITY\r\n\tLogon ID:\t\t0x3E7\r\n\tLinked Logon ID:\t\t0x0\r\n\tNetwork Account Name:\t-\r\n\tNetwork Account Domain:\t-\r\n\tLogon GUID:\t\t{00000000-0000-0000-0000-000000000000}\r\n\r\nProcess Information:\r\n\tProcess ID:\t\t0x5cc\r\n\tProcess Name:\t\tC:\\Windows\\System32\\services.exe\r\n\r\nNetwork Information:\r\n\tWorkstation Name:\t-\r\n\tSource Network Address:\t-\r\n\tSource Port:\t\t-\r\n\r\nDetailed Authentication Information:\r\n\tLogon Process:\t\tAdvapi  \r\n\tAuthentication Package:\tNegotiate\r\n\tTransited Services:\t-\r\n\tPackage Name (NTLM only):\t-\r\n\tKey Length:\t\t0\r\n\r\nThis event is generated when a logon session is created. It is generated on the computer that was accessed.\r\n\r\nThe subject fields indicate the account on the local system which requested the logon. This is most commonly a service such as the Server service, or a local process such as Winlogon.exe or Services.exe.\r\n\r\nThe logon type field indicates the kind of logon that occurred. The most common types are 2 (interactive) and 3 (network).\r\n\r\nThe New Logon fields indicate the account for whom the new logon was created, i.e. the account that was logged on.\r\n\r\nThe network fields indicate where a remote logon request originated. Workstation name is not always available and may be left blank in some cases.\r\n\r\nThe impersonation level field indicates the extent to which a process in the logon session can impersonate.\r\n\r\nThe authentication information fields provide detailed information about this specific logon request.\r\n\t- Logon GUID is a unique identifier that can be used to correlate this event with a KDC event.\r\n\t- Transited services indicate which intermediate services have participated in this logon request.\r\n\t- Package name indicates which sub-protocol was used among the NTLM protocols.\r\n\t- Key length indicates the length of the generated session key. This will be 0 if no session key was requested.\""},"eventdata":{"subjectUserSid":"S-1-5-18","subjectUserName":"DESKTOP-KHSEO47$","subjectDomainName":"WORKGROUP","subjectLogonId":"0x3e7","targetUserSid":"S-1-5-18","targetUserName":"SYSTEM","targetDomainName":"NT AUTHORITY","targetLogonId":"0x3e7","logonType":"5","logonProcessName":"Advapi","authenticationPackageName":"Negotiate","logonGuid":"{00000000-0000-0000-0000-000000000000}","keyLength":"0","processId":"0x5cc","processName":"C:\\\\Windows\\\\System32\\\\services.exe","impersonationLevel":"%%1833","virtualAccount":"%%1843","targetLinkedLogonId":"0x0","elevatedToken":"%%1842"}}},"location":"EventChannel"}
